{"meta": {"format": 3, "version": "7.12.0", "timestamp": "2025-11-20T01:39:45.298731", "branch_coverage": false, "show_contexts": false}, "files": {"rev/__init__.py": {"executed_lines": [3, 5, 8, 11, 19, 25, 92, 94], "summary": {"covered_lines": 7, "num_statements": 7, "percent_covered": 100.0, "percent_covered_display": "100.00", "missing_lines": 0, "excluded_lines": 0, "percent_statements_covered": 100.0, "percent_statements_covered_display": "100.00"}, "missing_lines": [], "excluded_lines": [], "functions": {"": {"executed_lines": [3, 5, 8, 11, 19, 25, 92, 94], "summary": {"covered_lines": 7, "num_statements": 7, "percent_covered": 100.0, "percent_covered_display": "100.00", "missing_lines": 0, "excluded_lines": 0, "percent_statements_covered": 100.0, "percent_statements_covered_display": "100.00"}, "missing_lines": [], "excluded_lines": []}}, "classes": {"": {"executed_lines": [3, 5, 8, 11, 19, 25, 92, 94], "summary": {"covered_lines": 7, "num_statements": 7, "percent_covered": 100.0, "percent_covered_display": "100.00", "missing_lines": 0, "excluded_lines": 0, "percent_statements_covered": 100.0, "percent_statements_covered_display": "100.00"}, "missing_lines": [], "excluded_lines": []}}}, "rev/__main__.py": {"executed_lines": [], "summary": {"covered_lines": 0, "num_statements": 1, "percent_covered": 0.0, "percent_covered_display": "0.00", "missing_lines": 1, "excluded_lines": 2, "percent_statements_covered": 0.0, "percent_statements_covered_display": "0.00"}, "missing_lines": [5], "excluded_lines": [7, 8], "functions": {"": {"executed_lines": [], "summary": {"covered_lines": 0, "num_statements": 1, "percent_covered": 0.0, "percent_covered_display": "0.00", "missing_lines": 1, "excluded_lines": 2, "percent_statements_covered": 0.0, "percent_statements_covered_display": "0.00"}, "missing_lines": [5], "excluded_lines": [7, 8]}}, "classes": {"": {"executed_lines": [], "summary": {"covered_lines": 0, "num_statements": 1, "percent_covered": 0.0, "percent_covered_display": "0.00", "missing_lines": 1, "excluded_lines": 2, "percent_statements_covered": 0.0, "percent_statements_covered_display": "0.00"}, "missing_lines": [5], "excluded_lines": [7, 8]}}}, "rev/cache/__init__.py": {"executed_lines": [3, 5, 7, 8, 15, 33, 34, 35, 36, 39, 49, 51, 54, 59, 61, 64, 69, 79, 87], "summary": {"covered_lines": 18, "num_statements": 33, "percent_covered": 54.54545454545455, "percent_covered_display": "54.55", "missing_lines": 15, "excluded_lines": 0, "percent_statements_covered": 54.54545454545455, "percent_statements_covered_display": "54.55"}, "missing_lines": [43, 44, 45, 46, 56, 66, 71, 81, 82, 83, 84, 89, 90, 91, 92], "excluded_lines": [], "functions": {"initialize_caches": {"executed_lines": [], "summary": {"covered_lines": 0, "num_statements": 4, "percent_covered": 0.0, "percent_covered_display": "0.00", "missing_lines": 4, "excluded_lines": 0, "percent_statements_covered": 0.0, "percent_statements_covered_display": "0.00"}, "missing_lines": [43, 44, 45, 46], "excluded_lines": []}, "get_file_cache": {"executed_lines": [51], "summary": {"covered_lines": 1, "num_statements": 1, "percent_covered": 100.0, "percent_covered_display": "100.00", "missing_lines": 0, "excluded_lines": 0, "percent_statements_covered": 100.0, "percent_statements_covered_display": "100.00"}, "missing_lines": [], "excluded_lines": []}, "get_llm_cache": {"executed_lines": [], "summary": {"covered_lines": 0, "num_statements": 1, "percent_covered": 0.0, "percent_covered_display": "0.00", "missing_lines": 1, "excluded_lines": 0, "percent_statements_covered": 0.0, "percent_statements_covered_display": "0.00"}, "missing_lines": [56], "excluded_lines": []}, "get_repo_cache": {"executed_lines": [61], "summary": {"covered_lines": 1, "num_statements": 1, "percent_covered": 100.0, "percent_covered_display": "100.00", "missing_lines": 0, "excluded_lines": 0, "percent_statements_covered": 100.0, "percent_statements_covered_display": "100.00"}, "missing_lines": [], "excluded_lines": []}, "get_dep_cache": {"executed_lines": [], "summary": {"covered_lines": 0, "num_statements": 1, "percent_covered": 0.0, "percent_covered_display": "0.00", "missing_lines": 1, "excluded_lines": 0, "percent_statements_covered": 0.0, "percent_statements_covered_display": "0.00"}, "missing_lines": [66], "excluded_lines": []}, "get_all_cache_stats": {"executed_lines": [], "summary": {"covered_lines": 0, "num_statements": 1, "percent_covered": 0.0, "percent_covered_display": "0.00", "missing_lines": 1, "excluded_lines": 0, "percent_statements_covered": 0.0, "percent_statements_covered_display": "0.00"}, "missing_lines": [71], "excluded_lines": []}, "clear_all_caches": {"executed_lines": [], "summary": {"covered_lines": 0, "num_statements": 4, "percent_covered": 0.0, "percent_covered_display": "0.00", "missing_lines": 4, "excluded_lines": 0, "percent_statements_covered": 0.0, "percent_statements_covered_display": "0.00"}, "missing_lines": [81, 82, 83, 84], "excluded_lines": []}, "save_all_caches": {"executed_lines": [], "summary": {"covered_lines": 0, "num_statements": 4, "percent_covered": 0.0, "percent_covered_display": "0.00", "missing_lines": 4, "excluded_lines": 0, "percent_statements_covered": 0.0, "percent_statements_covered_display": "0.00"}, "missing_lines": [89, 90, 91, 92], "excluded_lines": []}, "": {"executed_lines": [3, 5, 7, 8, 15, 33, 34, 35, 36, 39, 49, 54, 59, 64, 69, 79, 87], "summary": {"covered_lines": 16, "num_statements": 16, "percent_covered": 100.0, "percent_covered_display": "100.00", "missing_lines": 0, "excluded_lines": 0, "percent_statements_covered": 100.0, "percent_statements_covered_display": "100.00"}, "missing_lines": [], "excluded_lines": []}}, "classes": {"": {"executed_lines": [3, 5, 7, 8, 15, 33, 34, 35, 36, 39, 49, 51, 54, 59, 61, 64, 69, 79, 87], "summary": {"covered_lines": 18, "num_statements": 33, "percent_covered": 54.54545454545455, "percent_covered_display": "54.55", "missing_lines": 15, "excluded_lines": 0, "percent_statements_covered": 54.54545454545455, "percent_statements_covered_display": "54.55"}, "missing_lines": [43, 44, 45, 46, 56, 66, 71, 81, 82, 83, 84, 89, 90, 91, 92], "excluded_lines": []}}}, "rev/cache/base.py": {"executed_lines": [3, 5, 6, 7, 8, 9, 10, 11, 12, 15, 16, 17, 18, 19, 20, 21, 22, 23, 26, 27, 38, 69, 83, 89, 99, 111, 136, 171, 180, 186, 210, 228], "summary": {"covered_lines": 29, "num_statements": 126, "percent_covered": 23.015873015873016, "percent_covered_display": "23.02", "missing_lines": 97, "excluded_lines": 0, "percent_statements_covered": 23.015873015873016, "percent_statements_covered_display": "23.02"}, "missing_lines": [46, 47, 48, 49, 50, 53, 54, 57, 66, 67, 71, 72, 73, 74, 75, 76, 77, 79, 80, 81, 85, 86, 87, 91, 92, 95, 96, 97, 101, 106, 107, 108, 109, 113, 114, 115, 116, 118, 121, 122, 123, 124, 125, 126, 129, 130, 131, 133, 134, 138, 140, 143, 144, 145, 148, 150, 151, 152, 155, 164, 165, 168, 169, 173, 174, 175, 176, 177, 178, 182, 183, 184, 188, 189, 190, 195, 212, 213, 215, 216, 217, 221, 222, 223, 224, 226, 230, 231, 233, 234, 235, 236, 237, 240, 241, 243, 244], "excluded_lines": [], "functions": {"IntelligentCache.__init__": {"executed_lines": [], "summary": {"covered_lines": 0, "num_statements": 10, "percent_covered": 0.0, "percent_covered_display": "0.00", "missing_lines": 10, "excluded_lines": 0, "percent_statements_covered": 0.0, "percent_statements_covered_display": "0.00"}, "missing_lines": [46, 47, 48, 49, 50, 53, 54, 57, 66, 67], "excluded_lines": []}, "IntelligentCache._compute_size": {"executed_lines": [], "summary": {"covered_lines": 0, "num_statements": 10, "percent_covered": 0.0, "percent_covered_display": "0.00", "missing_lines": 10, "excluded_lines": 0, "percent_statements_covered": 0.0, "percent_statements_covered_display": "0.00"}, "missing_lines": [71, 72, 73, 74, 75, 76, 77, 79, 80, 81], "excluded_lines": []}, "IntelligentCache._is_expired": {"executed_lines": [], "summary": {"covered_lines": 0, "num_statements": 3, "percent_covered": 0.0, "percent_covered_display": "0.00", "missing_lines": 3, "excluded_lines": 0, "percent_statements_covered": 0.0, "percent_statements_covered_display": "0.00"}, "missing_lines": [85, 86, 87], "excluded_lines": []}, "IntelligentCache._evict_lru": {"executed_lines": [], "summary": {"covered_lines": 0, "num_statements": 5, "percent_covered": 0.0, "percent_covered_display": "0.00", "missing_lines": 5, "excluded_lines": 0, "percent_statements_covered": 0.0, "percent_statements_covered_display": "0.00"}, "missing_lines": [91, 92, 95, 96, 97], "excluded_lines": []}, "IntelligentCache._cleanup_expired": {"executed_lines": [], "summary": {"covered_lines": 0, "num_statements": 5, "percent_covered": 0.0, "percent_covered_display": "0.00", "missing_lines": 5, "excluded_lines": 0, "percent_statements_covered": 0.0, "percent_statements_covered_display": "0.00"}, "missing_lines": [101, 106, 107, 108, 109], "excluded_lines": []}, "IntelligentCache.get": {"executed_lines": [], "summary": {"covered_lines": 0, "num_statements": 16, "percent_covered": 0.0, "percent_covered_display": "0.00", "missing_lines": 16, "excluded_lines": 0, "percent_statements_covered": 0.0, "percent_statements_covered_display": "0.00"}, "missing_lines": [113, 114, 115, 116, 118, 121, 122, 123, 124, 125, 126, 129, 130, 131, 133, 134], "excluded_lines": []}, "IntelligentCache.set": {"executed_lines": [], "summary": {"covered_lines": 0, "num_statements": 14, "percent_covered": 0.0, "percent_covered_display": "0.00", "missing_lines": 14, "excluded_lines": 0, "percent_statements_covered": 0.0, "percent_statements_covered_display": "0.00"}, "missing_lines": [138, 140, 143, 144, 145, 148, 150, 151, 152, 155, 164, 165, 168, 169], "excluded_lines": []}, "IntelligentCache.invalidate": {"executed_lines": [], "summary": {"covered_lines": 0, "num_statements": 6, "percent_covered": 0.0, "percent_covered_display": "0.00", "missing_lines": 6, "excluded_lines": 0, "percent_statements_covered": 0.0, "percent_statements_covered_display": "0.00"}, "missing_lines": [173, 174, 175, 176, 177, 178], "excluded_lines": []}, "IntelligentCache.clear": {"executed_lines": [], "summary": {"covered_lines": 0, "num_statements": 3, "percent_covered": 0.0, "percent_covered_display": "0.00", "missing_lines": 3, "excluded_lines": 0, "percent_statements_covered": 0.0, "percent_statements_covered_display": "0.00"}, "missing_lines": [182, 183, 184], "excluded_lines": []}, "IntelligentCache.get_stats": {"executed_lines": [], "summary": {"covered_lines": 0, "num_statements": 4, "percent_covered": 0.0, "percent_covered_display": "0.00", "missing_lines": 4, "excluded_lines": 0, "percent_statements_covered": 0.0, "percent_statements_covered_display": "0.00"}, "missing_lines": [188, 189, 190, 195], "excluded_lines": []}, "IntelligentCache._save_to_disk": {"executed_lines": [], "summary": {"covered_lines": 0, "num_statements": 10, "percent_covered": 0.0, "percent_covered_display": "0.00", "missing_lines": 10, "excluded_lines": 0, "percent_statements_covered": 0.0, "percent_statements_covered_display": "0.00"}, "missing_lines": [212, 213, 215, 216, 217, 221, 222, 223, 224, 226], "excluded_lines": []}, "IntelligentCache._load_from_disk": {"executed_lines": [], "summary": {"covered_lines": 0, "num_statements": 11, "percent_covered": 0.0, "percent_covered_display": "0.00", "missing_lines": 11, "excluded_lines": 0, "percent_statements_covered": 0.0, "percent_statements_covered_display": "0.00"}, "missing_lines": [230, 231, 233, 234, 235, 236, 237, 240, 241, 243, 244], "excluded_lines": []}, "": {"executed_lines": [3, 5, 6, 7, 8, 9, 10, 11, 12, 15, 16, 17, 18, 19, 20, 21, 22, 23, 26, 27, 38, 69, 83, 89, 99, 111, 136, 171, 180, 186, 210, 228], "summary": {"covered_lines": 29, "num_statements": 29, "percent_covered": 100.0, "percent_covered_display": "100.00", "missing_lines": 0, "excluded_lines": 0, "percent_statements_covered": 100.0, "percent_statements_covered_display": "100.00"}, "missing_lines": [], "excluded_lines": []}}, "classes": {"CacheEntry": {"executed_lines": [], "summary": {"covered_lines": 0, "num_statements": 0, "percent_covered": 100.0, "percent_covered_display": "100.00", "missing_lines": 0, "excluded_lines": 0, "percent_statements_covered": 100.0, "percent_statements_covered_display": "100.00"}, "missing_lines": [], "excluded_lines": []}, "IntelligentCache": {"executed_lines": [], "summary": {"covered_lines": 0, "num_statements": 97, "percent_covered": 0.0, "percent_covered_display": "0.00", "missing_lines": 97, "excluded_lines": 0, "percent_statements_covered": 0.0, "percent_statements_covered_display": "0.00"}, "missing_lines": [46, 47, 48, 49, 50, 53, 54, 57, 66, 67, 71, 72, 73, 74, 75, 76, 77, 79, 80, 81, 85, 86, 87, 91, 92, 95, 96, 97, 101, 106, 107, 108, 109, 113, 114, 115, 116, 118, 121, 122, 123, 124, 125, 126, 129, 130, 131, 133, 134, 138, 140, 143, 144, 145, 148, 150, 151, 152, 155, 164, 165, 168, 169, 173, 174, 175, 176, 177, 178, 182, 183, 184, 188, 189, 190, 195, 212, 213, 215, 216, 217, 221, 222, 223, 224, 226, 230, 231, 233, 234, 235, 236, 237, 240, 241, 243, 244], "excluded_lines": []}, "": {"executed_lines": [3, 5, 6, 7, 8, 9, 10, 11, 12, 15, 16, 17, 18, 19, 20, 21, 22, 23, 26, 27, 38, 69, 83, 89, 99, 111, 136, 171, 180, 186, 210, 228], "summary": {"covered_lines": 29, "num_statements": 29, "percent_covered": 100.0, "percent_covered_display": "100.00", "missing_lines": 0, "excluded_lines": 0, "percent_statements_covered": 100.0, "percent_statements_covered_display": "100.00"}, "missing_lines": [], "excluded_lines": []}}}, "rev/cache/implementations.py": {"executed_lines": [3, 5, 6, 7, 8, 9, 11, 14, 15, 17, 20, 42, 52, 53, 55, 58, 68, 73, 79, 80, 82, 86, 104, 122, 123, 125, 129, 156], "summary": {"covered_lines": 23, "num_statements": 107, "percent_covered": 21.49532710280374, "percent_covered_display": "21.50", "missing_lines": 84, "excluded_lines": 0, "percent_statements_covered": 21.49532710280374, "percent_statements_covered_display": "21.50"}, "missing_lines": [18, 22, 23, 26, 27, 30, 31, 32, 35, 36, 37, 38, 40, 44, 45, 47, 48, 49, 56, 61, 62, 63, 66, 70, 71, 75, 76, 83, 84, 89, 90, 97, 98, 99, 101, 102, 106, 107, 114, 115, 116, 118, 119, 126, 127, 132, 134, 135, 136, 137, 138, 139, 140, 141, 142, 143, 144, 145, 146, 147, 149, 150, 151, 152, 154, 158, 160, 161, 162, 163, 164, 165, 166, 167, 168, 169, 170, 171, 172, 173, 175, 176, 177, 178], "excluded_lines": [], "functions": {"FileContentCache.__init__": {"executed_lines": [], "summary": {"covered_lines": 0, "num_statements": 1, "percent_covered": 0.0, "percent_covered_display": "0.00", "missing_lines": 1, "excluded_lines": 0, "percent_statements_covered": 0.0, "percent_statements_covered_display": "0.00"}, "missing_lines": [18], "excluded_lines": []}, "FileContentCache.get_file": {"executed_lines": [], "summary": {"covered_lines": 0, "num_statements": 12, "percent_covered": 0.0, "percent_covered_display": "0.00", "missing_lines": 12, "excluded_lines": 0, "percent_statements_covered": 0.0, "percent_statements_covered_display": "0.00"}, "missing_lines": [22, 23, 26, 27, 30, 31, 32, 35, 36, 37, 38, 40], "excluded_lines": []}, "FileContentCache.set_file": {"executed_lines": [], "summary": {"covered_lines": 0, "num_statements": 5, "percent_covered": 0.0, "percent_covered_display": "0.00", "missing_lines": 5, "excluded_lines": 0, "percent_statements_covered": 0.0, "percent_statements_covered_display": "0.00"}, "missing_lines": [44, 45, 47, 48, 49], "excluded_lines": []}, "LLMResponseCache.__init__": {"executed_lines": [], "summary": {"covered_lines": 0, "num_statements": 1, "percent_covered": 0.0, "percent_covered_display": "0.00", "missing_lines": 1, "excluded_lines": 0, "percent_statements_covered": 0.0, "percent_statements_covered_display": "0.00"}, "missing_lines": [56], "excluded_lines": []}, "LLMResponseCache._hash_messages": {"executed_lines": [], "summary": {"covered_lines": 0, "num_statements": 4, "percent_covered": 0.0, "percent_covered_display": "0.00", "missing_lines": 4, "excluded_lines": 0, "percent_statements_covered": 0.0, "percent_statements_covered_display": "0.00"}, "missing_lines": [61, 62, 63, 66], "excluded_lines": []}, "LLMResponseCache.get_response": {"executed_lines": [], "summary": {"covered_lines": 0, "num_statements": 2, "percent_covered": 0.0, "percent_covered_display": "0.00", "missing_lines": 2, "excluded_lines": 0, "percent_statements_covered": 0.0, "percent_statements_covered_display": "0.00"}, "missing_lines": [70, 71], "excluded_lines": []}, "LLMResponseCache.set_response": {"executed_lines": [], "summary": {"covered_lines": 0, "num_statements": 2, "percent_covered": 0.0, "percent_covered_display": "0.00", "missing_lines": 2, "excluded_lines": 0, "percent_statements_covered": 0.0, "percent_statements_covered_display": "0.00"}, "missing_lines": [75, 76], "excluded_lines": []}, "RepoContextCache.__init__": {"executed_lines": [], "summary": {"covered_lines": 0, "num_statements": 2, "percent_covered": 0.0, "percent_covered_display": "0.00", "missing_lines": 2, "excluded_lines": 0, "percent_statements_covered": 0.0, "percent_statements_covered_display": "0.00"}, "missing_lines": [83, 84], "excluded_lines": []}, "RepoContextCache.get_context": {"executed_lines": [], "summary": {"covered_lines": 0, "num_statements": 7, "percent_covered": 0.0, "percent_covered_display": "0.00", "missing_lines": 7, "excluded_lines": 0, "percent_statements_covered": 0.0, "percent_statements_covered_display": "0.00"}, "missing_lines": [89, 90, 97, 98, 99, 101, 102], "excluded_lines": []}, "RepoContextCache.set_context": {"executed_lines": [], "summary": {"covered_lines": 0, "num_statements": 7, "percent_covered": 0.0, "percent_covered_display": "0.00", "missing_lines": 7, "excluded_lines": 0, "percent_statements_covered": 0.0, "percent_statements_covered_display": "0.00"}, "missing_lines": [106, 107, 114, 115, 116, 118, 119], "excluded_lines": []}, "DependencyTreeCache.__init__": {"executed_lines": [], "summary": {"covered_lines": 0, "num_statements": 2, "percent_covered": 0.0, "percent_covered_display": "0.00", "missing_lines": 2, "excluded_lines": 0, "percent_statements_covered": 0.0, "percent_statements_covered_display": "0.00"}, "missing_lines": [126, 127], "excluded_lines": []}, "DependencyTreeCache.get_dependencies": {"executed_lines": [], "summary": {"covered_lines": 0, "num_statements": 20, "percent_covered": 0.0, "percent_covered_display": "0.00", "missing_lines": 20, "excluded_lines": 0, "percent_statements_covered": 0.0, "percent_statements_covered_display": "0.00"}, "missing_lines": [132, 134, 135, 136, 137, 138, 139, 140, 141, 142, 143, 144, 145, 146, 147, 149, 150, 151, 152, 154], "excluded_lines": []}, "DependencyTreeCache.set_dependencies": {"executed_lines": [], "summary": {"covered_lines": 0, "num_statements": 19, "percent_covered": 0.0, "percent_covered_display": "0.00", "missing_lines": 19, "excluded_lines": 0, "percent_statements_covered": 0.0, "percent_statements_covered_display": "0.00"}, "missing_lines": [158, 160, 161, 162, 163, 164, 165, 166, 167, 168, 169, 170, 171, 172, 173, 175, 176, 177, 178], "excluded_lines": []}, "": {"executed_lines": [3, 5, 6, 7, 8, 9, 11, 14, 15, 17, 20, 42, 52, 53, 55, 58, 68, 73, 79, 80, 82, 86, 104, 122, 123, 125, 129, 156], "summary": {"covered_lines": 23, "num_statements": 23, "percent_covered": 100.0, "percent_covered_display": "100.00", "missing_lines": 0, "excluded_lines": 0, "percent_statements_covered": 100.0, "percent_statements_covered_display": "100.00"}, "missing_lines": [], "excluded_lines": []}}, "classes": {"FileContentCache": {"executed_lines": [], "summary": {"covered_lines": 0, "num_statements": 18, "percent_covered": 0.0, "percent_covered_display": "0.00", "missing_lines": 18, "excluded_lines": 0, "percent_statements_covered": 0.0, "percent_statements_covered_display": "0.00"}, "missing_lines": [18, 22, 23, 26, 27, 30, 31, 32, 35, 36, 37, 38, 40, 44, 45, 47, 48, 49], "excluded_lines": []}, "LLMResponseCache": {"executed_lines": [], "summary": {"covered_lines": 0, "num_statements": 9, "percent_covered": 0.0, "percent_covered_display": "0.00", "missing_lines": 9, "excluded_lines": 0, "percent_statements_covered": 0.0, "percent_statements_covered_display": "0.00"}, "missing_lines": [56, 61, 62, 63, 66, 70, 71, 75, 76], "excluded_lines": []}, "RepoContextCache": {"executed_lines": [], "summary": {"covered_lines": 0, "num_statements": 16, "percent_covered": 0.0, "percent_covered_display": "0.00", "missing_lines": 16, "excluded_lines": 0, "percent_statements_covered": 0.0, "percent_statements_covered_display": "0.00"}, "missing_lines": [83, 84, 89, 90, 97, 98, 99, 101, 102, 106, 107, 114, 115, 116, 118, 119], "excluded_lines": []}, "DependencyTreeCache": {"executed_lines": [], "summary": {"covered_lines": 0, "num_statements": 41, "percent_covered": 0.0, "percent_covered_display": "0.00", "missing_lines": 41, "excluded_lines": 0, "percent_statements_covered": 0.0, "percent_statements_covered_display": "0.00"}, "missing_lines": [126, 127, 132, 134, 135, 136, 137, 138, 139, 140, 141, 142, 143, 144, 145, 146, 147, 149, 150, 151, 152, 154, 158, 160, 161, 162, 163, 164, 165, 166, 167, 168, 169, 170, 171, 172, 173, 175, 176, 177, 178], "excluded_lines": []}, "": {"executed_lines": [3, 5, 6, 7, 8, 9, 11, 14, 15, 17, 20, 42, 52, 53, 55, 58, 68, 73, 79, 80, 82, 86, 104, 122, 123, 125, 129, 156], "summary": {"covered_lines": 23, "num_statements": 23, "percent_covered": 100.0, "percent_covered_display": "100.00", "missing_lines": 0, "excluded_lines": 0, "percent_statements_covered": 100.0, "percent_statements_covered_display": "100.00"}, "missing_lines": [], "excluded_lines": []}}}, "rev/config.py": {"executed_lines": [3, 5, 6, 7, 8, 11, 12, 14, 15, 16, 19, 20, 21, 22, 23, 24, 25, 27, 33, 39, 42, 45, 64, 70], "summary": {"covered_lines": 23, "num_statements": 29, "percent_covered": 79.3103448275862, "percent_covered_display": "79.31", "missing_lines": 6, "excluded_lines": 0, "percent_statements_covered": 79.3103448275862, "percent_statements_covered_display": "79.31"}, "missing_lines": [13, 48, 49, 61, 67, 72], "excluded_lines": [], "functions": {"get_system_info_cached": {"executed_lines": [], "summary": {"covered_lines": 0, "num_statements": 3, "percent_covered": 0.0, "percent_covered_display": "0.00", "missing_lines": 3, "excluded_lines": 0, "percent_statements_covered": 0.0, "percent_statements_covered_display": "0.00"}, "missing_lines": [48, 49, 61], "excluded_lines": []}, "set_escape_interrupt": {"executed_lines": [], "summary": {"covered_lines": 0, "num_statements": 1, "percent_covered": 0.0, "percent_covered_display": "0.00", "missing_lines": 1, "excluded_lines": 0, "percent_statements_covered": 0.0, "percent_statements_covered_display": "0.00"}, "missing_lines": [67], "excluded_lines": []}, "get_escape_interrupt": {"executed_lines": [], "summary": {"covered_lines": 0, "num_statements": 1, "percent_covered": 0.0, "percent_covered_display": "0.00", "missing_lines": 1, "excluded_lines": 0, "percent_statements_covered": 0.0, "percent_statements_covered_display": "0.00"}, "missing_lines": [72], "excluded_lines": []}, "": {"executed_lines": [3, 5, 6, 7, 8, 11, 12, 14, 15, 16, 19, 20, 21, 22, 23, 24, 25, 27, 33, 39, 42, 45, 64, 70], "summary": {"covered_lines": 23, "num_statements": 24, "percent_covered": 95.83333333333333, "percent_covered_display": "95.83", "missing_lines": 1, "excluded_lines": 0, "percent_statements_covered": 95.83333333333333, "percent_statements_covered_display": "95.83"}, "missing_lines": [13], "excluded_lines": []}}, "classes": {"": {"executed_lines": [3, 5, 6, 7, 8, 11, 12, 14, 15, 16, 19, 20, 21, 22, 23, 24, 25, 27, 33, 39, 42, 45, 64, 70], "summary": {"covered_lines": 23, "num_statements": 29, "percent_covered": 79.3103448275862, "percent_covered_display": "79.31", "missing_lines": 6, "excluded_lines": 0, "percent_statements_covered": 79.3103448275862, "percent_statements_covered_display": "79.31"}, "missing_lines": [13, 48, 49, 61, 67, 72], "excluded_lines": []}}}, "rev/execution/__init__.py": {"executed_lines": [1, 10, 11, 17, 23], "summary": {"covered_lines": 4, "num_statements": 4, "percent_covered": 100.0, "percent_covered_display": "100.00", "missing_lines": 0, "excluded_lines": 0, "percent_statements_covered": 100.0, "percent_statements_covered_display": "100.00"}, "missing_lines": [], "excluded_lines": [], "functions": {"": {"executed_lines": [1, 10, 11, 17, 23], "summary": {"covered_lines": 4, "num_statements": 4, "percent_covered": 100.0, "percent_covered_display": "100.00", "missing_lines": 0, "excluded_lines": 0, "percent_statements_covered": 100.0, "percent_statements_covered_display": "100.00"}, "missing_lines": [], "excluded_lines": []}}, "classes": {"": {"executed_lines": [1, 10, 11, 17, 23], "summary": {"covered_lines": 4, "num_statements": 4, "percent_covered": 100.0, "percent_covered_display": "100.00", "missing_lines": 0, "excluded_lines": 0, "percent_statements_covered": 100.0, "percent_statements_covered_display": "100.00"}, "missing_lines": [], "excluded_lines": []}}}, "rev/execution/executor.py": {"executed_lines": [1, 9, 10, 11, 12, 14, 15, 16, 17, 18, 20, 54, 264, 404], "summary": {"covered_lines": 13, "num_statements": 243, "percent_covered": 5.349794238683128, "percent_covered_display": "5.35", "missing_lines": 230, "excluded_lines": 0, "percent_statements_covered": 5.349794238683128, "percent_statements_covered_display": "5.35"}, "missing_lines": [71, 72, 73, 77, 78, 79, 80, 81, 82, 83, 85, 86, 87, 90, 91, 99, 100, 101, 103, 105, 106, 107, 108, 110, 111, 113, 114, 116, 119, 128, 129, 130, 132, 134, 135, 136, 137, 138, 140, 143, 145, 146, 147, 150, 151, 152, 154, 155, 156, 158, 159, 160, 163, 166, 167, 169, 170, 171, 172, 173, 174, 176, 177, 178, 180, 181, 182, 183, 184, 187, 193, 194, 195, 196, 197, 198, 199, 201, 204, 210, 211, 212, 213, 214, 215, 216, 219, 220, 221, 222, 223, 226, 228, 231, 232, 233, 234, 236, 237, 238, 241, 242, 243, 244, 245, 247, 248, 255, 256, 257, 259, 261, 280, 281, 283, 285, 293, 296, 305, 306, 307, 309, 310, 313, 315, 316, 317, 320, 321, 322, 324, 325, 326, 328, 329, 330, 333, 336, 337, 338, 339, 340, 342, 343, 344, 345, 346, 349, 355, 356, 357, 358, 359, 360, 362, 365, 371, 372, 373, 374, 375, 376, 377, 380, 381, 382, 383, 386, 388, 391, 392, 393, 394, 396, 397, 398, 399, 401, 420, 421, 422, 423, 425, 426, 427, 428, 429, 430, 431, 433, 434, 435, 438, 441, 442, 444, 446, 447, 448, 451, 452, 453, 456, 457, 458, 459, 460, 461, 462, 463, 464, 465, 466, 467, 470, 471, 472, 475, 476, 477, 478, 479, 481, 482, 489, 490, 491, 492, 494, 496], "excluded_lines": [], "functions": {"execution_mode": {"executed_lines": [], "summary": {"covered_lines": 0, "num_statements": 112, "percent_covered": 0.0, "percent_covered_display": "0.00", "missing_lines": 112, "excluded_lines": 0, "percent_statements_covered": 0.0, "percent_statements_covered_display": "0.00"}, "missing_lines": [71, 72, 73, 77, 78, 79, 80, 81, 82, 83, 85, 86, 87, 90, 91, 99, 100, 101, 103, 105, 106, 107, 108, 110, 111, 113, 114, 116, 119, 128, 129, 130, 132, 134, 135, 136, 137, 138, 140, 143, 145, 146, 147, 150, 151, 152, 154, 155, 156, 158, 159, 160, 163, 166, 167, 169, 170, 171, 172, 173, 174, 176, 177, 178, 180, 181, 182, 183, 184, 187, 193, 194, 195, 196, 197, 198, 199, 201, 204, 210, 211, 212, 213, 214, 215, 216, 219, 220, 221, 222, 223, 226, 228, 231, 232, 233, 234, 236, 237, 238, 241, 242, 243, 244, 245, 247, 248, 255, 256, 257, 259, 261], "excluded_lines": []}, "execute_single_task": {"executed_lines": [], "summary": {"covered_lines": 0, "num_statements": 66, "percent_covered": 0.0, "percent_covered_display": "0.00", "missing_lines": 66, "excluded_lines": 0, "percent_statements_covered": 0.0, "percent_statements_covered_display": "0.00"}, "missing_lines": [280, 281, 283, 285, 293, 296, 305, 306, 307, 309, 310, 313, 315, 316, 317, 320, 321, 322, 324, 325, 326, 328, 329, 330, 333, 336, 337, 338, 339, 340, 342, 343, 344, 345, 346, 349, 355, 356, 357, 358, 359, 360, 362, 365, 371, 372, 373, 374, 375, 376, 377, 380, 381, 382, 383, 386, 388, 391, 392, 393, 394, 396, 397, 398, 399, 401], "excluded_lines": []}, "concurrent_execution_mode": {"executed_lines": [], "summary": {"covered_lines": 0, "num_statements": 52, "percent_covered": 0.0, "percent_covered_display": "0.00", "missing_lines": 52, "excluded_lines": 0, "percent_statements_covered": 0.0, "percent_statements_covered_display": "0.00"}, "missing_lines": [420, 421, 422, 423, 425, 426, 427, 428, 429, 430, 431, 433, 434, 435, 438, 441, 442, 444, 446, 447, 448, 451, 452, 453, 456, 457, 458, 459, 460, 461, 462, 463, 464, 465, 466, 467, 470, 471, 472, 475, 476, 477, 478, 479, 481, 482, 489, 490, 491, 492, 494, 496], "excluded_lines": []}, "": {"executed_lines": [1, 9, 10, 11, 12, 14, 15, 16, 17, 18, 20, 54, 264, 404], "summary": {"covered_lines": 13, "num_statements": 13, "percent_covered": 100.0, "percent_covered_display": "100.00", "missing_lines": 0, "excluded_lines": 0, "percent_statements_covered": 100.0, "percent_statements_covered_display": "100.00"}, "missing_lines": [], "excluded_lines": []}}, "classes": {"": {"executed_lines": [1, 9, 10, 11, 12, 14, 15, 16, 17, 18, 20, 54, 264, 404], "summary": {"covered_lines": 13, "num_statements": 243, "percent_covered": 5.349794238683128, "percent_covered_display": "5.35", "missing_lines": 230, "excluded_lines": 0, "percent_statements_covered": 5.349794238683128, "percent_statements_covered_display": "5.35"}, "missing_lines": [71, 72, 73, 77, 78, 79, 80, 81, 82, 83, 85, 86, 87, 90, 91, 99, 100, 101, 103, 105, 106, 107, 108, 110, 111, 113, 114, 116, 119, 128, 129, 130, 132, 134, 135, 136, 137, 138, 140, 143, 145, 146, 147, 150, 151, 152, 154, 155, 156, 158, 159, 160, 163, 166, 167, 169, 170, 171, 172, 173, 174, 176, 177, 178, 180, 181, 182, 183, 184, 187, 193, 194, 195, 196, 197, 198, 199, 201, 204, 210, 211, 212, 213, 214, 215, 216, 219, 220, 221, 222, 223, 226, 228, 231, 232, 233, 234, 236, 237, 238, 241, 242, 243, 244, 245, 247, 248, 255, 256, 257, 259, 261, 280, 281, 283, 285, 293, 296, 305, 306, 307, 309, 310, 313, 315, 316, 317, 320, 321, 322, 324, 325, 326, 328, 329, 330, 333, 336, 337, 338, 339, 340, 342, 343, 344, 345, 346, 349, 355, 356, 357, 358, 359, 360, 362, 365, 371, 372, 373, 374, 375, 376, 377, 380, 381, 382, 383, 386, 388, 391, 392, 393, 394, 396, 397, 398, 399, 401, 420, 421, 422, 423, 425, 426, 427, 428, 429, 430, 431, 433, 434, 435, 438, 441, 442, 444, 446, 447, 448, 451, 452, 453, 456, 457, 458, 459, 460, 461, 462, 463, 464, 465, 466, 467, 470, 471, 472, 475, 476, 477, 478, 479, 481, 482, 489, 490, 491, 492, 494, 496], "excluded_lines": []}}}, "rev/execution/planner.py": {"executed_lines": [1, 9, 10, 11, 12, 14, 15, 16, 17, 20, 53], "summary": {"covered_lines": 10, "num_statements": 103, "percent_covered": 9.70873786407767, "percent_covered_display": "9.71", "missing_lines": 93, "excluded_lines": 0, "percent_statements_covered": 9.70873786407767, "percent_statements_covered_display": "9.71"}, "missing_lines": [67, 68, 69, 72, 73, 74, 76, 93, 94, 96, 97, 98, 101, 102, 103, 105, 106, 107, 108, 109, 114, 115, 116, 117, 118, 121, 122, 125, 126, 129, 130, 131, 132, 133, 134, 137, 138, 139, 140, 141, 144, 145, 146, 147, 150, 151, 152, 155, 156, 157, 158, 159, 166, 168, 169, 170, 171, 173, 175, 176, 177, 179, 180, 182, 185, 186, 187, 188, 191, 192, 193, 194, 195, 197, 198, 199, 200, 201, 204, 205, 206, 209, 210, 212, 213, 214, 215, 216, 217, 219, 220, 222, 224], "excluded_lines": [], "functions": {"planning_mode": {"executed_lines": [], "summary": {"covered_lines": 0, "num_statements": 93, "percent_covered": 0.0, "percent_covered_display": "0.00", "missing_lines": 93, "excluded_lines": 0, "percent_statements_covered": 0.0, "percent_statements_covered_display": "0.00"}, "missing_lines": [67, 68, 69, 72, 73, 74, 76, 93, 94, 96, 97, 98, 101, 102, 103, 105, 106, 107, 108, 109, 114, 115, 116, 117, 118, 121, 122, 125, 126, 129, 130, 131, 132, 133, 134, 137, 138, 139, 140, 141, 144, 145, 146, 147, 150, 151, 152, 155, 156, 157, 158, 159, 166, 168, 169, 170, 171, 173, 175, 176, 177, 179, 180, 182, 185, 186, 187, 188, 191, 192, 193, 194, 195, 197, 198, 199, 200, 201, 204, 205, 206, 209, 210, 212, 213, 214, 215, 216, 217, 219, 220, 222, 224], "excluded_lines": []}, "": {"executed_lines": [1, 9, 10, 11, 12, 14, 15, 16, 17, 20, 53], "summary": {"covered_lines": 10, "num_statements": 10, "percent_covered": 100.0, "percent_covered_display": "100.00", "missing_lines": 0, "excluded_lines": 0, "percent_statements_covered": 100.0, "percent_statements_covered_display": "100.00"}, "missing_lines": [], "excluded_lines": []}}, "classes": {"": {"executed_lines": [1, 9, 10, 11, 12, 14, 15, 16, 17, 20, 53], "summary": {"covered_lines": 10, "num_statements": 103, "percent_covered": 9.70873786407767, "percent_covered_display": "9.71", "missing_lines": 93, "excluded_lines": 0, "percent_statements_covered": 9.70873786407767, "percent_statements_covered_display": "9.71"}, "missing_lines": [67, 68, 69, 72, 73, 74, 76, 93, 94, 96, 97, 98, 101, 102, 103, 105, 106, 107, 108, 109, 114, 115, 116, 117, 118, 121, 122, 125, 126, 129, 130, 131, 132, 133, 134, 137, 138, 139, 140, 141, 144, 145, 146, 147, 150, 151, 152, 155, 156, 157, 158, 159, 166, 168, 169, 170, 171, 173, 175, 176, 177, 179, 180, 182, 185, 186, 187, 188, 191, 192, 193, 194, 195, 197, 198, 199, 200, 201, 204, 205, 206, 209, 210, 212, 213, 214, 215, 216, 217, 219, 220, 222, 224], "excluded_lines": []}}}, "rev/execution/safety.py": {"executed_lines": [1, 8, 12, 19, 56], "summary": {"covered_lines": 4, "num_statements": 29, "percent_covered": 13.793103448275861, "percent_covered_display": "13.79", "missing_lines": 25, "excluded_lines": 0, "percent_statements_covered": 13.793103448275861, "percent_statements_covered_display": "13.79"}, "missing_lines": [32, 33, 36, 37, 40, 41, 42, 45, 46, 47, 50, 51, 53, 67, 68, 69, 70, 71, 72, 74, 75, 76, 77, 78, 79], "excluded_lines": [], "functions": {"is_scary_operation": {"executed_lines": [], "summary": {"covered_lines": 0, "num_statements": 13, "percent_covered": 0.0, "percent_covered_display": "0.00", "missing_lines": 13, "excluded_lines": 0, "percent_statements_covered": 0.0, "percent_statements_covered_display": "0.00"}, "missing_lines": [32, 33, 36, 37, 40, 41, 42, 45, 46, 47, 50, 51, 53], "excluded_lines": []}, "prompt_scary_operation": {"executed_lines": [], "summary": {"covered_lines": 0, "num_statements": 12, "percent_covered": 0.0, "percent_covered_display": "0.00", "missing_lines": 12, "excluded_lines": 0, "percent_statements_covered": 0.0, "percent_statements_covered_display": "0.00"}, "missing_lines": [67, 68, 69, 70, 71, 72, 74, 75, 76, 77, 78, 79], "excluded_lines": []}, "": {"executed_lines": [1, 8, 12, 19, 56], "summary": {"covered_lines": 4, "num_statements": 4, "percent_covered": 100.0, "percent_covered_display": "100.00", "missing_lines": 0, "excluded_lines": 0, "percent_statements_covered": 100.0, "percent_statements_covered_display": "100.00"}, "missing_lines": [], "excluded_lines": []}}, "classes": {"": {"executed_lines": [1, 8, 12, 19, 56], "summary": {"covered_lines": 4, "num_statements": 29, "percent_covered": 13.793103448275861, "percent_covered_display": "13.79", "missing_lines": 25, "excluded_lines": 0, "percent_statements_covered": 13.793103448275861, "percent_statements_covered_display": "13.79"}, "missing_lines": [32, 33, 36, 37, 40, 41, 42, 45, 46, 47, 50, 51, 53, 67, 68, 69, 70, 71, 72, 74, 75, 76, 77, 78, 79], "excluded_lines": []}}}, "rev/llm/__init__.py": {"executed_lines": [3, 5, 7], "summary": {"covered_lines": 2, "num_statements": 2, "percent_covered": 100.0, "percent_covered_display": "100.00", "missing_lines": 0, "excluded_lines": 0, "percent_statements_covered": 100.0, "percent_statements_covered_display": "100.00"}, "missing_lines": [], "excluded_lines": [], "functions": {"": {"executed_lines": [3, 5, 7], "summary": {"covered_lines": 2, "num_statements": 2, "percent_covered": 100.0, "percent_covered_display": "100.00", "missing_lines": 0, "excluded_lines": 0, "percent_statements_covered": 100.0, "percent_statements_covered_display": "100.00"}, "missing_lines": [], "excluded_lines": []}}, "classes": {"": {"executed_lines": [3, 5, 7], "summary": {"covered_lines": 2, "num_statements": 2, "percent_covered": 100.0, "percent_covered_display": "100.00", "missing_lines": 0, "excluded_lines": 0, "percent_statements_covered": 100.0, "percent_statements_covered_display": "100.00"}, "missing_lines": [], "excluded_lines": []}}}, "rev/llm/client.py": {"executed_lines": [3, 5, 6, 7, 9, 11, 12, 16, 19], "summary": {"covered_lines": 8, "num_statements": 85, "percent_covered": 9.411764705882353, "percent_covered_display": "9.41", "missing_lines": 77, "excluded_lines": 0, "percent_statements_covered": 9.411764705882353, "percent_statements_covered_display": "9.41"}, "missing_lines": [29, 32, 33, 34, 35, 36, 38, 41, 48, 49, 51, 52, 53, 54, 55, 56, 59, 60, 63, 65, 66, 68, 69, 71, 72, 74, 75, 76, 79, 80, 81, 82, 84, 85, 86, 87, 88, 89, 90, 91, 92, 93, 94, 95, 98, 99, 100, 101, 104, 105, 108, 110, 111, 114, 115, 116, 119, 124, 126, 127, 130, 132, 134, 135, 136, 137, 138, 140, 142, 143, 144, 145, 146, 147, 148, 150, 151], "excluded_lines": [], "functions": {"ollama_chat": {"executed_lines": [], "summary": {"covered_lines": 0, "num_statements": 77, "percent_covered": 0.0, "percent_covered_display": "0.00", "missing_lines": 77, "excluded_lines": 0, "percent_statements_covered": 0.0, "percent_statements_covered_display": "0.00"}, "missing_lines": [29, 32, 33, 34, 35, 36, 38, 41, 48, 49, 51, 52, 53, 54, 55, 56, 59, 60, 63, 65, 66, 68, 69, 71, 72, 74, 75, 76, 79, 80, 81, 82, 84, 85, 86, 87, 88, 89, 90, 91, 92, 93, 94, 95, 98, 99, 100, 101, 104, 105, 108, 110, 111, 114, 115, 116, 119, 124, 126, 127, 130, 132, 134, 135, 136, 137, 138, 140, 142, 143, 144, 145, 146, 147, 148, 150, 151], "excluded_lines": []}, "": {"executed_lines": [3, 5, 6, 7, 9, 11, 12, 16, 19], "summary": {"covered_lines": 8, "num_statements": 8, "percent_covered": 100.0, "percent_covered_display": "100.00", "missing_lines": 0, "excluded_lines": 0, "percent_statements_covered": 100.0, "percent_statements_covered_display": "100.00"}, "missing_lines": [], "excluded_lines": []}}, "classes": {"": {"executed_lines": [3, 5, 6, 7, 9, 11, 12, 16, 19], "summary": {"covered_lines": 8, "num_statements": 85, "percent_covered": 9.411764705882353, "percent_covered_display": "9.41", "missing_lines": 77, "excluded_lines": 0, "percent_statements_covered": 9.411764705882353, "percent_statements_covered_display": "9.41"}, "missing_lines": [29, 32, 33, 34, 35, 36, 38, 41, 48, 49, 51, 52, 53, 54, 55, 56, 59, 60, 63, 65, 66, 68, 69, 71, 72, 74, 75, 76, 79, 80, 81, 82, 84, 85, 86, 87, 88, 89, 90, 91, 92, 93, 94, 95, 98, 99, 100, 101, 104, 105, 108, 110, 111, 114, 115, 116, 119, 124, 126, 127, 130, 132, 134, 135, 136, 137, 138, 140, 142, 143, 144, 145, 146, 147, 148, 150, 151], "excluded_lines": []}}}, "rev/main.py": {"executed_lines": [], "summary": {"covered_lines": 0, "num_statements": 39, "percent_covered": 0.0, "percent_covered_display": "0.00", "missing_lines": 39, "excluded_lines": 2, "percent_statements_covered": 0.0, "percent_statements_covered_display": "0.00"}, "missing_lines": [5, 6, 8, 9, 10, 11, 14, 17, 18, 20, 23, 28, 33, 38, 43, 48, 56, 59, 60, 62, 63, 64, 65, 66, 67, 68, 69, 70, 72, 73, 74, 76, 77, 79, 80, 82, 83, 84, 85], "excluded_lines": [88, 89], "functions": {"main": {"executed_lines": [], "summary": {"covered_lines": 0, "num_statements": 32, "percent_covered": 0.0, "percent_covered_display": "0.00", "missing_lines": 32, "excluded_lines": 0, "percent_statements_covered": 0.0, "percent_statements_covered_display": "0.00"}, "missing_lines": [17, 18, 20, 23, 28, 33, 38, 43, 48, 56, 59, 60, 62, 63, 64, 65, 66, 67, 68, 69, 70, 72, 73, 74, 76, 77, 79, 80, 82, 83, 84, 85], "excluded_lines": []}, "": {"executed_lines": [], "summary": {"covered_lines": 0, "num_statements": 7, "percent_covered": 0.0, "percent_covered_display": "0.00", "missing_lines": 7, "excluded_lines": 2, "percent_statements_covered": 0.0, "percent_statements_covered_display": "0.00"}, "missing_lines": [5, 6, 8, 9, 10, 11, 14], "excluded_lines": [88, 89]}}, "classes": {"": {"executed_lines": [], "summary": {"covered_lines": 0, "num_statements": 39, "percent_covered": 0.0, "percent_covered_display": "0.00", "missing_lines": 39, "excluded_lines": 2, "percent_statements_covered": 0.0, "percent_statements_covered_display": "0.00"}, "missing_lines": [5, 6, 8, 9, 10, 11, 14, 17, 18, 20, 23, 28, 33, 38, 43, 48, 56, 59, 60, 62, 63, 64, 65, 66, 67, 68, 69, 70, 72, 73, 74, 76, 77, 79, 80, 82, 83, 84, 85], "excluded_lines": [88, 89]}}}, "rev/mcp/__init__.py": {"executed_lines": [], "summary": {"covered_lines": 0, "num_statements": 2, "percent_covered": 0.0, "percent_covered_display": "0.00", "missing_lines": 2, "excluded_lines": 0, "percent_statements_covered": 0.0, "percent_statements_covered_display": "0.00"}, "missing_lines": [5, 7], "excluded_lines": [], "functions": {"": {"executed_lines": [], "summary": {"covered_lines": 0, "num_statements": 2, "percent_covered": 0.0, "percent_covered_display": "0.00", "missing_lines": 2, "excluded_lines": 0, "percent_statements_covered": 0.0, "percent_statements_covered_display": "0.00"}, "missing_lines": [5, 7], "excluded_lines": []}}, "classes": {"": {"executed_lines": [], "summary": {"covered_lines": 0, "num_statements": 2, "percent_covered": 0.0, "percent_covered_display": "0.00", "missing_lines": 2, "excluded_lines": 0, "percent_statements_covered": 0.0, "percent_statements_covered_display": "0.00"}, "missing_lines": [5, 7], "excluded_lines": []}}}, "rev/mcp/client.py": {"executed_lines": [], "summary": {"covered_lines": 0, "num_statements": 36, "percent_covered": 0.0, "percent_covered_display": "0.00", "missing_lines": 36, "excluded_lines": 0, "percent_statements_covered": 0.0, "percent_statements_covered_display": "0.00"}, "missing_lines": [5, 6, 9, 12, 13, 14, 16, 18, 20, 25, 26, 27, 29, 31, 33, 35, 36, 37, 41, 47, 48, 52, 55, 57, 58, 59, 62, 64, 65, 68, 70, 71, 72, 73, 74, 75], "excluded_lines": [], "functions": {"MCPClient.__init__": {"executed_lines": [], "summary": {"covered_lines": 0, "num_statements": 2, "percent_covered": 0.0, "percent_covered_display": "0.00", "missing_lines": 2, "excluded_lines": 0, "percent_statements_covered": 0.0, "percent_statements_covered_display": "0.00"}, "missing_lines": [13, 14], "excluded_lines": []}, "MCPClient.add_server": {"executed_lines": [], "summary": {"covered_lines": 0, "num_statements": 5, "percent_covered": 0.0, "percent_covered_display": "0.00", "missing_lines": 5, "excluded_lines": 0, "percent_statements_covered": 0.0, "percent_statements_covered_display": "0.00"}, "missing_lines": [18, 20, 25, 26, 27], "excluded_lines": []}, "MCPClient.list_servers": {"executed_lines": [], "summary": {"covered_lines": 0, "num_statements": 1, "percent_covered": 0.0, "percent_covered_display": "0.00", "missing_lines": 1, "excluded_lines": 0, "percent_statements_covered": 0.0, "percent_statements_covered_display": "0.00"}, "missing_lines": [31], "excluded_lines": []}, "MCPClient.call_mcp_tool": {"executed_lines": [], "summary": {"covered_lines": 0, "num_statements": 6, "percent_covered": 0.0, "percent_covered_display": "0.00", "missing_lines": 6, "excluded_lines": 0, "percent_statements_covered": 0.0, "percent_statements_covered_display": "0.00"}, "missing_lines": [35, 36, 37, 41, 47, 48], "excluded_lines": []}, "mcp_add_server": {"executed_lines": [], "summary": {"covered_lines": 0, "num_statements": 3, "percent_covered": 0.0, "percent_covered_display": "0.00", "missing_lines": 3, "excluded_lines": 0, "percent_statements_covered": 0.0, "percent_statements_covered_display": "0.00"}, "missing_lines": [57, 58, 59], "excluded_lines": []}, "mcp_list_servers": {"executed_lines": [], "summary": {"covered_lines": 0, "num_statements": 2, "percent_covered": 0.0, "percent_covered_display": "0.00", "missing_lines": 2, "excluded_lines": 0, "percent_statements_covered": 0.0, "percent_statements_covered_display": "0.00"}, "missing_lines": [64, 65], "excluded_lines": []}, "mcp_call_tool": {"executed_lines": [], "summary": {"covered_lines": 0, "num_statements": 6, "percent_covered": 0.0, "percent_covered_display": "0.00", "missing_lines": 6, "excluded_lines": 0, "percent_statements_covered": 0.0, "percent_statements_covered_display": "0.00"}, "missing_lines": [70, 71, 72, 73, 74, 75], "excluded_lines": []}, "": {"executed_lines": [], "summary": {"covered_lines": 0, "num_statements": 11, "percent_covered": 0.0, "percent_covered_display": "0.00", "missing_lines": 11, "excluded_lines": 0, "percent_statements_covered": 0.0, "percent_statements_covered_display": "0.00"}, "missing_lines": [5, 6, 9, 12, 16, 29, 33, 52, 55, 62, 68], "excluded_lines": []}}, "classes": {"MCPClient": {"executed_lines": [], "summary": {"covered_lines": 0, "num_statements": 14, "percent_covered": 0.0, "percent_covered_display": "0.00", "missing_lines": 14, "excluded_lines": 0, "percent_statements_covered": 0.0, "percent_statements_covered_display": "0.00"}, "missing_lines": [13, 14, 18, 20, 25, 26, 27, 31, 35, 36, 37, 41, 47, 48], "excluded_lines": []}, "": {"executed_lines": [], "summary": {"covered_lines": 0, "num_statements": 22, "percent_covered": 0.0, "percent_covered_display": "0.00", "missing_lines": 22, "excluded_lines": 0, "percent_statements_covered": 0.0, "percent_statements_covered_display": "0.00"}, "missing_lines": [5, 6, 9, 12, 16, 29, 33, 52, 55, 57, 58, 59, 62, 64, 65, 68, 70, 71, 72, 73, 74, 75], "excluded_lines": []}}}, "rev/models/__init__.py": {"executed_lines": [3, 5, 7], "summary": {"covered_lines": 2, "num_statements": 2, "percent_covered": 100.0, "percent_covered_display": "100.00", "missing_lines": 0, "excluded_lines": 0, "percent_statements_covered": 100.0, "percent_statements_covered_display": "100.00"}, "missing_lines": [], "excluded_lines": [], "functions": {"": {"executed_lines": [3, 5, 7], "summary": {"covered_lines": 2, "num_statements": 2, "percent_covered": 100.0, "percent_covered_display": "100.00", "missing_lines": 0, "excluded_lines": 0, "percent_statements_covered": 100.0, "percent_statements_covered_display": "100.00"}, "missing_lines": [], "excluded_lines": []}}, "classes": {"": {"executed_lines": [3, 5, 7], "summary": {"covered_lines": 2, "num_statements": 2, "percent_covered": 100.0, "percent_covered_display": "100.00", "missing_lines": 0, "excluded_lines": 0, "percent_statements_covered": 100.0, "percent_statements_covered_display": "100.00"}, "missing_lines": [], "excluded_lines": []}}}, "rev/models/task.py": {"executed_lines": [3, 5, 6, 7, 8, 11, 12, 13, 14, 15, 18, 19, 20, 21, 22, 23, 26, 27, 28, 46, 65, 66, 67, 72, 77, 83, 105, 110, 116, 122, 129, 135, 142, 149, 156, 228, 274, 344, 392, 437], "summary": {"covered_lines": 36, "num_statements": 237, "percent_covered": 15.189873417721518, "percent_covered_display": "15.19", "missing_lines": 201, "excluded_lines": 0, "percent_statements_covered": 15.189873417721518, "percent_statements_covered_display": "15.19"}, "missing_lines": [29, 30, 31, 32, 33, 34, 35, 38, 39, 40, 41, 42, 43, 44, 47, 68, 69, 70, 73, 74, 75, 79, 80, 81, 85, 86, 87, 88, 89, 92, 98, 99, 100, 101, 103, 107, 108, 112, 113, 114, 118, 119, 120, 124, 125, 126, 127, 131, 132, 133, 137, 144, 150, 151, 152, 153, 154, 162, 163, 165, 166, 167, 170, 171, 172, 173, 176, 179, 180, 181, 182, 183, 184, 186, 187, 189, 190, 191, 192, 194, 195, 196, 197, 198, 199, 200, 203, 204, 206, 207, 208, 209, 210, 211, 212, 213, 214, 215, 216, 218, 237, 248, 249, 250, 251, 252, 253, 254, 257, 258, 259, 265, 266, 269, 270, 272, 283, 284, 289, 297, 298, 300, 301, 304, 310, 311, 312, 313, 314, 315, 318, 319, 320, 323, 324, 325, 326, 327, 330, 331, 332, 335, 336, 337, 338, 339, 340, 342, 353, 356, 357, 358, 360, 361, 362, 364, 365, 366, 367, 369, 370, 371, 374, 375, 376, 377, 378, 379, 380, 383, 384, 385, 386, 387, 388, 390, 401, 404, 406, 407, 408, 410, 411, 412, 415, 416, 417, 419, 420, 421, 422, 424, 425, 426, 428, 429, 430, 431, 433, 435, 438], "excluded_lines": [], "functions": {"Task.__init__": {"executed_lines": [], "summary": {"covered_lines": 0, "num_statements": 14, "percent_covered": 0.0, "percent_covered_display": "0.00", "missing_lines": 14, "excluded_lines": 0, "percent_statements_covered": 0.0, "percent_statements_covered_display": "0.00"}, "missing_lines": [29, 30, 31, 32, 33, 34, 35, 38, 39, 40, 41, 42, 43, 44], "excluded_lines": []}, "Task.to_dict": {"executed_lines": [], "summary": {"covered_lines": 0, "num_statements": 1, "percent_covered": 0.0, "percent_covered_display": "0.00", "missing_lines": 1, "excluded_lines": 0, "percent_statements_covered": 0.0, "percent_statements_covered_display": "0.00"}, "missing_lines": [47], "excluded_lines": []}, "ExecutionPlan.__init__": {"executed_lines": [], "summary": {"covered_lines": 0, "num_statements": 3, "percent_covered": 0.0, "percent_covered_display": "0.00", "missing_lines": 3, "excluded_lines": 0, "percent_statements_covered": 0.0, "percent_statements_covered_display": "0.00"}, "missing_lines": [68, 69, 70], "excluded_lines": []}, "ExecutionPlan.add_task": {"executed_lines": [], "summary": {"covered_lines": 0, "num_statements": 3, "percent_covered": 0.0, "percent_covered_display": "0.00", "missing_lines": 3, "excluded_lines": 0, "percent_statements_covered": 0.0, "percent_statements_covered_display": "0.00"}, "missing_lines": [73, 74, 75], "excluded_lines": []}, "ExecutionPlan.get_current_task": {"executed_lines": [], "summary": {"covered_lines": 0, "num_statements": 3, "percent_covered": 0.0, "percent_covered_display": "0.00", "missing_lines": 3, "excluded_lines": 0, "percent_statements_covered": 0.0, "percent_statements_covered_display": "0.00"}, "missing_lines": [79, 80, 81], "excluded_lines": []}, "ExecutionPlan.get_executable_tasks": {"executed_lines": [], "summary": {"covered_lines": 0, "num_statements": 11, "percent_covered": 0.0, "percent_covered_display": "0.00", "missing_lines": 11, "excluded_lines": 0, "percent_statements_covered": 0.0, "percent_statements_covered_display": "0.00"}, "missing_lines": [85, 86, 87, 88, 89, 92, 98, 99, 100, 101, 103], "excluded_lines": []}, "ExecutionPlan.mark_task_in_progress": {"executed_lines": [], "summary": {"covered_lines": 0, "num_statements": 2, "percent_covered": 0.0, "percent_covered_display": "0.00", "missing_lines": 2, "excluded_lines": 0, "percent_statements_covered": 0.0, "percent_statements_covered_display": "0.00"}, "missing_lines": [107, 108], "excluded_lines": []}, "ExecutionPlan.mark_task_completed": {"executed_lines": [], "summary": {"covered_lines": 0, "num_statements": 3, "percent_covered": 0.0, "percent_covered_display": "0.00", "missing_lines": 3, "excluded_lines": 0, "percent_statements_covered": 0.0, "percent_statements_covered_display": "0.00"}, "missing_lines": [112, 113, 114], "excluded_lines": []}, "ExecutionPlan.mark_task_failed": {"executed_lines": [], "summary": {"covered_lines": 0, "num_statements": 3, "percent_covered": 0.0, "percent_covered_display": "0.00", "missing_lines": 3, "excluded_lines": 0, "percent_statements_covered": 0.0, "percent_statements_covered_display": "0.00"}, "missing_lines": [118, 119, 120], "excluded_lines": []}, "ExecutionPlan.mark_completed": {"executed_lines": [], "summary": {"covered_lines": 0, "num_statements": 4, "percent_covered": 0.0, "percent_covered_display": "0.00", "missing_lines": 4, "excluded_lines": 0, "percent_statements_covered": 0.0, "percent_statements_covered_display": "0.00"}, "missing_lines": [124, 125, 126, 127], "excluded_lines": []}, "ExecutionPlan.mark_failed": {"executed_lines": [], "summary": {"covered_lines": 0, "num_statements": 3, "percent_covered": 0.0, "percent_covered_display": "0.00", "missing_lines": 3, "excluded_lines": 0, "percent_statements_covered": 0.0, "percent_statements_covered_display": "0.00"}, "missing_lines": [131, 132, 133], "excluded_lines": []}, "ExecutionPlan.is_complete": {"executed_lines": [], "summary": {"covered_lines": 0, "num_statements": 1, "percent_covered": 0.0, "percent_covered_display": "0.00", "missing_lines": 1, "excluded_lines": 0, "percent_statements_covered": 0.0, "percent_statements_covered_display": "0.00"}, "missing_lines": [137], "excluded_lines": []}, "ExecutionPlan.has_pending_tasks": {"executed_lines": [], "summary": {"covered_lines": 0, "num_statements": 1, "percent_covered": 0.0, "percent_covered_display": "0.00", "missing_lines": 1, "excluded_lines": 0, "percent_statements_covered": 0.0, "percent_statements_covered_display": "0.00"}, "missing_lines": [144], "excluded_lines": []}, "ExecutionPlan.get_summary": {"executed_lines": [], "summary": {"covered_lines": 0, "num_statements": 5, "percent_covered": 0.0, "percent_covered_display": "0.00", "missing_lines": 5, "excluded_lines": 0, "percent_statements_covered": 0.0, "percent_statements_covered_display": "0.00"}, "missing_lines": [150, 151, 152, 153, 154], "excluded_lines": []}, "ExecutionPlan.analyze_dependencies": {"executed_lines": [], "summary": {"covered_lines": 0, "num_statements": 32, "percent_covered": 0.0, "percent_covered_display": "0.00", "missing_lines": 32, "excluded_lines": 0, "percent_statements_covered": 0.0, "percent_statements_covered_display": "0.00"}, "missing_lines": [162, 163, 165, 166, 167, 170, 171, 172, 173, 176, 179, 194, 195, 196, 197, 198, 199, 200, 203, 204, 206, 207, 208, 209, 210, 211, 212, 213, 214, 215, 216, 218], "excluded_lines": []}, "ExecutionPlan.analyze_dependencies.get_depth": {"executed_lines": [], "summary": {"covered_lines": 0, "num_statements": 11, "percent_covered": 0.0, "percent_covered_display": "0.00", "missing_lines": 11, "excluded_lines": 0, "percent_statements_covered": 0.0, "percent_statements_covered_display": "0.00"}, "missing_lines": [180, 181, 182, 183, 184, 186, 187, 189, 190, 191, 192], "excluded_lines": []}, "ExecutionPlan.assess_impact": {"executed_lines": [], "summary": {"covered_lines": 0, "num_statements": 16, "percent_covered": 0.0, "percent_covered_display": "0.00", "missing_lines": 16, "excluded_lines": 0, "percent_statements_covered": 0.0, "percent_statements_covered_display": "0.00"}, "missing_lines": [237, 248, 249, 250, 251, 252, 253, 254, 257, 258, 259, 265, 266, 269, 270, 272], "excluded_lines": []}, "ExecutionPlan.evaluate_risk": {"executed_lines": [], "summary": {"covered_lines": 0, "num_statements": 32, "percent_covered": 0.0, "percent_covered_display": "0.00", "missing_lines": 32, "excluded_lines": 0, "percent_statements_covered": 0.0, "percent_statements_covered_display": "0.00"}, "missing_lines": [283, 284, 289, 297, 298, 300, 301, 304, 310, 311, 312, 313, 314, 315, 318, 319, 320, 323, 324, 325, 326, 327, 330, 331, 332, 335, 336, 337, 338, 339, 340, 342], "excluded_lines": []}, "ExecutionPlan.create_rollback_plan": {"executed_lines": [], "summary": {"covered_lines": 0, "num_statements": 28, "percent_covered": 0.0, "percent_covered_display": "0.00", "missing_lines": 28, "excluded_lines": 0, "percent_statements_covered": 0.0, "percent_statements_covered_display": "0.00"}, "missing_lines": [353, 356, 357, 358, 360, 361, 362, 364, 365, 366, 367, 369, 370, 371, 374, 375, 376, 377, 378, 379, 380, 383, 384, 385, 386, 387, 388, 390], "excluded_lines": []}, "ExecutionPlan.generate_validation_steps": {"executed_lines": [], "summary": {"covered_lines": 0, "num_statements": 24, "percent_covered": 0.0, "percent_covered_display": "0.00", "missing_lines": 24, "excluded_lines": 0, "percent_statements_covered": 0.0, "percent_statements_covered_display": "0.00"}, "missing_lines": [401, 404, 406, 407, 408, 410, 411, 412, 415, 416, 417, 419, 420, 421, 422, 424, 425, 426, 428, 429, 430, 431, 433, 435], "excluded_lines": []}, "ExecutionPlan.to_dict": {"executed_lines": [], "summary": {"covered_lines": 0, "num_statements": 1, "percent_covered": 0.0, "percent_covered_display": "0.00", "missing_lines": 1, "excluded_lines": 0, "percent_statements_covered": 0.0, "percent_statements_covered_display": "0.00"}, "missing_lines": [438], "excluded_lines": []}, "": {"executed_lines": [3, 5, 6, 7, 8, 11, 12, 13, 14, 15, 18, 19, 20, 21, 22, 23, 26, 27, 28, 46, 65, 66, 67, 72, 77, 83, 105, 110, 116, 122, 129, 135, 142, 149, 156, 228, 274, 344, 392, 437], "summary": {"covered_lines": 36, "num_statements": 36, "percent_covered": 100.0, "percent_covered_display": "100.00", "missing_lines": 0, "excluded_lines": 0, "percent_statements_covered": 100.0, "percent_statements_covered_display": "100.00"}, "missing_lines": [], "excluded_lines": []}}, "classes": {"TaskStatus": {"executed_lines": [], "summary": {"covered_lines": 0, "num_statements": 0, "percent_covered": 100.0, "percent_covered_display": "100.00", "missing_lines": 0, "excluded_lines": 0, "percent_statements_covered": 100.0, "percent_statements_covered_display": "100.00"}, "missing_lines": [], "excluded_lines": []}, "RiskLevel": {"executed_lines": [], "summary": {"covered_lines": 0, "num_statements": 0, "percent_covered": 100.0, "percent_covered_display": "100.00", "missing_lines": 0, "excluded_lines": 0, "percent_statements_covered": 100.0, "percent_statements_covered_display": "100.00"}, "missing_lines": [], "excluded_lines": []}, "Task": {"executed_lines": [], "summary": {"covered_lines": 0, "num_statements": 15, "percent_covered": 0.0, "percent_covered_display": "0.00", "missing_lines": 15, "excluded_lines": 0, "percent_statements_covered": 0.0, "percent_statements_covered_display": "0.00"}, "missing_lines": [29, 30, 31, 32, 33, 34, 35, 38, 39, 40, 41, 42, 43, 44, 47], "excluded_lines": []}, "ExecutionPlan": {"executed_lines": [], "summary": {"covered_lines": 0, "num_statements": 186, "percent_covered": 0.0, "percent_covered_display": "0.00", "missing_lines": 186, "excluded_lines": 0, "percent_statements_covered": 0.0, "percent_statements_covered_display": "0.00"}, "missing_lines": [68, 69, 70, 73, 74, 75, 79, 80, 81, 85, 86, 87, 88, 89, 92, 98, 99, 100, 101, 103, 107, 108, 112, 113, 114, 118, 119, 120, 124, 125, 126, 127, 131, 132, 133, 137, 144, 150, 151, 152, 153, 154, 162, 163, 165, 166, 167, 170, 171, 172, 173, 176, 179, 180, 181, 182, 183, 184, 186, 187, 189, 190, 191, 192, 194, 195, 196, 197, 198, 199, 200, 203, 204, 206, 207, 208, 209, 210, 211, 212, 213, 214, 215, 216, 218, 237, 248, 249, 250, 251, 252, 253, 254, 257, 258, 259, 265, 266, 269, 270, 272, 283, 284, 289, 297, 298, 300, 301, 304, 310, 311, 312, 313, 314, 315, 318, 319, 320, 323, 324, 325, 326, 327, 330, 331, 332, 335, 336, 337, 338, 339, 340, 342, 353, 356, 357, 358, 360, 361, 362, 364, 365, 366, 367, 369, 370, 371, 374, 375, 376, 377, 378, 379, 380, 383, 384, 385, 386, 387, 388, 390, 401, 404, 406, 407, 408, 410, 411, 412, 415, 416, 417, 419, 420, 421, 422, 424, 425, 426, 428, 429, 430, 431, 433, 435, 438], "excluded_lines": []}, "": {"executed_lines": [3, 5, 6, 7, 8, 11, 12, 13, 14, 15, 18, 19, 20, 21, 22, 23, 26, 27, 28, 46, 65, 66, 67, 72, 77, 83, 105, 110, 116, 122, 129, 135, 142, 149, 156, 228, 274, 344, 392, 437], "summary": {"covered_lines": 36, "num_statements": 36, "percent_covered": 100.0, "percent_covered_display": "100.00", "missing_lines": 0, "excluded_lines": 0, "percent_statements_covered": 100.0, "percent_statements_covered_display": "100.00"}, "missing_lines": [], "excluded_lines": []}}}, "rev/terminal/__init__.py": {"executed_lines": [3, 5, 6, 8], "summary": {"covered_lines": 3, "num_statements": 3, "percent_covered": 100.0, "percent_covered_display": "100.00", "missing_lines": 0, "excluded_lines": 0, "percent_statements_covered": 100.0, "percent_statements_covered_display": "100.00"}, "missing_lines": [], "excluded_lines": [], "functions": {"": {"executed_lines": [3, 5, 6, 8], "summary": {"covered_lines": 3, "num_statements": 3, "percent_covered": 100.0, "percent_covered_display": "100.00", "missing_lines": 0, "excluded_lines": 0, "percent_statements_covered": 100.0, "percent_statements_covered_display": "100.00"}, "missing_lines": [], "excluded_lines": []}}, "classes": {"": {"executed_lines": [3, 5, 6, 8], "summary": {"covered_lines": 3, "num_statements": 3, "percent_covered": 100.0, "percent_covered_display": "100.00", "missing_lines": 0, "excluded_lines": 0, "percent_statements_covered": 100.0, "percent_statements_covered_display": "100.00"}, "missing_lines": [], "excluded_lines": []}}}, "rev/terminal/input.py": {"executed_lines": [3, 11, 12, 13, 15, 18, 20, 21, 22, 28, 122, 221], "summary": {"covered_lines": 11, "num_statements": 136, "percent_covered": 8.088235294117647, "percent_covered_display": "8.09", "missing_lines": 125, "excluded_lines": 0, "percent_statements_covered": 8.088235294117647, "percent_statements_covered_display": "8.09"}, "missing_lines": [25, 31, 32, 33, 36, 37, 39, 40, 41, 43, 45, 47, 49, 52, 54, 56, 58, 59, 60, 61, 62, 63, 64, 65, 66, 67, 68, 70, 73, 74, 75, 76, 77, 79, 80, 81, 82, 84, 85, 87, 88, 91, 92, 93, 94, 96, 97, 99, 100, 101, 103, 105, 106, 109, 110, 112, 113, 117, 119, 125, 126, 127, 129, 130, 131, 133, 134, 136, 139, 141, 143, 144, 145, 146, 147, 148, 149, 150, 151, 152, 153, 155, 156, 159, 161, 162, 163, 164, 165, 168, 169, 170, 171, 174, 175, 177, 178, 181, 182, 183, 184, 187, 188, 191, 192, 193, 197, 199, 200, 202, 203, 206, 207, 209, 210, 211, 213, 215, 216, 218, 236, 238, 241, 242, 244], "excluded_lines": [], "functions": {"_get_input_unix": {"executed_lines": [], "summary": {"covered_lines": 0, "num_statements": 58, "percent_covered": 0.0, "percent_covered_display": "0.00", "missing_lines": 58, "excluded_lines": 0, "percent_statements_covered": 0.0, "percent_statements_covered_display": "0.00"}, "missing_lines": [31, 32, 33, 36, 37, 39, 40, 41, 43, 45, 47, 49, 52, 54, 56, 58, 59, 60, 61, 62, 63, 64, 65, 66, 67, 68, 70, 73, 74, 75, 76, 77, 79, 80, 81, 82, 84, 85, 87, 88, 91, 92, 93, 94, 96, 97, 99, 100, 101, 103, 105, 106, 109, 110, 112, 113, 117, 119], "excluded_lines": []}, "_get_input_windows": {"executed_lines": [], "summary": {"covered_lines": 0, "num_statements": 61, "percent_covered": 0.0, "percent_covered_display": "0.00", "missing_lines": 61, "excluded_lines": 0, "percent_statements_covered": 0.0, "percent_statements_covered_display": "0.00"}, "missing_lines": [125, 126, 127, 129, 130, 131, 133, 134, 136, 139, 141, 143, 144, 145, 146, 147, 148, 149, 150, 151, 152, 153, 155, 156, 159, 161, 162, 163, 164, 165, 168, 169, 170, 171, 174, 175, 177, 178, 181, 182, 183, 184, 187, 188, 191, 192, 193, 197, 199, 200, 202, 203, 206, 207, 209, 210, 211, 213, 215, 216, 218], "excluded_lines": []}, "get_input_with_escape": {"executed_lines": [], "summary": {"covered_lines": 0, "num_statements": 5, "percent_covered": 0.0, "percent_covered_display": "0.00", "missing_lines": 5, "excluded_lines": 0, "percent_statements_covered": 0.0, "percent_statements_covered_display": "0.00"}, "missing_lines": [236, 238, 241, 242, 244], "excluded_lines": []}, "": {"executed_lines": [3, 11, 12, 13, 15, 18, 20, 21, 22, 28, 122, 221], "summary": {"covered_lines": 11, "num_statements": 12, "percent_covered": 91.66666666666667, "percent_covered_display": "91.67", "missing_lines": 1, "excluded_lines": 0, "percent_statements_covered": 91.66666666666667, "percent_statements_covered_display": "91.67"}, "missing_lines": [25], "excluded_lines": []}}, "classes": {"": {"executed_lines": [3, 11, 12, 13, 15, 18, 20, 21, 22, 28, 122, 221], "summary": {"covered_lines": 11, "num_statements": 136, "percent_covered": 8.088235294117647, "percent_covered_display": "8.09", "missing_lines": 125, "excluded_lines": 0, "percent_statements_covered": 8.088235294117647, "percent_statements_covered_display": "8.09"}, "missing_lines": [25, 31, 32, 33, 36, 37, 39, 40, 41, 43, 45, 47, 49, 52, 54, 56, 58, 59, 60, 61, 62, 63, 64, 65, 66, 67, 68, 70, 73, 74, 75, 76, 77, 79, 80, 81, 82, 84, 85, 87, 88, 91, 92, 93, 94, 96, 97, 99, 100, 101, 103, 105, 106, 109, 110, 112, 113, 117, 119, 125, 126, 127, 129, 130, 131, 133, 134, 136, 139, 141, 143, 144, 145, 146, 147, 148, 149, 150, 151, 152, 153, 155, 156, 159, 161, 162, 163, 164, 165, 168, 169, 170, 171, 174, 175, 177, 178, 181, 182, 183, 184, 187, 188, 191, 192, 193, 197, 199, 200, 202, 203, 206, 207, 209, 210, 211, 213, 215, 216, 218, 236, 238, 241, 242, 244], "excluded_lines": []}}}, "rev/terminal/repl.py": {"executed_lines": [3, 5, 6, 8, 9, 10, 11, 14], "summary": {"covered_lines": 7, "num_statements": 61, "percent_covered": 11.475409836065573, "percent_covered_display": "11.48", "missing_lines": 54, "excluded_lines": 0, "percent_statements_covered": 11.475409836065573, "percent_statements_covered_display": "11.48"}, "missing_lines": [16, 17, 18, 21, 28, 29, 30, 31, 32, 35, 36, 38, 39, 40, 42, 43, 45, 46, 47, 48, 49, 50, 51, 52, 54, 55, 69, 71, 72, 73, 74, 75, 76, 77, 78, 79, 81, 82, 88, 89, 93, 95, 96, 99, 102, 103, 104, 106, 108, 109, 110, 111, 112, 114], "excluded_lines": [], "functions": {"repl_mode": {"executed_lines": [], "summary": {"covered_lines": 0, "num_statements": 54, "percent_covered": 0.0, "percent_covered_display": "0.00", "missing_lines": 54, "excluded_lines": 0, "percent_statements_covered": 0.0, "percent_statements_covered_display": "0.00"}, "missing_lines": [16, 17, 18, 21, 28, 29, 30, 31, 32, 35, 36, 38, 39, 40, 42, 43, 45, 46, 47, 48, 49, 50, 51, 52, 54, 55, 69, 71, 72, 73, 74, 75, 76, 77, 78, 79, 81, 82, 88, 89, 93, 95, 96, 99, 102, 103, 104, 106, 108, 109, 110, 111, 112, 114], "excluded_lines": []}, "": {"executed_lines": [3, 5, 6, 8, 9, 10, 11, 14], "summary": {"covered_lines": 7, "num_statements": 7, "percent_covered": 100.0, "percent_covered_display": "100.00", "missing_lines": 0, "excluded_lines": 0, "percent_statements_covered": 100.0, "percent_statements_covered_display": "100.00"}, "missing_lines": [], "excluded_lines": []}}, "classes": {"": {"executed_lines": [3, 5, 6, 8, 9, 10, 11, 14], "summary": {"covered_lines": 7, "num_statements": 61, "percent_covered": 11.475409836065573, "percent_covered_display": "11.48", "missing_lines": 54, "excluded_lines": 0, "percent_statements_covered": 11.475409836065573, "percent_statements_covered_display": "11.48"}, "missing_lines": [16, 17, 18, 21, 28, 29, 30, 31, 32, 35, 36, 38, 39, 40, 42, 43, 45, 46, 47, 48, 49, 50, 51, 52, 54, 55, 69, 71, 72, 73, 74, 75, 76, 77, 78, 79, 81, 82, 88, 89, 93, 95, 96, 99, 102, 103, 104, 106, 108, 109, 110, 111, 112, 114], "excluded_lines": []}}}, "rev/tools/__init__.py": {"executed_lines": [3, 6, 24, 37, 44, 53, 60, 67, 77, 85, 93, 98], "summary": {"covered_lines": 11, "num_statements": 11, "percent_covered": 100.0, "percent_covered_display": "100.00", "missing_lines": 0, "excluded_lines": 0, "percent_statements_covered": 100.0, "percent_statements_covered_display": "100.00"}, "missing_lines": [], "excluded_lines": [], "functions": {"": {"executed_lines": [3, 6, 24, 37, 44, 53, 60, 67, 77, 85, 93, 98], "summary": {"covered_lines": 11, "num_statements": 11, "percent_covered": 100.0, "percent_covered_display": "100.00", "missing_lines": 0, "excluded_lines": 0, "percent_statements_covered": 100.0, "percent_statements_covered_display": "100.00"}, "missing_lines": [], "excluded_lines": []}}, "classes": {"": {"executed_lines": [3, 6, 24, 37, 44, 53, 60, 67, 77, 85, 93, 98], "summary": {"covered_lines": 11, "num_statements": 11, "percent_covered": 100.0, "percent_covered_display": "100.00", "missing_lines": 0, "excluded_lines": 0, "percent_statements_covered": 100.0, "percent_statements_covered_display": "100.00"}, "missing_lines": [], "excluded_lines": []}}}, "rev/tools/cache_ops.py": {"executed_lines": [3, 5, 6, 9, 10, 11, 12, 13, 14, 15, 16, 19, 54, 60, 61, 62, 73, 82, 83, 84, 86, 88, 90, 92, 97, 101, 102, 109, 110, 119, 128, 138, 146, 152, 153, 155, 157, 159, 161, 166, 167], "summary": {"covered_lines": 40, "num_statements": 88, "percent_covered": 45.45454545454545, "percent_covered_display": "45.45", "missing_lines": 48, "excluded_lines": 0, "percent_statements_covered": 45.45454545454545, "percent_statements_covered_display": "45.45"}, "missing_lines": [36, 37, 38, 39, 40, 41, 42, 43, 44, 45, 46, 47, 48, 49, 50, 51, 67, 68, 69, 70, 87, 89, 91, 93, 95, 103, 104, 111, 112, 113, 118, 120, 121, 122, 127, 129, 130, 131, 136, 142, 143, 156, 158, 160, 162, 164, 172, 173], "excluded_lines": [], "functions": {"set_cache_references": {"executed_lines": [], "summary": {"covered_lines": 0, "num_statements": 16, "percent_covered": 0.0, "percent_covered_display": "0.00", "missing_lines": 16, "excluded_lines": 0, "percent_statements_covered": 0.0, "percent_statements_covered_display": "0.00"}, "missing_lines": [36, 37, 38, 39, 40, 41, 42, 43, 44, 45, 46, 47, 48, 49, 50, 51], "excluded_lines": []}, "get_cache_stats": {"executed_lines": [60, 61, 62], "summary": {"covered_lines": 3, "num_statements": 7, "percent_covered": 42.857142857142854, "percent_covered_display": "42.86", "missing_lines": 4, "excluded_lines": 0, "percent_statements_covered": 42.857142857142854, "percent_statements_covered_display": "42.86"}, "missing_lines": [67, 68, 69, 70], "excluded_lines": []}, "clear_caches": {"executed_lines": [82, 83, 84, 86, 88, 90, 92, 97, 101, 102, 109, 110, 119, 128, 138], "summary": {"covered_lines": 15, "num_statements": 36, "percent_covered": 41.666666666666664, "percent_covered_display": "41.67", "missing_lines": 21, "excluded_lines": 0, "percent_statements_covered": 41.666666666666664, "percent_statements_covered_display": "41.67"}, "missing_lines": [87, 89, 91, 93, 95, 103, 104, 111, 112, 113, 118, 120, 121, 122, 127, 129, 130, 131, 136, 142, 143], "excluded_lines": []}, "persist_caches": {"executed_lines": [152, 153, 155, 157, 159, 161, 166, 167], "summary": {"covered_lines": 8, "num_statements": 15, "percent_covered": 53.333333333333336, "percent_covered_display": "53.33", "missing_lines": 7, "excluded_lines": 0, "percent_statements_covered": 53.333333333333336, "percent_statements_covered_display": "53.33"}, "missing_lines": [156, 158, 160, 162, 164, 172, 173], "excluded_lines": []}, "": {"executed_lines": [3, 5, 6, 9, 10, 11, 12, 13, 14, 15, 16, 19, 54, 73, 146], "summary": {"covered_lines": 14, "num_statements": 14, "percent_covered": 100.0, "percent_covered_display": "100.00", "missing_lines": 0, "excluded_lines": 0, "percent_statements_covered": 100.0, "percent_statements_covered_display": "100.00"}, "missing_lines": [], "excluded_lines": []}}, "classes": {"": {"executed_lines": [3, 5, 6, 9, 10, 11, 12, 13, 14, 15, 16, 19, 54, 60, 61, 62, 73, 82, 83, 84, 86, 88, 90, 92, 97, 101, 102, 109, 110, 119, 128, 138, 146, 152, 153, 155, 157, 159, 161, 166, 167], "summary": {"covered_lines": 40, "num_statements": 88, "percent_covered": 45.45454545454545, "percent_covered_display": "45.45", "missing_lines": 48, "excluded_lines": 0, "percent_statements_covered": 45.45454545454545, "percent_statements_covered_display": "45.45"}, "missing_lines": [36, 37, 38, 39, 40, 41, 42, 43, 44, 45, 46, 47, 48, 49, 50, 51, 67, 68, 69, 70, 87, 89, 91, 93, 95, 103, 104, 111, 112, 113, 118, 120, 121, 122, 127, 129, 130, 131, 136, 142, 143, 156, 158, 160, 162, 164, 172, 173], "excluded_lines": []}}}, "rev/tools/code_ops.py": {"executed_lines": [3, 5, 6, 7, 8, 10, 11, 14, 24, 25, 26, 27, 47, 48, 51, 61, 62, 63, 64, 112, 113, 116, 125, 126, 127, 128, 167, 168], "summary": {"covered_lines": 27, "num_statements": 71, "percent_covered": 38.028169014084504, "percent_covered_display": "38.03", "missing_lines": 44, "excluded_lines": 0, "percent_statements_covered": 38.028169014084504, "percent_statements_covered_display": "38.03"}, "missing_lines": [29, 31, 32, 33, 34, 40, 41, 42, 45, 66, 69, 70, 71, 72, 73, 76, 77, 78, 79, 80, 82, 85, 86, 87, 88, 96, 97, 98, 99, 106, 130, 131, 133, 136, 137, 140, 141, 142, 143, 145, 146, 154, 155, 161], "excluded_lines": [], "functions": {"remove_unused_imports": {"executed_lines": [24, 25, 26, 27, 47, 48], "summary": {"covered_lines": 6, "num_statements": 15, "percent_covered": 40.0, "percent_covered_display": "40.00", "missing_lines": 9, "excluded_lines": 0, "percent_statements_covered": 40.0, "percent_statements_covered_display": "40.00"}, "missing_lines": [29, 31, 32, 33, 34, 40, 41, 42, 45], "excluded_lines": []}, "extract_constants": {"executed_lines": [61, 62, 63, 64, 112, 113], "summary": {"covered_lines": 6, "num_statements": 27, "percent_covered": 22.22222222222222, "percent_covered_display": "22.22", "missing_lines": 21, "excluded_lines": 0, "percent_statements_covered": 22.22222222222222, "percent_statements_covered_display": "22.22"}, "missing_lines": [66, 69, 70, 71, 72, 73, 76, 77, 78, 79, 80, 82, 85, 86, 87, 88, 96, 97, 98, 99, 106], "excluded_lines": []}, "simplify_conditionals": {"executed_lines": [125, 126, 127, 128, 167, 168], "summary": {"covered_lines": 6, "num_statements": 20, "percent_covered": 30.0, "percent_covered_display": "30.00", "missing_lines": 14, "excluded_lines": 0, "percent_statements_covered": 30.0, "percent_statements_covered_display": "30.00"}, "missing_lines": [130, 131, 133, 136, 137, 140, 141, 142, 143, 145, 146, 154, 155, 161], "excluded_lines": []}, "": {"executed_lines": [3, 5, 6, 7, 8, 10, 11, 14, 51, 116], "summary": {"covered_lines": 9, "num_statements": 9, "percent_covered": 100.0, "percent_covered_display": "100.00", "missing_lines": 0, "excluded_lines": 0, "percent_statements_covered": 100.0, "percent_statements_covered_display": "100.00"}, "missing_lines": [], "excluded_lines": []}}, "classes": {"": {"executed_lines": [3, 5, 6, 7, 8, 10, 11, 14, 24, 25, 26, 27, 47, 48, 51, 61, 62, 63, 64, 112, 113, 116, 125, 126, 127, 128, 167, 168], "summary": {"covered_lines": 27, "num_statements": 71, "percent_covered": 38.028169014084504, "percent_covered_display": "38.03", "missing_lines": 44, "excluded_lines": 0, "percent_statements_covered": 38.028169014084504, "percent_statements_covered_display": "38.03"}, "missing_lines": [29, 31, 32, 33, 34, 40, 41, 42, 45, 66, 69, 70, 71, 72, 73, 76, 77, 78, 79, 80, 82, 85, 86, 87, 88, 96, 97, 98, 99, 106, 130, 131, 133, 136, 137, 140, 141, 142, 143, 145, 146, 154, 155, 161], "excluded_lines": []}}}, "rev/tools/conversion.py": {"executed_lines": [3, 5, 6, 7, 9, 10, 13, 23, 24, 28, 29, 30, 34, 35, 52, 53, 56, 66, 67, 71, 72, 73, 77, 78, 95, 96, 99, 109, 110, 135, 136, 139, 149, 150, 181, 182, 185, 195, 196, 228, 229], "summary": {"covered_lines": 40, "num_statements": 107, "percent_covered": 37.38317757009346, "percent_covered_display": "37.38", "missing_lines": 67, "excluded_lines": 0, "percent_statements_covered": 37.38317757009346, "percent_statements_covered_display": "37.38"}, "missing_lines": [25, 26, 31, 38, 39, 40, 43, 44, 45, 47, 68, 69, 74, 81, 82, 83, 86, 87, 88, 90, 111, 112, 115, 116, 117, 120, 121, 122, 125, 126, 127, 129, 151, 152, 155, 156, 158, 159, 162, 163, 164, 167, 168, 169, 170, 171, 172, 173, 175, 197, 198, 201, 202, 203, 204, 205, 206, 207, 209, 210, 213, 214, 215, 218, 219, 220, 222], "excluded_lines": [], "functions": {"convert_json_to_yaml": {"executed_lines": [23, 24, 28, 29, 30, 34, 35, 52, 53], "summary": {"covered_lines": 9, "num_statements": 19, "percent_covered": 47.36842105263158, "percent_covered_display": "47.37", "missing_lines": 10, "excluded_lines": 0, "percent_statements_covered": 47.36842105263158, "percent_statements_covered_display": "47.37"}, "missing_lines": [25, 26, 31, 38, 39, 40, 43, 44, 45, 47], "excluded_lines": []}, "convert_yaml_to_json": {"executed_lines": [66, 67, 71, 72, 73, 77, 78, 95, 96], "summary": {"covered_lines": 9, "num_statements": 19, "percent_covered": 47.36842105263158, "percent_covered_display": "47.37", "missing_lines": 10, "excluded_lines": 0, "percent_statements_covered": 47.36842105263158, "percent_statements_covered_display": "47.37"}, "missing_lines": [68, 69, 74, 81, 82, 83, 86, 87, 88, 90], "excluded_lines": []}, "convert_csv_to_json": {"executed_lines": [109, 110, 135, 136], "summary": {"covered_lines": 4, "num_statements": 16, "percent_covered": 25.0, "percent_covered_display": "25.00", "missing_lines": 12, "excluded_lines": 0, "percent_statements_covered": 25.0, "percent_statements_covered_display": "25.00"}, "missing_lines": [111, 112, 115, 116, 117, 120, 121, 122, 125, 126, 127, 129], "excluded_lines": []}, "convert_json_to_csv": {"executed_lines": [149, 150, 181, 182], "summary": {"covered_lines": 4, "num_statements": 21, "percent_covered": 19.047619047619047, "percent_covered_display": "19.05", "missing_lines": 17, "excluded_lines": 0, "percent_statements_covered": 19.047619047619047, "percent_statements_covered_display": "19.05"}, "missing_lines": [151, 152, 155, 156, 158, 159, 162, 163, 164, 167, 168, 169, 170, 171, 172, 173, 175], "excluded_lines": []}, "convert_env_to_json": {"executed_lines": [195, 196, 228, 229], "summary": {"covered_lines": 4, "num_statements": 22, "percent_covered": 18.181818181818183, "percent_covered_display": "18.18", "missing_lines": 18, "excluded_lines": 0, "percent_statements_covered": 18.181818181818183, "percent_statements_covered_display": "18.18"}, "missing_lines": [197, 198, 201, 202, 203, 204, 205, 206, 207, 209, 210, 213, 214, 215, 218, 219, 220, 222], "excluded_lines": []}, "": {"executed_lines": [3, 5, 6, 7, 9, 10, 13, 56, 99, 139, 185], "summary": {"covered_lines": 10, "num_statements": 10, "percent_covered": 100.0, "percent_covered_display": "100.00", "missing_lines": 0, "excluded_lines": 0, "percent_statements_covered": 100.0, "percent_statements_covered_display": "100.00"}, "missing_lines": [], "excluded_lines": []}}, "classes": {"": {"executed_lines": [3, 5, 6, 7, 9, 10, 13, 23, 24, 28, 29, 30, 34, 35, 52, 53, 56, 66, 67, 71, 72, 73, 77, 78, 95, 96, 99, 109, 110, 135, 136, 139, 149, 150, 181, 182, 185, 195, 196, 228, 229], "summary": {"covered_lines": 40, "num_statements": 107, "percent_covered": 37.38317757009346, "percent_covered_display": "37.38", "missing_lines": 67, "excluded_lines": 0, "percent_statements_covered": 37.38317757009346, "percent_statements_covered_display": "37.38"}, "missing_lines": [25, 26, 31, 38, 39, 40, 43, 44, 45, 47, 68, 69, 74, 81, 82, 83, 86, 87, 88, 90, 111, 112, 115, 116, 117, 120, 121, 122, 125, 126, 127, 129, 151, 152, 155, 156, 158, 159, 162, 163, 164, 167, 168, 169, 170, 171, 172, 173, 175, 197, 198, 201, 202, 203, 204, 205, 206, 207, 209, 210, 213, 214, 215, 218, 219, 220, 222], "excluded_lines": []}}}, "rev/tools/dependencies.py": {"executed_lines": [3, 5, 6, 8, 9, 13, 16, 19, 22, 26, 32, 41, 42, 44, 45, 54, 55, 60, 66, 68, 69, 70, 71, 72, 73, 74, 77, 78, 86, 87, 92, 93, 94, 119, 120, 121, 124, 130, 140, 141, 147, 163, 182, 188, 197, 198, 204, 210, 244, 265], "summary": {"covered_lines": 49, "num_statements": 137, "percent_covered": 35.76642335766423, "percent_covered_display": "35.77", "missing_lines": 88, "excluded_lines": 0, "percent_statements_covered": 35.76642335766423, "percent_statements_covered_display": "35.77"}, "missing_lines": [23, 29, 46, 47, 48, 49, 50, 51, 56, 57, 58, 79, 95, 96, 97, 99, 100, 101, 102, 105, 106, 107, 108, 110, 111, 122, 126, 127, 142, 143, 144, 145, 149, 150, 152, 153, 154, 161, 165, 166, 168, 169, 170, 176, 177, 184, 185, 199, 200, 201, 202, 212, 213, 215, 216, 217, 218, 219, 220, 221, 222, 223, 226, 227, 229, 230, 231, 232, 233, 234, 235, 236, 237, 239, 246, 247, 249, 250, 251, 253, 254, 255, 256, 258, 259, 260, 267, 268], "excluded_lines": [], "functions": {"_get_dep_cache": {"executed_lines": [19, 22], "summary": {"covered_lines": 2, "num_statements": 3, "percent_covered": 66.66666666666667, "percent_covered_display": "66.67", "missing_lines": 1, "excluded_lines": 0, "percent_statements_covered": 66.66666666666667, "percent_statements_covered_display": "66.67"}, "missing_lines": [23], "excluded_lines": []}, "set_dep_cache": {"executed_lines": [], "summary": {"covered_lines": 0, "num_statements": 1, "percent_covered": 0.0, "percent_covered_display": "0.00", "missing_lines": 1, "excluded_lines": 0, "percent_statements_covered": 0.0, "percent_statements_covere
[...]
": 0, "percent_statements_covered": 25.0, "percent_statements_covered_display": "25.00"}, "missing_lines": [129, 130, 131, 136, 137, 138, 144, 145, 146, 153, 154, 155], "excluded_lines": []}, "run_cmd": {"executed_lines": [162, 163, 164, 165, 166, 167, 168], "summary": {"covered_lines": 7, "num_statements": 9, "percent_covered": 77.77777777777777, "percent_covered_display": "77.78", "missing_lines": 2, "excluded_lines": 0, "percent_statements_covered": 77.77777777777777, "percent_statements_covered_display": "77.78"}, "missing_lines": [174, 175], "excluded_lines": []}, "run_tests": {"executed_lines": [180, 181, 182, 183, 184, 185], "summary": {"covered_lines": 6, "num_statements": 8, "percent_covered": 75.0, "percent_covered_display": "75.00", "missing_lines": 2, "excluded_lines": 0, "percent_statements_covered": 75.0, "percent_statements_covered_display": "75.00"}, "missing_lines": [191, 192], "excluded_lines": []}, "get_repo_context": {"executed_lines": [197, 200, 201, 207, 208, 210, 211, 212, 213, 214, 215, 217, 224, 227], "summary": {"covered_lines": 14, "num_statements": 18, "percent_covered": 77.77777777777777, "percent_covered_display": "77.78", "missing_lines": 4, "excluded_lines": 0, "percent_statements_covered": 77.77777777777777, "percent_statements_covered_display": "77.78"}, "missing_lines": [202, 203, 204, 225], "excluded_lines": []}, "": {"executed_lines": [3, 5, 6, 7, 8, 9, 10, 11, 13, 18, 34, 45, 70, 92, 104, 119, 160, 178, 195], "summary": {"covered_lines": 18, "num_statements": 18, "percent_covered": 100.0, "percent_covered_display": "100.00", "missing_lines": 0, "excluded_lines": 0, "percent_statements_covered": 100.0, "percent_statements_covered_display": "100.00"}, "missing_lines": [], "excluded_lines": []}}, "classes": {"": {"executed_lines": [3, 5, 6, 7, 8, 9, 10, 11, 13, 18, 20, 34, 45, 47, 48, 49, 50, 51, 52, 53, 55, 56, 57, 64, 65, 70, 72, 74, 75, 79, 80, 81, 92, 94, 95, 96, 104, 106, 107, 108, 109, 110, 111, 119, 121, 122, 123, 124, 160, 162, 163, 164, 165, 166, 167, 168, 178, 180, 181, 182, 183, 184, 185, 195, 197, 200, 201, 207, 208, 210, 211, 212, 213, 214, 215, 217, 224, 227], "summary": {"covered_lines": 77, "num_statements": 115, "percent_covered": 66.95652173913044, "percent_covered_display": "66.96", "missing_lines": 38, "excluded_lines": 0, "percent_statements_covered": 66.95652173913044, "percent_statements_covered_display": "66.96"}, "missing_lines": [36, 37, 38, 39, 40, 41, 42, 54, 66, 67, 76, 83, 88, 89, 100, 101, 115, 116, 129, 130, 131, 136, 137, 138, 144, 145, 146, 153, 154, 155, 174, 175, 191, 192, 202, 203, 204, 225], "excluded_lines": []}}}, "rev/tools/registry.py": {"executed_lines": [3, 5, 6, 9, 14, 18, 21, 26, 28, 30, 32, 34, 36, 38, 40, 42, 44, 46, 48, 52, 54, 56, 58, 60, 62, 64, 66, 68, 70, 74, 76, 78, 80, 84, 86, 88, 90, 94, 97, 99, 101, 103, 105, 109, 115, 121, 129, 134, 146], "summary": {"covered_lines": 48, "num_statements": 98, "percent_covered": 48.97959183673469, "percent_covered_display": "48.98", "missing_lines": 50, "excluded_lines": 0, "percent_statements_covered": 48.97959183673469, "percent_statements_covered_display": "48.98"}, "missing_lines": [33, 35, 37, 39, 41, 43, 45, 47, 49, 53, 55, 57, 59, 61, 63, 65, 67, 69, 71, 75, 77, 79, 81, 85, 87, 89, 91, 95, 98, 100, 102, 104, 106, 110, 111, 112, 113, 114, 116, 117, 118, 119, 120, 122, 123, 124, 125, 126, 130, 131], "excluded_lines": [], "functions": {"execute_tool": {"executed_lines": [28, 30, 32, 34, 36, 38, 40, 42, 44, 46, 48, 52, 54, 56, 58, 60, 62, 64, 66, 68, 70, 74, 76, 78, 80, 84, 86, 88, 90, 94, 97, 99, 101, 103, 105, 109, 115, 121, 129], "summary": {"covered_lines": 39, "num_statements": 89, "percent_covered": 43.82022471910113, "percent_covered_display": "43.82", "missing_lines": 50, "excluded_lines": 0, "percent_statements_covered": 43.82022471910113, "percent_statements_covered_display": "43.82"}, "missing_lines": [33, 35, 37, 39, 41, 43, 45, 47, 49, 53, 55, 57, 59, 61, 63, 65, 67, 69, 71, 75, 77, 79, 81, 85, 87, 89, 91, 95, 98, 100, 102, 104, 106, 110, 111, 112, 113, 114, 116, 117, 118, 119, 120, 122, 123, 124, 125, 126, 130, 131], "excluded_lines": []}, "get_available_tools": {"executed_lines": [146], "summary": {"covered_lines": 1, "num_statements": 1, "percent_covered": 100.0, "percent_covered_display": "100.00", "missing_lines": 0, "excluded_lines": 0, "percent_statements_covered": 100.0, "percent_statements_covered_display": "100.00"}, "missing_lines": [], "excluded_lines": []}, "": {"executed_lines": [3, 5, 6, 9, 14, 18, 21, 26, 134], "summary": {"covered_lines": 8, "num_statements": 8, "percent_covered": 100.0, "percent_covered_display": "100.00", "missing_lines": 0, "excluded_lines": 0, "percent_statements_covered": 100.0, "percent_statements_covered_display": "100.00"}, "missing_lines": [], "excluded_lines": []}}, "classes": {"": {"executed_lines": [3, 5, 6, 9, 14, 18, 21, 26, 28, 30, 32, 34, 36, 38, 40, 42, 44, 46, 48, 52, 54, 56, 58, 60, 62, 64, 66, 68, 70, 74, 76, 78, 80, 84, 86, 88, 90, 94, 97, 99, 101, 103, 105, 109, 115, 121, 129, 134, 146], "summary": {"covered_lines": 48, "num_statements": 98, "percent_covered": 48.97959183673469, "percent_covered_display": "48.98", "missing_lines": 50, "excluded_lines": 0, "percent_statements_covered": 48.97959183673469, "percent_statements_covered_display": "48.98"}, "missing_lines": [33, 35, 37, 39, 41, 43, 45, 47, 49, 53, 55, 57, 59, 61, 63, 65, 67, 69, 71, 75, 77, 79, 81, 85, 87, 89, 91, 95, 98, 100, 102, 104, 106, 110, 111, 112, 113, 114, 116, 117, 118, 119, 120, 122, 123, 124, 125, 126, 130, 131], "excluded_lines": []}}}, "rev/tools/security.py": {"executed_lines": [3, 5, 6, 7, 9, 10, 13, 23, 24, 25, 26, 81, 82, 85, 94, 95, 96, 97, 134, 135, 138, 147, 149, 150, 151, 153, 182, 211], "summary": {"covered_lines": 27, "num_statements": 100, "percent_covered": 27.0, "percent_covered_display": "27.00", "missing_lines": 73, "excluded_lines": 0, "percent_statements_covered": 27.0, "percent_statements_covered_display": "27.00"}, "missing_lines": [28, 29, 32, 33, 34, 36, 37, 38, 39, 40, 41, 42, 43, 46, 47, 48, 50, 51, 52, 53, 54, 55, 56, 57, 59, 60, 66, 67, 68, 69, 70, 71, 73, 100, 101, 103, 104, 109, 110, 111, 114, 117, 118, 119, 121, 128, 129, 154, 155, 158, 159, 161, 162, 163, 164, 170, 178, 179, 183, 184, 186, 187, 189, 190, 192, 193, 194, 195, 201, 208, 209, 216, 217], "excluded_lines": [], "functions": {"scan_code_security": {"executed_lines": [23, 24, 25, 26, 81, 82], "summary": {"covered_lines": 6, "num_statements": 39, "percent_covered": 15.384615384615385, "percent_covered_display": "15.38", "missing_lines": 33, "excluded_lines": 0, "percent_statements_covered": 15.384615384615385, "percent_statements_covered_display": "15.38"}, "missing_lines": [28, 29, 32, 33, 34, 36, 37, 38, 39, 40, 41, 42, 43, 46, 47, 48, 50, 51, 52, 53, 54, 55, 56, 57, 59, 60, 66, 67, 68, 69, 70, 71, 73], "excluded_lines": []}, "detect_secrets": {"executed_lines": [94, 95, 96, 97, 134, 135], "summary": {"covered_lines": 6, "num_statements": 20, "percent_covered": 30.0, "percent_covered_display": "30.00", "missing_lines": 14, "excluded_lines": 0, "percent_statements_covered": 30.0, "percent_statements_covered_display": "30.00"}, "missing_lines": [100, 101, 103, 104, 109, 110, 111, 114, 117, 118, 119, 121, 128, 129], "excluded_lines": []}, "check_license_compliance": {"executed_lines": [147, 149, 150, 151, 153, 182, 211], "summary": {"covered_lines": 7, "num_statements": 33, "percent_covered": 21.21212121212121, "percent_covered_display": "21.21", "missing_lines": 26, "excluded_lines": 0, "percent_statements_covered": 21.21212121212121, "percent_statements_covered_display": "21.21"}, "missing_lines": [154, 155, 158, 159, 161, 162, 163, 164, 170, 178, 179, 183, 184, 186, 187, 189, 190, 192, 193, 194, 195, 201, 208, 209, 216, 217], "excluded_lines": []}, "": {"executed_lines": [3, 5, 6, 7, 9, 10, 13, 85, 138], "summary": {"covered_lines": 8, "num_statements": 8, "percent_covered": 100.0, "percent_covered_display": "100.00", "missing_lines": 0, "excluded_lines": 0, "percent_statements_covered": 100.0, "percent_statements_covered_display": "100.00"}, "missing_lines": [], "excluded_lines": []}}, "classes": {"": {"executed_lines": [3, 5, 6, 7, 9, 10, 13, 23, 24, 25, 26, 81, 82, 85, 94, 95, 96, 97, 134, 135, 138, 147, 149, 150, 151, 153, 182, 211], "summary": {"covered_lines": 27, "num_statements": 100, "percent_covered": 27.0, "percent_covered_display": "27.00", "missing_lines": 73, "excluded_lines": 0, "percent_statements_covered": 27.0, "percent_statements_covered_display": "27.00"}, "missing_lines": [28, 29, 32, 33, 34, 36, 37, 38, 39, 40, 41, 42, 43, 46, 47, 48, 50, 51, 52, 53, 54, 55, 56, 57, 59, 60, 66, 67, 68, 69, 70, 71, 73, 100, 101, 103, 104, 109, 110, 111, 114, 117, 118, 119, 121, 128, 129, 154, 155, 158, 159, 161, 162, 163, 164, 170, 178, 179, 183, 184, 186, 187, 189, 190, 192, 193, 194, 195, 201, 208, 209, 216, 217], "excluded_lines": []}}}, "rev/tools/ssh_ops.py": {"executed_lines": [3, 5, 6, 8, 11, 12, 14, 15, 17, 20, 21, 61, 63, 64, 86, 107, 128, 130, 131, 146, 148, 162, 165, 167, 168, 171, 173, 174, 177, 183, 189, 191, 192, 195, 197, 198], "summary": {"covered_lines": 34, "num_statements": 89, "percent_covered": 38.20224719101124, "percent_covered_display": "38.20", "missing_lines": 55, "excluded_lines": 0, "percent_statements_covered": 38.20224719101124, "percent_statements_covered_display": "38.20"}, "missing_lines": [23, 25, 27, 28, 30, 31, 34, 35, 36, 37, 40, 42, 50, 58, 59, 66, 67, 68, 70, 71, 72, 74, 83, 84, 88, 89, 91, 92, 93, 94, 95, 97, 104, 105, 109, 110, 112, 113, 114, 115, 116, 118, 125, 126, 133, 134, 135, 136, 138, 143, 144, 179, 180, 185, 186], "excluded_lines": [], "functions": {"SSHConnectionManager.__init__": {"executed_lines": [15], "summary": {"covered_lines": 1, "num_statements": 1, "percent_covered": 100.0, "percent_covered_display": "100.00", "missing_lines": 0, "excluded_lines": 0, "percent_statements_covered": 100.0, "percent_statements_covered_display": "100.00"}, "missing_lines": [], "excluded_lines": []}, "SSHConnectionManager.connect": {"executed_lines": [20, 21], "summary": {"covered_lines": 2, "num_statements": 17, "percent_covered": 11.764705882352942, "percent_covered_display": "11.76", "missing_lines": 15, "excluded_lines": 0, "percent_statements_covered": 11.764705882352942, "percent_statements_covered_display": "11.76"}, "missing_lines": [23, 25, 27, 28, 30, 31, 34, 35, 36, 37, 40, 42, 50, 58, 59], "excluded_lines": []}, "SSHConnectionManager.execute": {"executed_lines": [63, 64], "summary": {"covered_lines": 2, "num_statements": 11, "percent_covered": 18.181818181818183, "percent_covered_display": "18.18", "missing_lines": 9, "excluded_lines": 0, "percent_statements_covered": 18.181818181818183, "percent_statements_covered_display": "18.18"}, "missing_lines": [66, 67, 68, 70, 71, 72, 74, 83, 84], "excluded_lines": []}, "SSHConnectionManager.copy_file_to_remote": {"executed_lines": [], "summary": {"covered_lines": 0, "num_statements": 10, "percent_covered": 0.0, "percent_covered_display": "0.00", "missing_lines": 10, "excluded_lines": 0, "percent_statements_covered": 0.0, "percent_statements_covered_display": "0.00"}, "missing_lines": [88, 89, 91, 92, 93, 94, 95, 97, 104, 105], "excluded_lines": []}, "SSHConnectionManager.copy_file_from_remote": {"executed_lines": [], "summary": {"covered_lines": 0, "num_statements": 10, "percent_covered": 0.0, "percent_covered_display": "0.00", "missing_lines": 10, "excluded_lines": 0, "percent_statements_covered": 0.0, "percent_statements_covered_display": "0.00"}, "missing_lines": [109, 110, 112, 113, 114, 115, 116, 118, 125, 126], "excluded_lines": []}, "SSHConnectionManager.disconnect": {"executed_lines": [130, 131], "summary": {"covered_lines": 2, "num_statements": 9, "percent_covered": 22.22222222222222, "percent_covered_display": "22.22", "missing_lines": 7, "excluded_lines": 0, "percent_statements_covered": 22.22222222222222, "percent_statements_covered_display": "22.22"}, "missing_lines": [133, 134, 135, 136, 138, 143, 144], "excluded_lines": []}, "SSHConnectionManager.list_connections": {"executed_lines": [148], "summary": {"covered_lines": 1, "num_statements": 1, "percent_covered": 100.0, "percent_covered_display": "100.00", "missing_lines": 0, "excluded_lines": 0, "percent_statements_covered": 100.0, "percent_statements_covered_display": "100.00"}, "missing_lines": [], "excluded_lines": []}, "ssh_connect": {"executed_lines": [167, 168], "summary": {"covered_lines": 2, "num_statements": 2, "percent_covered": 100.0, "percent_covered_display": "100.00", "missing_lines": 0, "excluded_lines": 0, "percent_statements_covered": 100.0, "percent_statements_covered_display": "100.00"}, "missing_lines": [], "excluded_lines": []}, "ssh_exec": {"executed_lines": [173, 174], "summary": {"covered_lines": 2, "num_statements": 2, "percent_covered": 100.0, "percent_covered_display": "100.00", "missing_lines": 0, "excluded_lines": 0, "percent_statements_covered": 100.0, "percent_statements_covered_display": "100.00"}, "missing_lines": [], "excluded_lines": []}, "ssh_copy_to": {"executed_lines": [], "summary": {"covered_lines": 0, "num_statements": 2, "percent_covered": 0.0, "percent_covered_display": "0.00", "missing_lines": 2, "excluded_lines": 0, "percent_statements_covered": 0.0, "percent_statements_covered_display": "0.00"}, "missing_lines": [179, 180], "excluded_lines": []}, "ssh_copy_from": {"executed_lines": [], "summary": {"covered_lines": 0, "num_statements": 2, "percent_covered": 0.0, "percent_covered_display": "0.00", "missing_lines": 2, "excluded_lines": 0, "percent_statements_covered": 0.0, "percent_statements_covered_display": "0.00"}, "missing_lines": [185, 186], "excluded_lines": []}, "ssh_disconnect": {"executed_lines": [191, 192], "summary": {"covered_lines": 2, "num_statements": 2, "percent_covered": 100.0, "percent_covered_display": "100.00", "missing_lines": 0, "excluded_lines": 0, "percent_statements_covered": 100.0, "percent_statements_covered_display": "100.00"}, "missing_lines": [], "excluded_lines": []}, "ssh_list_connections": {"executed_lines": [197, 198], "summary": {"covered_lines": 2, "num_statements": 2, "percent_covered": 100.0, "percent_covered_display": "100.00", "missing_lines": 0, "excluded_lines": 0, "percent_statements_covered": 100.0, "percent_statements_covered_display": "100.00"}, "missing_lines": [], "excluded_lines": []}, "": {"executed_lines": [3, 5, 6, 8, 11, 12, 14, 17, 61, 86, 107, 128, 146, 162, 165, 171, 177, 183, 189, 195], "summary": {"covered_lines": 18, "num_statements": 18, "percent_covered": 100.0, "percent_covered_display": "100.00", "missing_lines": 0, "excluded_lines": 0, "percent_statements_covered": 100.0, "percent_statements_covered_display": "100.00"}, "missing_lines": [], "excluded_lines": []}}, "classes": {"SSHConnectionManager": {"executed_lines": [15, 20, 21, 63, 64, 130, 131, 148], "summary": {"covered_lines": 8, "num_statements": 59, "percent_covered": 13.559322033898304, "percent_covered_display": "13.56", "missing_lines": 51, "excluded_lines": 0, "percent_statements_covered": 13.559322033898304, "percent_statements_covered_display": "13.56"}, "missing_lines": [23, 25, 27, 28, 30, 31, 34, 35, 36, 37, 40, 42, 50, 58, 59, 66, 67, 68, 70, 71, 72, 74, 83, 84, 88, 89, 91, 92, 93, 94, 95, 97, 104, 105, 109, 110, 112, 113, 114, 115, 116, 118, 125, 126, 133, 134, 135, 136, 138, 143, 144], "excluded_lines": []}, "": {"executed_lines": [3, 5, 6, 8, 11, 12, 14, 17, 61, 86, 107, 128, 146, 162, 165, 167, 168, 171, 173, 174, 177, 183, 189, 191, 192, 195, 197, 198], "summary": {"covered_lines": 26, "num_statements": 30, "percent_covered": 86.66666666666667, "percent_covered_display": "86.67", "missing_lines": 4, "excluded_lines": 0, "percent_statements_covered": 86.66666666666667, "percent_statements_covered_display": "86.67"}, "missing_lines": [179, 180, 185, 186], "excluded_lines": []}}}, "rev/tools/utils.py": {"executed_lines": [3, 5, 6, 7, 8, 9, 10, 11, 12, 13, 15, 16, 20, 21, 23, 24, 25, 28, 31, 43, 44, 45, 46, 49, 59, 71, 80, 81, 82, 91, 100, 103, 104, 105, 112, 113, 116, 125, 126, 127, 130, 139, 141, 142, 144, 148, 149, 152, 158, 159, 171], "summary": {"covered_lines": 50, "num_statements": 59, "percent_covered": 84.7457627118644, "percent_covered_display": "84.75", "missing_lines": 9, "excluded_lines": 0, "percent_statements_covered": 84.7457627118644, "percent_statements_covered_display": "84.75"}, "missing_lines": [17, 18, 22, 87, 88, 101, 106, 172, 173], "excluded_lines": [], "functions": {"_safe_path": {"executed_lines": [43, 44, 45, 46], "summary": {"covered_lines": 4, "num_statements": 4, "percent_covered": 100.0, "percent_covered_display": "100.00", "missing_lines": 0, "excluded_lines": 0, "percent_statements_covered": 100.0, "percent_statements_covered_display": "100.00"}, "missing_lines": [], "excluded_lines": []}, "_run_shell": {"executed_lines": [59], "summary": {"covered_lines": 1, "num_statements": 1, "percent_covered": 100.0, "percent_covered_display": "100.00", "missing_lines": 0, "excluded_lines": 0, "percent_statements_covered": 100.0, "percent_statements_covered_display": "100.00"}, "missing_lines": [], "excluded_lines": []}, "install_package": {"executed_lines": [80, 81, 82], "summary": {"covered_lines": 3, "num_statements": 5, "percent_covered": 60.0, "percent_covered_display": "60.00", "missing_lines": 2, "excluded_lines": 0, "percent_statements_covered": 60.0, "percent_statements_covered_display": "60.00"}, "missing_lines": [87, 88], "excluded_lines": []}, "web_fetch": {"executed_lines": [100, 103, 104, 105, 112, 113], "summary": {"covered_lines": 6, "num_statements": 8, "percent_covered": 75.0, "percent_covered_display": "75.00", "missing_lines": 2, "excluded_lines": 0, "percent_statements_covered": 75.0, "percent_statements_covered_display": "75.00"}, "missing_lines": [101, 106], "excluded_lines": []}, "execute_python": {"executed_lines": [125, 126, 127, 130, 139, 141, 142, 144, 148, 149], "summary": {"covered_lines": 10, "num_statements": 10, "percent_covered": 100.0, "percent_covered_display": "100.00", "missing_lines": 0, "excluded_lines": 0, "percent_statements_covered": 100.0, "percent_statements_covered_display": "100.00"}, "missing_lines": [], "excluded_lines": []}, "get_system_info": {"executed_lines": [158, 159, 171], "summary": {"covered_lines": 3, "num_statements": 5, "percent_covered": 60.0, "percent_covered_display": "60.00", "missing_lines": 2, "excluded_lines": 0, "percent_statements_covered": 60.0, "percent_statements_covered_display": "60.00"}, "missing_lines": [172, 173], "excluded_lines": []}, "": {"executed_lines": [3, 5, 6, 7, 8, 9, 10, 11, 12, 13, 15, 16, 20, 21, 23, 24, 25, 28, 31, 49, 71, 91, 116, 152], "summary": {"covered_lines": 23, "num_statements": 26, "percent_covered": 88.46153846153847, "percent_covered_display": "88.46", "missing_lines": 3, "excluded_lines": 0, "percent_statements_covered": 88.46153846153847, "percent_statements_covered_display": "88.46"}, "missing_lines": [17, 18, 22], "excluded_lines": []}}, "classes": {"": {"executed_lines": [3, 5, 6, 7, 8, 9, 10, 11, 12, 13, 15, 16, 20, 21, 23, 24, 25, 28, 31, 43, 44, 45, 46, 49, 59, 71, 80, 81, 82, 91, 100, 103, 104, 105, 112, 113, 116, 125, 126, 127, 130, 139, 141, 142, 144, 148, 149, 152, 158, 159, 171], "summary": {"covered_lines": 50, "num_statements": 59, "percent_covered": 84.7457627118644, "percent_covered_display": "84.75", "missing_lines": 9, "excluded_lines": 0, "percent_statements_covered": 84.7457627118644, "percent_statements_covered_display": "84.75"}, "missing_lines": [17, 18, 22, 87, 88, 101, 106, 172, 173], "excluded_lines": []}}}}, "totals": {"covered_lines": 784, "num_statements": 2370, "percent_covered": 33.08016877637131, "percent_covered_display": "33.08", "missing_lines": 1586, "excluded_lines": 4, "percent_statements_covered": 33.08016877637131, "percent_statements_covered_display": "33.08"}}