{"meta": {"format": 3, "version": "7.13.0", "timestamp": "2025-12-10T14:25:51.608870", "branch_coverage": false, "show_contexts": false}, "files": {"rev/__init__.py": {"executed_lines": [3, 5, 8, 11, 19, 29, 35, 119, 126, 128, 237, 238, 240], "summary": {"covered_lines": 12, "num_statements": 17, "percent_covered": 70.58823529411765, "percent_covered_display": "70.59", "missing_lines": 5, "excluded_lines": 0, "percent_statements_covered": 70.58823529411765, "percent_statements_covered_display": "70.59"}, "missing_lines": [247, 248, 255, 260, 261], "excluded_lines": [], "functions": {"_run_shell": {"executed_lines": [], "summary": {"covered_lines": 0, "num_statements": 5, "percent_covered": 0.0, "percent_covered_display": "0.00", "missing_lines": 5, "excluded_lines": 0, "percent_statements_covered": 0.0, "percent_statements_covered_display": "0.00"}, "missing_lines": [247, 248, 255, 260, 261], "excluded_lines": []}, "": {"executed_lines": [3, 5, 8, 11, 19, 29, 35, 119, 126, 128, 237, 238, 240], "summary": {"covered_lines": 12, "num_statements": 12, "percent_covered": 100.0, "percent_covered_display": "100.00", "missing_lines": 0, "excluded_lines": 0, "percent_statements_covered": 100.0, "percent_statements_covered_display": "100.00"}, "missing_lines": [], "excluded_lines": []}}, "classes": {"": {"executed_lines": [3, 5, 8, 11, 19, 29, 35, 119, 126, 128, 237, 238, 240], "summary": {"covered_lines": 12, "num_statements": 17, "percent_covered": 70.58823529411765, "percent_covered_display": "70.59", "missing_lines": 5, "excluded_lines": 0, "percent_statements_covered": 70.58823529411765, "percent_statements_covered_display": "70.59"}, "missing_lines": [247, 248, 255, 260, 261], "excluded_lines": []}}}, "rev/__main__.py": {"executed_lines": [], "summary": {"covered_lines": 0, "num_statements": 1, "percent_covered": 0.0, "percent_covered_display": "0.00", "missing_lines": 1, "excluded_lines": 2, "percent_statements_covered": 0.0, "percent_statements_covered_display": "0.00"}, "missing_lines": [5], "excluded_lines": [7, 8], "functions": {"": {"executed_lines": [], "summary": {"covered_lines": 0, "num_statements": 1, "percent_covered": 0.0, "percent_covered_display": "0.00", "missing_lines": 1, "excluded_lines": 2, "percent_statements_covered": 0.0, "percent_statements_covered_display": "0.00"}, "missing_lines": [5], "excluded_lines": [7, 8]}}, "classes": {"": {"executed_lines": [], "summary": {"covered_lines": 0, "num_statements": 1, "percent_covered": 0.0, "percent_covered_display": "0.00", "missing_lines": 1, "excluded_lines": 2, "percent_statements_covered": 0.0, "percent_statements_covered_display": "0.00"}, "missing_lines": [5], "excluded_lines": [7, 8]}}}, "rev/cache/__init__.py": {"executed_lines": [3, 5, 7, 8, 16, 36, 37, 38, 39, 40, 43, 54, 59, 64, 69, 74, 79, 90, 99], "summary": {"covered_lines": 18, "num_statements": 39, "percent_covered": 46.15384615384615, "percent_covered_display": "46.15", "missing_lines": 21, "excluded_lines": 0, "percent_statements_covered": 46.15384615384615, "percent_statements_covered_display": "46.15"}, "missing_lines": [47, 48, 49, 50, 51, 56, 61, 66, 71, 76, 81, 92, 93, 94, 95, 96, 101, 102, 103, 104, 105], "excluded_lines": [], "functions": {"initialize_caches": {"executed_lines": [], "summary": {"covered_lines": 0, "num_statements": 5, "percent_covered": 0.0, "percent_covered_display": "0.00", "missing_lines": 5, "excluded_lines": 0, "percent_statements_covered": 0.0, "percent_statements_covered_display": "0.00"}, "missing_lines": [47, 48, 49, 50, 51], "excluded_lines": []}, "get_file_cache": {"executed_lines": [], "summary": {"covered_lines": 0, "num_statements": 1, "percent_covered": 0.0, "percent_covered_display": "0.00", "missing_lines": 1, "excluded_lines": 0, "percent_statements_covered": 0.0, "percent_statements_covered_display": "0.00"}, "missing_lines": [56], "excluded_lines": []}, "get_llm_cache": {"executed_lines": [], "summary": {"covered_lines": 0, "num_statements": 1, "percent_covered": 0.0, "percent_covered_display": "0.00", "missing_lines": 1, "excluded_lines": 0, "percent_statements_covered": 0.0, "percent_statements_covered_display": "0.00"}, "missing_lines": [61], "excluded_lines": []}, "get_repo_cache": {"executed_lines": [], "summary": {"covered_lines": 0, "num_statements": 1, "percent_covered": 0.0, "percent_covered_display": "0.00", "missing_lines": 1, "excluded_lines": 0, "percent_statements_covered": 0.0, "percent_statements_covered_display": "0.00"}, "missing_lines": [66], "excluded_lines": []}, "get_dep_cache": {"executed_lines": [], "summary": {"covered_lines": 0, "num_statements": 1, "percent_covered": 0.0, "percent_covered_display": "0.00", "missing_lines": 1, "excluded_lines": 0, "percent_statements_covered": 0.0, "percent_statements_covered_display": "0.00"}, "missing_lines": [71], "excluded_lines": []}, "get_ast_cache": {"executed_lines": [], "summary": {"covered_lines": 0, "num_statements": 1, "percent_covered": 0.0, "percent_covered_display": "0.00", "missing_lines": 1, "excluded_lines": 0, "percent_statements_covered": 0.0, "percent_statements_covered_display": "0.00"}, "missing_lines": [76], "excluded_lines": []}, "get_all_cache_stats": {"executed_lines": [], "summary": {"covered_lines": 0, "num_statements": 1, "percent_covered": 0.0, "percent_covered_display": "0.00", "missing_lines": 1, "excluded_lines": 0, "percent_statements_covered": 0.0, "percent_statements_covered_display": "0.00"}, "missing_lines": [81], "excluded_lines": []}, "clear_all_caches": {"executed_lines": [], "summary": {"covered_lines": 0, "num_statements": 5, "percent_covered": 0.0, "percent_covered_display": "0.00", "missing_lines": 5, "excluded_lines": 0, "percent_statements_covered": 0.0, "percent_statements_covered_display": "0.00"}, "missing_lines": [92, 93, 94, 95, 96], "excluded_lines": []}, "save_all_caches": {"executed_lines": [], "summary": {"covered_lines": 0, "num_statements": 5, "percent_covered": 0.0, "percent_covered_display": "0.00", "missing_lines": 5, "excluded_lines": 0, "percent_statements_covered": 0.0, "percent_statements_covered_display": "0.00"}, "missing_lines": [101, 102, 103, 104, 105], "excluded_lines": []}, "": {"executed_lines": [3, 5, 7, 8, 16, 36, 37, 38, 39, 40, 43, 54, 59, 64, 69, 74, 79, 90, 99], "summary": {"covered_lines": 18, "num_statements": 18, "percent_covered": 100.0, "percent_covered_display": "100.00", "missing_lines": 0, "excluded_lines": 0, "percent_statements_covered": 100.0, "percent_statements_covered_display": "100.00"}, "missing_lines": [], "excluded_lines": []}}, "classes": {"": {"executed_lines": [3, 5, 7, 8, 16, 36, 37, 38, 39, 40, 43, 54, 59, 64, 69, 74, 79, 90, 99], "summary": {"covered_lines": 18, "num_statements": 39, "percent_covered": 46.15384615384615, "percent_covered_display": "46.15", "missing_lines": 21, "excluded_lines": 0, "percent_statements_covered": 46.15384615384615, "percent_statements_covered_display": "46.15"}, "missing_lines": [47, 48, 49, 50, 51, 56, 61, 66, 71, 76, 81, 92, 93, 94, 95, 96, 101, 102, 103, 104, 105], "excluded_lines": []}}}, "rev/cache/base.py": {"executed_lines": [3, 5, 6, 7, 8, 9, 10, 11, 12, 15, 16, 17, 18, 19, 20, 21, 22, 23, 26, 27, 38, 69, 83, 89, 99, 111, 136, 171, 180, 186, 210, 228], "summary": {"covered_lines": 29, "num_statements": 126, "percent_covered": 23.015873015873016, "percent_covered_display": "23.02", "missing_lines": 97, "excluded_lines": 0, "percent_statements_covered": 23.015873015873016, "percent_statements_covered_display": "23.02"}, "missing_lines": [46, 47, 48, 49, 50, 53, 54, 57, 66, 67, 71, 72, 73, 74, 75, 76, 77, 79, 80, 81, 85, 86, 87, 91, 92, 95, 96, 97, 101, 106, 107, 108, 109, 113, 114, 115, 116, 118, 121, 122, 123, 124, 125, 126, 129, 130, 131, 133, 134, 138, 140, 143, 144, 145, 148, 150, 151, 152, 155, 164, 165, 168, 169, 173, 174, 175, 176, 177, 178, 182, 183, 184, 188, 189, 190, 195, 212, 213, 215, 216, 217, 221, 222, 223, 224, 226, 230, 231, 233, 234, 235, 236, 237, 240, 241, 243, 244], "excluded_lines": [], "functions": {"IntelligentCache.__init__": {"executed_lines": [], "summary": {"covered_lines": 0, "num_statements": 10, "percent_covered": 0.0, "percent_covered_display": "0.00", "missing_lines": 10, "excluded_lines": 0, "percent_statements_covered": 0.0, "percent_statements_covered_display": "0.00"}, "missing_lines": [46, 47, 48, 49, 50, 53, 54, 57, 66, 67], "excluded_lines": []}, "IntelligentCache._compute_size": {"executed_lines": [], "summary": {"covered_lines": 0, "num_statements": 10, "percent_covered": 0.0, "percent_covered_display": "0.00", "missing_lines": 10, "excluded_lines": 0, "percent_statements_covered": 0.0, "percent_statements_covered_display": "0.00"}, "missing_lines": [71, 72, 73, 74, 75, 76, 77, 79, 80, 81], "excluded_lines": []}, "IntelligentCache._is_expired": {"executed_lines": [], "summary": {"covered_lines": 0, "num_statements": 3, "percent_covered": 0.0, "percent_covered_display": "0.00", "missing_lines": 3, "excluded_lines": 0, "percent_statements_covered": 0.0, "percent_statements_covered_display": "0.00"}, "missing_lines": [85, 86, 87], "excluded_lines": []}, "IntelligentCache._evict_lru": {"executed_lines": [], "summary": {"covered_lines": 0, "num_statements": 5, "percent_covered": 0.0, "percent_covered_display": "0.00", "missing_lines": 5, "excluded_lines": 0, "percent_statements_covered": 0.0, "percent_statements_covered_display": "0.00"}, "missing_lines": [91, 92, 95, 96, 97], "excluded_lines": []}, "IntelligentCache._cleanup_expired": {"executed_lines": [], "summary": {"covered_lines": 0, "num_statements": 5, "percent_covered": 0.0, "percent_covered_display": "0.00", "missing_lines": 5, "excluded_lines": 0, "percent_statements_covered": 0.0, "percent_statements_covered_display": "0.00"}, "missing_lines": [101, 106, 107, 108, 109], "excluded_lines": []}, "IntelligentCache.get": {"executed_lines": [], "summary": {"covered_lines": 0, "num_statements": 16, "percent_covered": 0.0, "percent_covered_display": "0.00", "missing_lines": 16, "excluded_lines": 0, "percent_statements_covered": 0.0, "percent_statements_covered_display": "0.00"}, "missing_lines": [113, 114, 115, 116, 118, 121, 122, 123, 124, 125, 126, 129, 130, 131, 133, 134], "excluded_lines": []}, "IntelligentCache.set": {"executed_lines": [], "summary": {"covered_lines": 0, "num_statements": 14, "percent_covered": 0.0, "percent_covered_display": "0.00", "missing_lines": 14, "excluded_lines": 0, "percent_statements_covered": 0.0, "percent_statements_covered_display": "0.00"}, "missing_lines": [138, 140, 143, 144, 145, 148, 150, 151, 152, 155, 164, 165, 168, 169], "excluded_lines": []}, "IntelligentCache.invalidate": {"executed_lines": [], "summary": {"covered_lines": 0, "num_statements": 6, "percent_covered": 0.0, "percent_covered_display": "0.00", "missing_lines": 6, "excluded_lines": 0, "percent_statements_covered": 0.0, "percent_statements_covered_display": "0.00"}, "missing_lines": [173, 174, 175, 176, 177, 178], "excluded_lines": []}, "IntelligentCache.clear": {"executed_lines": [], "summary": {"covered_lines": 0, "num_statements": 3, "percent_covered": 0.0, "percent_covered_display": "0.00", "missing_lines": 3, "excluded_lines": 0, "percent_statements_covered": 0.0, "percent_statements_covered_display": "0.00"}, "missing_lines": [182, 183, 184], "excluded_lines": []}, "IntelligentCache.get_stats": {"executed_lines": [], "summary": {"covered_lines": 0, "num_statements": 4, "percent_covered": 0.0, "percent_covered_display": "0.00", "missing_lines": 4, "excluded_lines": 0, "percent_statements_covered": 0.0, "percent_statements_covered_display": "0.00"}, "missing_lines": [188, 189, 190, 195], "excluded_lines": []}, "IntelligentCache._save_to_disk": {"executed_lines": [], "summary": {"covered_lines": 0, "num_statements": 10, "percent_covered": 0.0, "percent_covered_display": "0.00", "missing_lines": 10, "excluded_lines": 0, "percent_statements_covered": 0.0, "percent_statements_covered_display": "0.00"}, "missing_lines": [212, 213, 215, 216, 217, 221, 222, 223, 224, 226], "excluded_lines": []}, "IntelligentCache._load_from_disk": {"executed_lines": [], "summary": {"covered_lines": 0, "num_statements": 11, "percent_covered": 0.0, "percent_covered_display": "0.00", "missing_lines": 11, "excluded_lines": 0, "percent_statements_covered": 0.0, "percent_statements_covered_display": "0.00"}, "missing_lines": [230, 231, 233, 234, 235, 236, 237, 240, 241, 243, 244], "excluded_lines": []}, "": {"executed_lines": [3, 5, 6, 7, 8, 9, 10, 11, 12, 15, 16, 17, 18, 19, 20, 21, 22, 23, 26, 27, 38, 69, 83, 89, 99, 111, 136, 171, 180, 186, 210, 228], "summary": {"covered_lines": 29, "num_statements": 29, "percent_covered": 100.0, "percent_covered_display": "100.00", "missing_lines": 0, "excluded_lines": 0, "percent_statements_covered": 100.0, "percent_statements_covered_display": "100.00"}, "missing_lines": [], "excluded_lines": []}}, "classes": {"CacheEntry": {"executed_lines": [], "summary": {"covered_lines": 0, "num_statements": 0, "percent_covered": 100.0, "percent_covered_display": "100.00", "missing_lines": 0, "excluded_lines": 0, "percent_statements_covered": 100.0, "percent_statements_covered_display": "100.00"}, "missing_lines": [], "excluded_lines": []}, "IntelligentCache": {"executed_lines": [], "summary": {"covered_lines": 0, "num_statements": 97, "percent_covered": 0.0, "percent_covered_display": "0.00", "missing_lines": 97, "excluded_lines": 0, "percent_statements_covered": 0.0, "percent_statements_covered_display": "0.00"}, "missing_lines": [46, 47, 48, 49, 50, 53, 54, 57, 66, 67, 71, 72, 73, 74, 75, 76, 77, 79, 80, 81, 85, 86, 87, 91, 92, 95, 96, 97, 101, 106, 107, 108, 109, 113, 114, 115, 116, 118, 121, 122, 123, 124, 125, 126, 129, 130, 131, 133, 134, 138, 140, 143, 144, 145, 148, 150, 151, 152, 155, 164, 165, 168, 169, 173, 174, 175, 176, 177, 178, 182, 183, 184, 188, 189, 190, 195, 212, 213, 215, 216, 217, 221, 222, 223, 224, 226, 230, 231, 233, 234, 235, 236, 237, 240, 241, 243, 244], "excluded_lines": []}, "": {"executed_lines": [3, 5, 6, 7, 8, 9, 10, 11, 12, 15, 16, 17, 18, 19, 20, 21, 22, 23, 26, 27, 38, 69, 83, 89, 99, 111, 136, 171, 180, 186, 210, 228], "summary": {"covered_lines": 29, "num_statements": 29, "percent_covered": 100.0, "percent_covered_display": "100.00", "missing_lines": 0, "excluded_lines": 0, "percent_statements_covered": 100.0, "percent_statements_covered_display": "100.00"}, "missing_lines": [], "excluded_lines": []}}}, "rev/cache/implementations.py": {"executed_lines": [3, 5, 6, 7, 8, 9, 10, 12, 15, 16, 18, 21, 44, 54, 55, 61, 67, 96, 120, 131, 144, 145, 147, 151, 169, 187, 188, 194, 197, 217, 239, 240, 242, 246, 273], "summary": {"covered_lines": 29, "num_statements": 142, "percent_covered": 20.422535211267604, "percent_covered_display": "20.42", "missing_lines": 113, "excluded_lines": 0, "percent_statements_covered": 20.422535211267604, "percent_statements_covered_display": "20.42"}, "missing_lines": [19, 23, 24, 27, 28, 31, 32, 33, 36, 37, 38, 39, 40, 42, 46, 47, 49, 50, 51, 62, 63, 64, 65, 76, 77, 80, 82, 83, 85, 86, 89, 90, 92, 94, 110, 111, 114, 117, 118, 128, 129, 140, 141, 148, 149, 154, 155, 162, 163, 164, 166, 167, 171, 172, 179, 180, 181, 183, 184, 195, 207, 208, 211, 212, 213, 215, 225, 226, 228, 229, 230, 232, 243, 244, 249, 251, 252, 253, 254, 255, 256, 257, 258, 259, 260, 261, 262, 263, 264, 266, 267, 268, 269, 271, 275, 277, 278, 279, 280, 281, 282, 283, 284, 285, 286, 287, 288, 289, 290, 292, 293, 294, 295], "excluded_lines": [], "functions": {"FileContentCache.__init__": {"executed_lines": [], "summary": {"covered_lines": 0, "num_statements": 1, "percent_covered": 0.0, "percent_covered_display": "0.00", "missing_lines": 1, "excluded_lines": 0, "percent_statements_covered": 0.0, "percent_statements_covered_display": "0.00"}, "missing_lines": [19], "excluded_lines": []}, "FileContentCache.get_file": {"executed_lines": [], "summary": {"covered_lines": 0, "num_statements": 13, "percent_covered": 0.0, "percent_covered_display": "0.00", "missing_lines": 13, "excluded_lines": 0, "percent_statements_covered": 0.0, "percent_statements_covered_display": "0.00"}, "missing_lines": [23, 24, 27, 28, 31, 32, 33, 36, 37, 38, 39, 40, 42], "excluded_lines": []}, "FileContentCache.set_file": {"executed_lines": [], "summary": {"covered_lines": 0, "num_statements": 5, "percent_covered": 0.0, "percent_covered_display": "0.00", "missing_lines": 5, "excluded_lines": 0, "percent_statements_covered": 0.0, "percent_statements_covered_display": "0.00"}, "missing_lines": [46, 47, 49, 50, 51], "excluded_lines": []}, "LLMResponseCache.__init__": {"executed_lines": [], "summary": {"covered_lines": 0, "num_statements": 4, "percent_covered": 0.0, "percent_covered_display": "0.00", "missing_lines": 4, "excluded_lines": 0, "percent_statements_covered": 0.0, "percent_statements_covered_display": "0.00"}, "missing_lines": [62, 63, 64, 65], "excluded_lines": []}, "LLMResponseCache._hash_tools": {"executed_lines": [], "summary": {"covered_lines": 0, "num_statements": 11, "percent_covered": 0.0, "percent_covered_display": "0.00", "missing_lines": 11, "excluded_lines": 0, "percent_statements_covered": 0.0, "percent_statements_covered_display": "0.00"}, "missing_lines": [76, 77, 80, 82, 83, 85, 86, 89, 90, 92, 94], "excluded_lines": []}, "LLMResponseCache._hash_messages": {"executed_lines": [], "summary": {"covered_lines": 0, "num_statements": 5, "percent_covered": 0.0, "percent_covered_display": "0.00", "missing_lines": 5, "excluded_lines": 0, "percent_statements_covered": 0.0, "percent_statements_covered_display": "0.00"}, "missing_lines": [110, 111, 114, 117, 118], "excluded_lines": []}, "LLMResponseCache.get_response": {"executed_lines": [], "summary": {"covered_lines": 0, "num_statements": 2, "percent_covered": 0.0, "percent_covered_display": "0.00", "missing_lines": 2, "excluded_lines": 0, "percent_statements_covered": 0.0, "percent_statements_covered_display": "0.00"}, "missing_lines": [128, 129], "excluded_lines": []}, "LLMResponseCache.set_response": {"executed_lines": [], "summary": {"covered_lines": 0, "num_statements": 2, "percent_covered": 0.0, "percent_covered_display": "0.00", "missing_lines": 2, "excluded_lines": 0, "percent_statements_covered": 0.0, "percent_statements_covered_display": "0.00"}, "missing_lines": [140, 141], "excluded_lines": []}, "RepoContextCache.__init__": {"executed_lines": [], "summary": {"covered_lines": 0, "num_statements": 2, "percent_covered": 0.0, "percent_covered_display": "0.00", "missing_lines": 2, "excluded_lines": 0, "percent_statements_covered": 0.0, "percent_statements_covered_display": "0.00"}, "missing_lines": [148, 149], "excluded_lines": []}, "RepoContextCache.get_context": {"executed_lines": [], "summary": {"covered_lines": 0, "num_statements": 7, "percent_covered": 0.0, "percent_covered_display": "0.00", "missing_lines": 7, "excluded_lines": 0, "percent_statements_covered": 0.0, "percent_statements_covered_display": "0.00"}, "missing_lines": [154, 155, 162, 163, 164, 166, 167], "excluded_lines": []}, "RepoContextCache.set_context": {"executed_lines": [], "summary": {"covered_lines": 0, "num_statements": 7, "percent_covered": 0.0, "percent_covered_display": "0.00", "missing_lines": 7, "excluded_lines": 0, "percent_statements_covered": 0.0, "percent_statements_covered_display": "0.00"}, "missing_lines": [171, 172, 179, 180, 181, 183, 184], "excluded_lines": []}, "ASTAnalysisCache.__init__": {"executed_lines": [], "summary": {"covered_lines": 0, "num_statements": 1, "percent_covered": 0.0, "percent_covered_display": "0.00", "missing_lines": 1, "excluded_lines": 0, "percent_statements_covered": 0.0, "percent_statements_covered_display": "0.00"}, "missing_lines": [195], "excluded_lines": []}, "ASTAnalysisCache.get_file_analysis": {"executed_lines": [], "summary": {"covered_lines": 0, "num_statements": 6, "percent_covered": 0.0, "percent_covered_display": "0.00", "missing_lines": 6, "excluded_lines": 0, "percent_statements_covered": 0.0, "percent_statements_covered_display": "0.00"}, "missing_lines": [207, 208, 211, 212, 213, 215], "excluded_lines": []}, "ASTAnalysisCache.set_file_analysis": {"executed_lines": [], "summary": {"covered_lines": 0, "num_statements": 6, "percent_covered": 0.0, "percent_covered_display": "0.00", "missing_lines": 6, "excluded_lines": 0, "percent_statements_covered": 0.0, "percent_statements_covered_display": "0.00"}, "missing_lines": [225, 226, 228, 229, 230, 232], "excluded_lines": []}, "DependencyTreeCache.__init__": {"executed_lines": [], "summary": {"covered_lines": 0, "num_statements": 2, "percent_covered": 0.0, "percent_covered_display": "0.00", "missing_lines": 2, "excluded_lines": 0, "percent_statements_covered": 0.0, "percent_statements_covered_display": "0.00"}, "missing_lines": [243, 244], "excluded_lines": []}, "DependencyTreeCache.get_dependencies": {"executed_lines": [], "summary": {"covered_lines": 0, "num_statements": 20, "percent_covered": 0.0, "percent_covered_display": "0.00", "missing_lines": 20, "excluded_lines": 0, "percent_statements_covered": 0.0, "percent_statements_covered_display": "0.00"}, "missing_lines": [249, 251, 252, 253, 254, 255, 256, 257, 258, 259, 260, 261, 262, 263, 264, 266, 267, 268, 269, 271], "excluded_lines": []}, "DependencyTreeCache.set_dependencies": {"executed_lines": [], "summary": {"covered_lines": 0, "num_statements": 19, "percent_covered": 0.0, "percent_covered_display": "0.00", "missing_lines": 19, "excluded_lines": 0, "percent_statements_covered": 0.0, "percent_statements_covered_display": "0.00"}, "missing_lines": [275, 277, 278, 279, 280, 281, 282, 283, 284, 285, 286, 287, 288, 289, 290, 292, 293, 294, 295], "excluded_lines": []}, "": {"executed_lines": [3, 5, 6, 7, 8, 9, 10, 12, 15, 16, 18, 21, 44, 54, 55, 61, 67, 96, 120, 131, 144, 145, 147, 151, 169, 187, 188, 194, 197, 217, 239, 240, 242, 246, 273], "summary": {"covered_lines": 29, "num_statements": 29, "percent_covered": 100.0, "percent_covered_display": "100.00", "missing_lines": 0, "excluded_lines": 0, "percent_statements_covered": 100.0, "percent_statements_covered_display": "100.00"}, "missing_lines": [], "excluded_lines": []}}, "classes": {"FileContentCache": {"executed_lines": [], "summary": {"covered_lines": 0, "num_statements": 19, "percent_covered": 0.0, "percent_covered_display": "0.00", "missing_lines": 19, "excluded_lines": 0, "percent_statements_covered": 0.0, "percent_statements_covered_display": "0.00"}, "missing_lines": [19, 23, 24, 27, 28, 31, 32, 33, 36, 37, 38, 39, 40, 42, 46, 47, 49, 50, 51], "excluded_lines": []}, "LLMResponseCache": {"executed_lines": [], "summary": {"covered_lines": 0, "num_statements": 24, "percent_covered": 0.0, "percent_covered_display": "0.00", "missing_lines": 24, "excluded_lines": 0, "percent_statements_covered": 0.0, "percent_statements_covered_display": "0.00"}, "missing_lines": [62, 63, 64, 65, 76, 77, 80, 82, 83, 85, 86, 89, 90, 92, 94, 110, 111, 114, 117, 118, 128, 129, 140, 141], "excluded_lines": []}, "RepoContextCache": {"executed_lines": [], "summary": {"covered_lines": 0, "num_statements": 16, "percent_covered": 0.0, "percent_covered_display": "0.00", "missing_lines": 16, "excluded_lines": 0, "percent_statements_covered": 0.0, "percent_statements_covered_display": "0.00"}, "missing_lines": [148, 149, 154, 155, 162, 163, 164, 166, 167, 171, 172, 179, 180, 181, 183, 184], "excluded_lines": []}, "ASTAnalysisCache": {"executed_lines": [], "summary": {"covered_lines": 0, "num_statements": 13, "percent_covered": 0.0, "percent_covered_display": "0.00", "missing_lines": 13, "excluded_lines": 0, "percent_statements_covered": 0.0, "percent_statements_covered_display": "0.00"}, "missing_lines": [195, 207, 208, 211, 212, 213, 215, 225, 226, 228, 229, 230, 232], "excluded_lines": []}, "DependencyTreeCache": {"executed_lines": [], "summary": {"covered_lines": 0, "num_statements": 41, "percent_covered": 0.0, "percent_covered_display": "0.00", "missing_lines": 41, "excluded_lines": 0, "percent_statements_covered": 0.0, "percent_statements_covered_display": "0.00"}, "missing_lines": [243, 244, 249, 251, 252, 253, 254, 255, 256, 257, 258, 259, 260, 261, 262, 263, 264, 266, 267, 268, 269, 271, 275, 277, 278, 279, 280, 281, 282, 283, 284, 285, 286, 287, 288, 289, 290, 292, 293, 294, 295], "excluded_lines": []}, "": {"executed_lines": [3, 5, 6, 7, 8, 9, 10, 12, 15, 16, 18, 21, 44, 54, 55, 61, 67, 96, 120, 131, 144, 145, 147, 151, 169, 187, 188, 194, 197, 217, 239, 240, 242, 246, 273], "summary": {"covered_lines": 29, "num_statements": 29, "percent_covered": 100.0, "percent_covered_display": "100.00", "missing_lines": 0, "excluded_lines": 0, "percent_statements_covered": 100.0, "percent_statements_covered_display": "100.00"}, "missing_lines": [], "excluded_lines": []}}}, "rev/config.py": {"executed_lines": [3, 5, 6, 7, 8, 11, 12, 14, 15, 16, 19, 20, 21, 22, 23, 24, 25, 27, 33, 39, 40, 41, 44, 45, 48, 49, 50, 51, 54, 55, 56, 57, 58, 63, 68, 95, 135, 155, 158, 161, 164, 183, 189, 194, 210, 218, 220, 223, 234, 235], "summary": {"covered_lines": 49, "num_statements": 59, "percent_covered": 83.05084745762711, "percent_covered_display": "83.05", "missing_lines": 10, "excluded_lines": 0, "percent_statements_covered": 83.05084745762711, "percent_statements_covered_display": "83.05"}, "missing_lines": [13, 167, 168, 180, 186, 191, 207, 219, 238, 239], "excluded_lines": [], "functions": {"get_system_info_cached": {"executed_lines": [], "summary": {"covered_lines": 0, "num_statements": 3, "percent_covered": 0.0, "percent_covered_display": "0.00", "missing_lines": 3, "excluded_lines": 0, "percent_statements_covered": 0.0, "percent_statements_covered_display": "0.00"}, "missing_lines": [167, 168, 180], "excluded_lines": []}, "set_escape_interrupt": {"executed_lines": [], "summary": {"covered_lines": 0, "num_statements": 1, "percent_covered": 0.0, "percent_covered_display": "0.00", "missing_lines": 1, "excluded_lines": 0, "percent_statements_covered": 0.0, "percent_statements_covered_display": "0.00"}, "missing_lines": [186], "excluded_lines": []}, "get_escape_interrupt": {"executed_lines": [], "summary": {"covered_lines": 0, "num_statements": 1, "percent_covered": 0.0, "percent_covered_display": "0.00", "missing_lines": 1, "excluded_lines": 0, "percent_statements_covered": 0.0, "percent_statements_covered_display": "0.00"}, "missing_lines": [191], "excluded_lines": []}, "set_private_mode": {"executed_lines": [], "summary": {"covered_lines": 0, "num_statements": 1, "percent_covered": 0.0, "percent_covered_display": "0.00", "missing_lines": 1, "excluded_lines": 0, "percent_statements_covered": 0.0, "percent_statements_covered_display": "0.00"}, "missing_lines": [207], "excluded_lines": []}, "get_private_mode": {"executed_lines": [218, 220], "summary": {"covered_lines": 2, "num_statements": 3, "percent_covered": 66.66666666666667, "percent_covered_display": "66.67", "missing_lines": 1, "excluded_lines": 0, "percent_statements_covered": 66.66666666666667, "percent_statements_covered_display": "66.67"}, "missing_lines": [219], "excluded_lines": []}, "is_mcp_server_allowed": {"executed_lines": [234, 235], "summary": {"covered_lines": 2, "num_statements": 4, "percent_covered": 50.0, "percent_covered_display": "50.00", "missing_lines": 2, "excluded_lines": 0, "percent_statements_covered": 50.0, "percent_statements_covered_display": "50.00"}, "missing_lines": [238, 239], "excluded_lines": []}, "": {"executed_lines": [3, 5, 6, 7, 8, 11, 12, 14, 15, 16, 19, 20, 21, 22, 23, 24, 25, 27, 33, 39, 40, 41, 44, 45, 48, 49, 50, 51, 54, 55, 56, 57, 58, 63, 68, 95, 135, 155, 158, 161, 164, 183, 189, 194, 210, 223], "summary": {"covered_lines": 45, "num_statements": 46, "percent_covered": 97.82608695652173, "percent_covered_display": "97.83", "missing_lines": 1, "excluded_lines": 0, "percent_statements_covered": 97.82608695652173, "percent_statements_covered_display": "97.83"}, "missing_lines": [13], "excluded_lines": []}}, "classes": {"": {"executed_lines": [3, 5, 6, 7, 8, 11, 12, 14, 15, 16, 19, 20, 21, 22, 23, 24, 25, 27, 33, 39, 40, 41, 44, 45, 48, 49, 50, 51, 54, 55, 56, 57, 58, 63, 68, 95, 135, 155, 158, 161, 164, 183, 189, 194, 210, 218, 220, 223, 234, 235], "summary": {"covered_lines": 49, "num_statements": 59, "percent_covered": 83.05084745762711, "percent_covered_display": "83.05", "missing_lines": 10, "excluded_lines": 0, "percent_statements_covered": 83.05084745762711, "percent_statements_covered_display": "83.05"}, "missing_lines": [13, 167, 168, 180, 186, 191, 207, 219, 238, 239], "excluded_lines": []}}}, "rev/debug_logger.py": {"executed_lines": [3, 10, 11, 12, 13, 14, 15, 16, 17, 20, 21, 23, 24, 25, 26, 28, 35, 37, 57, 58, 72, 73, 75, 76, 77, 79, 98, 111, 135, 156, 184, 218, 245, 265, 285, 301, 302, 306, 307, 311, 330, 353, 355, 358], "summary": {"covered_lines": 42, "num_statements": 145, "percent_covered": 28.96551724137931, "percent_covered_display": "28.97", "missing_lines": 103, "excluded_lines": 0, "percent_statements_covered": 28.96551724137931, "percent_statements_covered_display": "28.97"}, "missing_lines": [39, 40, 41, 44, 45, 48, 51, 68, 69, 70, 82, 88, 89, 90, 93, 94, 95, 96, 107, 108, 109, 120, 121, 123, 126, 127, 129, 132, 133, 144, 145, 147, 151, 152, 154, 164, 165, 167, 178, 179, 180, 182, 192, 193, 195, 202, 203, 204, 205, 206, 207, 208, 216, 227, 228, 230, 235, 236, 237, 239, 240, 241, 243, 253, 254, 256, 260, 261, 263, 273, 274, 276, 280, 281, 283, 292, 293, 295, 296, 297, 299, 304, 309, 313, 314, 319, 320, 321, 322, 324, 325, 326, 327, 341, 342, 343, 344, 345, 346, 347, 348, 349, 360], "excluded_lines": [], "functions": {"DebugLogger.__init__": {"executed_lines": [35, 37], "summary": {"covered_lines": 2, "num_statements": 9, "percent_covered": 22.22222222222222, "percent_covered_display": "22.22", "missing_lines": 7, "excluded_lines": 0, "percent_statements_covered": 22.22222222222222, "percent_statements_covered_display": "22.22"}, "missing_lines": [39, 40, 41, 44, 45, 48, 51], "excluded_lines": []}, "DebugLogger.initialize": {"executed_lines": [], "summary": {"covered_lines": 0, "num_statements": 3, "percent_covered": 0.0, "percent_covered_display": "0.00", "missing_lines": 3, "excluded_lines": 0, "percent_statements_covered": 0.0, "percent_statements_covered_display": "0.00"}, "missing_lines": [68, 69, 70], "excluded_lines": []}, "DebugLogger.get_instance": {"executed_lines": [75, 76, 77], "summary": {"covered_lines": 3, "num_statements": 3, "percent_covered": 100.0, "percent_covered_display": "100.00", "missing_lines": 0, "excluded_lines": 0, "percent_statements_covered": 100.0, "percent_statements_covered_display": "100.00"}, "missing_lines": [], "excluded_lines": []}, "DebugLogger._setup_logging": {"executed_lines": [], "summary": {"covered_lines": 0, "num_statements": 8, "percent_covered": 0.0, "percent_covered_display": "0.00", "missing_lines": 8, "excluded_lines": 0, "percent_statements_covered": 0.0, "percent_statements_covered_display": "0.00"}, "missing_lines": [82, 88, 89, 90, 93, 94, 95, 96], "excluded_lines": []}, "DebugLogger.get_logger": {"executed_lines": [], "summary": {"covered_lines": 0, "num_statements": 3, "percent_covered": 0.0, "percent_covered_display": "0.00", "missing_lines": 3, "excluded_lines": 0, "percent_statements_covered": 0.0, "percent_statements_covered_display": "0.00"}, "missing_lines": [107, 108, 109], "excluded_lines": []}, "DebugLogger.log": {"executed_lines": [], "summary": {"covered_lines": 0, "num_statements": 8, "percent_covered": 0.0, "percent_covered_display": "0.00", "missing_lines": 8, "excluded_lines": 0, "percent_statements_covered": 0.0, "percent_statements_covered_display": "0.00"}, "missing_lines": [120, 121, 123, 126, 127, 129, 132, 133], "excluded_lines": []}, "DebugLogger.log_function_call": {"executed_lines": [], "summary": {"covered_lines": 0, "num_statements": 6, "percent_covered": 0.0, "percent_covered_display": "0.00", "missing_lines": 6, "excluded_lines": 0, "percent_statements_covered": 0.0, "percent_statements_covered_display": "0.00"}, "missing_lines": [144, 145, 147, 151, 152, 154], "excluded_lines": []}, "DebugLogger.log_llm_request": {"executed_lines": [], "summary": {"covered_lines": 0, "num_statements": 7, "percent_covered": 0.0, "percent_covered_display": "0.00", "missing_lines": 7, "excluded_lines": 0, "percent_statements_covered": 0.0, "percent_statements_covered_display": "0.00"}, "missing_lines": [164, 165, 167, 178, 179, 180, 182], "excluded_lines": []}, "DebugLogger.log_llm_response": {"executed_lines": [], "summary": {"covered_lines": 0, "num_statements": 11, "percent_covered": 0.0, "percent_covered_display": "0.00", "missing_lines": 11, "excluded_lines": 0, "percent_statements_covered": 0.0, "percent_statements_covered_display": "0.00"}, "missing_lines": [192, 193, 195, 202, 203, 204, 205, 206, 207, 208, 216], "excluded_lines": []}, "DebugLogger.log_tool_execution": {"executed_lines": [], "summary": {"covered_lines": 0, "num_statements": 10, "percent_covered": 0.0, "percent_covered_display": "0.00", "missing_lines": 10, "excluded_lines": 0, "percent_statements_covered": 0.0, "percent_statements_covered_display": "0.00"}, "missing_lines": [227, 228, 230, 235, 236, 237, 239, 240, 241, 243], "excluded_lines": []}, "DebugLogger.log_task_status": {"executed_lines": [], "summary": {"covered_lines": 0, "num_statements": 6, "percent_covered": 0.0, "percent_covered_display": "0.00", "missing_lines": 6, "excluded_lines": 0, "percent_statements_covered": 0.0, "percent_statements_covered_display": "0.00"}, "missing_lines": [253, 254, 256, 260, 261, 263], "excluded_lines": []}, "DebugLogger.log_error": {"executed_lines": [], "summary": {"covered_lines": 0, "num_statements": 6, "percent_covered": 0.0, "percent_covered_display": "0.00", "missing_lines": 6, "excluded_lines": 0, "percent_statements_covered": 0.0, "percent_statements_covered_display": "0.00"}, "missing_lines": [273, 274, 276, 280, 281, 283], "excluded_lines": []}, "DebugLogger.log_workflow_phase": {"executed_lines": [], "summary": {"covered_lines": 0, "num_statements": 6, "percent_covered": 0.0, "percent_covered_display": "0.00", "missing_lines": 6, "excluded_lines": 0, "percent_statements_covered": 0.0, "percent_statements_covered_display": "0.00"}, "missing_lines": [292, 293, 295, 296, 297, 299], "excluded_lines": []}, "DebugLogger.enabled": {"executed_lines": [], "summary": {"covered_lines": 0, "num_statements": 1, "percent_covered": 0.0, "percent_covered_display": "0.00", "missing_lines": 1, "excluded_lines": 0, "percent_statements_covered": 0.0, "percent_statements_covered_display": "0.00"}, "missing_lines": [304], "excluded_lines": []}, "DebugLogger.log_file_path": {"executed_lines": [], "summary": {"covered_lines": 0, "num_statements": 1, "percent_covered": 0.0, "percent_covered_display": "0.00", "missing_lines": 1, "excluded_lines": 0, "percent_statements_covered": 0.0, "percent_statements_covered_display": "0.00"}, "missing_lines": [309], "excluded_lines": []}, "DebugLogger.close": {"executed_lines": [], "summary": {"covered_lines": 0, "num_statements": 10, "percent_covered": 0.0, "percent_covered_display": "0.00", "missing_lines": 10, "excluded_lines": 0, "percent_statements_covered": 0.0, "percent_statements_covered_display": "0.00"}, "missing_lines": [313, 314, 319, 320, 321, 322, 324, 325, 326, 327], "excluded_lines": []}, "log_function": {"executed_lines": [], "summary": {"covered_lines": 0, "num_statements": 3, "percent_covered": 0.0, "percent_covered_display": "0.00", "missing_lines": 3, "excluded_lines": 0, "percent_statements_covered": 0.0, "percent_statements_covered_display": "0.00"}, "missing_lines": [341, 342, 349], "excluded_lines": []}, "log_function.decorator": {"executed_lines": [], "summary": {"covered_lines": 0, "num_statements": 2, "percent_covered": 0.0, "percent_covered_display": "0.00", "missing_lines": 2, "excluded_lines": 0, "percent_statements_covered": 0.0, "percent_statements_covered_display": "0.00"}, "missing_lines": [343, 348], "excluded_lines": []}, "log_function.decorator.wrapper": {"executed_lines": [], "summary": {"covered_lines": 0, "num_statements": 4, "percent_covered": 0.0, "percent_covered_display": "0.00", "missing_lines": 4, "excluded_lines": 0, "percent_statements_covered": 0.0, "percent_statements_covered_display": "0.00"}, "missing_lines": [344, 345, 346, 347], "excluded_lines": []}, "get_logger": {"executed_lines": [355], "summary": {"covered_lines": 1, "num_statements": 1, "percent_covered": 100.0, "percent_covered_display": "100.00", "missing_lines": 0, "excluded_lines": 0, "percent_statements_covered": 100.0, "percent_statements_covered_display": "100.00"}, "missing_lines": [], "excluded_lines": []}, "is_debug_enabled": {"executed_lines": [], "summary": {"covered_lines": 0, "num_statements": 1, "percent_covered": 0.0, "percent_covered_display": "0.00", "missing_lines": 1, "excluded_lines": 0, "percent_statements_covered": 0.0, "percent_statements_covered_display": "0.00"}, "missing_lines": [360], "excluded_lines": []}, "": {"executed_lines": [3, 10, 11, 12, 13, 14, 15, 16, 17, 20, 21, 23, 24, 25, 26, 28, 57, 58, 72, 73, 79, 98, 111, 135, 156, 184, 218, 245, 265, 285, 301, 302, 306, 307, 311, 330, 353, 358], "summary": {"covered_lines": 36, "num_statements": 36, "percent_covered": 100.0, "percent_covered_display": "100.00", "missing_lines": 0, "excluded_lines": 0, "percent_statements_covered": 100.0, "percent_statements_covered_display": "100.00"}, "missing_lines": [], "excluded_lines": []}}, "classes": {"DebugLogger": {"executed_lines": [35, 37, 75, 76, 77], "summary": {"covered_lines": 5, "num_statements": 98, "percent_covered": 5.1020408163265305, "percent_covered_display": "5.10", "missing_lines": 93, "excluded_lines": 0, "percent_statements_covered": 5.1020408163265305, "percent_statements_covered_display": "5.10"}, "missing_lines": [39, 40, 41, 44, 45, 48, 51, 68, 69, 70, 82, 88, 89, 90, 93, 94, 95, 96, 107, 108, 109, 120, 121, 123, 126, 127, 129, 132, 133, 144, 145, 147, 151, 152, 154, 164, 165, 167, 178, 179, 180, 182, 192, 193, 195, 202, 203, 204, 205, 206, 207, 208, 216, 227, 228, 230, 235, 236, 237, 239, 240, 241, 243, 253, 254, 256, 260, 261, 263, 273, 274, 276, 280, 281, 283, 292, 293, 295, 296, 297, 299, 304, 309, 313, 314, 319, 320, 321, 322, 324, 325, 326, 327], "excluded_lines": []}, "": {"executed_lines": [3, 10, 11, 12, 13, 14, 15, 16, 17, 20, 21, 23, 24, 25, 26, 28, 57, 58, 72, 73, 79, 98, 111, 135, 156, 184, 218, 245, 265, 285, 301, 302, 306, 307, 311, 330, 353, 355, 358], "summary": {"covered_lines": 37, "num_statements": 47, "percent_covered": 78.72340425531915, "percent_covered_display": "78.72", "missing_lines": 10, "excluded_lines": 0, "percent_statements_covered": 78.72340425531915, "percent_statements_covered_display": "78.72"}, "missing_lines": [341, 342, 343, 344, 345, 346, 347, 348, 349, 360], "excluded_lines": []}}}, "rev/execution/__init__.py": {"executed_lines": [1, 10, 11, 17, 23], "summary": {"covered_lines": 4, "num_statements": 4, "percent_covered": 100.0, "percent_covered_display": "100.00", "missing_lines": 0, "excluded_lines": 0, "percent_statements_covered": 100.0, "percent_statements_covered_display": "100.00"}, "missing_lines": [], "excluded_lines": [], "functions": {"": {"executed_lines": [1, 10, 11, 17, 23], "summary": {"covered_lines": 4, "num_statements": 4, "percent_covered": 100.0, "percent_covered_display": "100.00", "missing_lines": 0, "excluded_lines": 0, "percent_statements_covered": 100.0, "percent_statements_covered_display": "100.00"}, "missing_lines": [], "excluded_lines": []}}, "classes": {"": {"executed_lines": [1, 10, 11, 17, 23], "summary": {"covered_lines": 4, "num_statements": 4, "percent_covered": 100.0, "percent_covered_display": "100.00", "missing_lines": 0, "excluded_lines": 0, "percent_statements_covered": 100.0, "percent_statements_covered_display": "100.00"}, "missing_lines": [], "excluded_lines": []}}}, "rev/execution/executor.py": {"executed_lines": [1, 13, 14, 15, 16, 18, 19, 20, 21, 22, 23, 24, 25, 27, 61, 85, 110, 133, 182, 228, 585, 767, 879], "summary": {"covered_lines": 22, "num_statements": 440, "percent_covered": 5.0, "percent_covered_display": "5.00", "missing_lines": 418, "excluded_lines": 0, "percent_statements_covered": 5.0, "percent_statements_covered_display": "5.00"}, "missing_lines": [120, 121, 122, 124, 144, 145, 148, 149, 151, 153, 154, 155, 156, 157, 158, 161, 162, 163, 164, 167, 168, 170, 171, 172, 173, 174, 176, 177, 179, 198, 199, 202, 203, 206, 209, 211, 213, 214, 220, 221, 223, 225, 254, 255, 256, 260, 261, 262, 263, 264, 265, 266, 268, 269, 270, 273, 274, 276, 277, 278, 281, 282, 284, 286, 287, 288, 291, 292, 293, 296, 297, 298, 299, 300, 301, 303, 305, 306, 308, 309, 311, 314, 315, 327, 330, 339, 340, 341, 343, 345, 346, 347, 350, 353, 354, 355, 356, 357, 358, 360, 362, 365, 367, 368, 369, 372, 373, 374, 376, 377, 378, 380, 381, 382, 385, 388, 389, 391, 392, 393, 396, 399, 400, 401, 402, 403, 404, 406, 407, 409, 410, 411, 413, 414, 415, 416, 417, 420, 426, 427, 428, 429, 430, 431, 432, 435, 436, 437, 438, 446, 447, 448, 451, 452, 453, 459, 460, 461, 463, 466, 469, 470, 471, 472, 478, 484, 485, 486, 487, 488, 489, 490, 492, 493, 502, 503, 506, 507, 508, 509, 510, 511, 514, 516, 519, 520, 521, 522, 523, 524, 526, 527, 528, 529, 530, 534, 535, 536, 537, 538, 539, 542, 543, 544, 545, 546, 548, 549, 557, 558, 559, 561, 564, 565, 566, 567, 568, 569, 572, 573, 574, 577, 578, 579, 580, 582, 611, 612, 614, 616, 618, 621, 630, 631, 632, 634, 635, 638, 640, 641, 642, 645, 646, 647, 649, 650, 651, 653, 654, 655, 658, 661, 662, 663, 664, 665, 667, 668, 669, 670, 671, 674, 680, 681, 682, 683, 684, 685, 688, 689, 690, 691, 699, 700, 701, 704, 705, 706, 712, 713, 714, 716, 719, 720, 721, 722, 728, 734, 735, 736, 737, 738, 739, 740, 743, 744, 745, 746, 749, 751, 754, 755, 756, 757, 759, 760, 761, 762, 764, 793, 794, 796, 797, 798, 799, 801, 802, 803, 804, 805, 806, 807, 809, 810, 811, 814, 817, 818, 820, 822, 823, 824, 827, 828, 832, 835, 836, 837, 838, 839, 840, 841, 842, 843, 844, 845, 846, 849, 850, 851, 854, 855, 856, 857, 858, 860, 861, 869, 870, 871, 872, 874, 876, 903, 904, 905, 908, 911, 912, 913, 915, 926, 935, 936, 938, 939, 940, 943, 945, 946, 947, 949, 950, 951, 954, 957, 958, 959, 960, 961, 963, 964, 965, 966, 967, 969, 972, 973, 974, 975, 983, 984, 985, 986, 987, 988, 991, 994, 1000, 1001, 1002, 1003, 1006, 1007, 1009, 1010, 1011, 1013], "excluded_lines": [], "functions": {"_build_execution_system_context": {"executed_lines": [], "summary": {"covered_lines": 0, "num_statements": 4, "percent_covered": 0.0, "percent_covered_display": "0.00", "missing_lines": 4, "excluded_lines": 0, "percent_statements_covered": 0.0, "percent_statements_covered_display": "0.00"}, "missing_lines": [120, 121, 122, 124], "excluded_lines": []}, "_summarize_old_messages": {"executed_lines": [], "summary": {"covered_lines": 0, "num_statements": 25, "percent_covered": 0.0, "percent_covered_display": "0.00", "missing_lines": 25, "excluded_lines": 0, "percent_statements_covered": 0.0, "percent_statements_covered_display": "0.00"}, "missing_lines": [144, 145, 148, 149, 151, 153, 154, 155, 156, 157, 158, 161, 162, 163, 164, 167, 168, 170, 171, 172, 173, 174, 176, 177, 179], "excluded_lines": []}, "_manage_message_history": {"executed_lines": [], "summary": {"covered_lines": 0, "num_statements": 13, "percent_covered": 0.0, "percent_covered_display": "0.00", "missing_lines": 13, "excluded_lines": 0, "percent_statements_covered": 0.0, "percent_statements_covered_display": "0.00"}, "missing_lines": [198, 199, 202, 203, 206, 209, 211, 213, 214, 220, 221, 223, 225], "excluded_lines": []}, "execution_mode": {"executed_lines": [], "summary": {"covered_lines": 0, "num_statements": 184, "percent_covered": 0.0, "percent_covered_display": "0.00", "missing_lines": 184, "excluded_lines": 0, "percent_statements_covered": 0.0, "percent_statements_covered_display": "0.00"}, "missing_lines": [254, 255, 256, 260, 261, 262, 263, 264, 265, 266, 268, 269, 270, 273, 274, 276, 277, 278, 281, 282, 284, 286, 287, 288, 291, 292, 293, 296, 297, 298, 299, 300, 301, 303, 305, 306, 308, 309, 311, 314, 315, 327, 330, 339, 340, 341, 343, 345, 346, 347, 350, 353, 354, 355, 356, 357, 358, 360, 362, 365, 367, 368, 369, 372, 373, 374, 376, 377, 378, 380, 381, 382, 385, 388, 389, 391, 392, 393, 396, 399, 400, 401, 402, 403, 404, 406, 407, 409, 410, 411, 413, 414, 415, 416, 417, 420, 426, 427, 428, 429, 430, 431, 432, 435, 436, 437, 438, 446, 447, 448, 451, 452, 453, 459, 460, 461, 463, 466, 469, 470, 471, 472, 478, 484, 485, 486, 487, 488, 489, 490, 492, 493, 502, 503, 506, 507, 508, 509, 510, 511, 514, 516, 519, 520, 521, 522, 523, 524, 526, 527, 528, 529, 530, 534, 535, 536, 537, 538, 539, 542, 543, 544, 545, 546, 548, 549, 557, 558, 559, 561, 564, 565, 566, 567, 568, 569, 572, 573, 574, 577, 578, 579, 580, 582], "excluded_lines": []}, "execute_single_task": {"executed_lines": [], "summary": {"covered_lines": 0, "num_statements": 83, "percent_covered": 0.0, "percent_covered_display": "0.00", "missing_lines": 83, "excluded_lines": 0, "percent_statements_covered": 0.0, "percent_statements_covered_display": "0.00"}, "missing_lines": [611, 612, 614, 616, 618, 621, 630, 631, 632, 634, 635, 638, 640, 641, 642, 645, 646, 647, 649, 650, 651, 653, 654, 655, 658, 661, 662, 663, 664, 665, 667, 668, 669, 670, 671, 674, 680, 681, 682, 683, 684, 685, 688, 689, 690, 691, 699, 700, 701, 704, 705, 706, 712, 713, 714, 716, 719, 720, 721, 722, 728, 734, 735, 736, 737, 738, 739, 740, 743, 744, 745, 746, 749, 751, 754, 755, 756, 757, 759, 760, 761, 762, 764], "excluded_lines": []}, "concurrent_execution_mode": {"executed_lines": [], "summary": {"covered_lines": 0, "num_statements": 54, "percent_covered": 0.0, "percent_covered_display": "0.00", "missing_lines": 54, "excluded_lines": 0, "percent_statements_covered": 0.0, "percent_statements_covered_display": "0.00"}, "missing_lines": [793, 794, 796, 797, 798, 799, 801, 802, 803, 804, 805, 806, 807, 809, 810, 811, 814, 817, 818, 820, 822, 823, 824, 827, 828, 832, 835, 836, 837, 838, 839, 840, 841, 842, 843, 844, 845, 846, 849, 850, 851, 854, 855, 856, 857, 858, 860, 861, 869, 870, 871, 872, 874, 876], "excluded_lines": []}, "fix_validation_failures": {"executed_lines": [], "summary": {"covered_lines": 0, "num_statements": 55, "percent_covered": 0.0, "percent_covered_display": "0.00", "missing_lines": 55, "excluded_lines": 0, "percent_statements_covered": 0.0, "percent_statements_covered_display": "0.00"}, "missing_lines": [903, 904, 905, 908, 911, 912, 913, 915, 926, 935, 936, 938, 939, 940, 943, 945, 946, 947, 949, 950, 951, 954, 957, 958, 959, 960, 961, 963, 964, 965, 966, 967, 969, 972, 973, 974, 975, 983, 984, 985, 986, 987, 988, 991, 994, 1000, 1001, 1002, 1003, 1006, 1007, 1009, 1010, 1011, 1013], "excluded_lines": []}, "": {"executed_lines": [1, 13, 14, 15, 16, 18, 19, 20, 21, 22, 23, 24, 25, 27, 61, 85, 110, 133, 182, 228, 585, 767, 879], "summary": {"covered_lines": 22, "num_statements": 22, "percent_covered": 100.0, "percent_covered_display": "100.00", "missing_lines": 0, "excluded_lines": 0, "percent_statements_covered": 100.0, "percent_statements_covered_display": "100.00"}, "missing_lines": [], "excluded_lines": []}}, "classes": {"": {"executed_lines": [1, 13, 14, 15, 16, 18, 19, 20, 21, 22, 23, 24, 25, 27, 61, 85, 110, 133, 182, 228, 585, 767, 879], "summary": {"covered_lines": 22, "num_statements": 440, "percent_covered": 5.0, "percent_covered_display": "5.00", "missing_lines": 418, "excluded_lines": 0, "percent_statements_covered": 5.0, "percent_statements_covered_display": "5.00"}, "missing_lines": [120, 121, 122, 124, 144, 145, 148, 149, 151, 153, 154, 155, 156, 157, 158, 161, 162, 163, 164, 167, 168, 170, 171, 172, 173, 174, 176, 177, 179, 198, 199, 202, 203, 206, 209, 211, 213, 214, 220, 221, 223, 225, 254, 255, 256, 260, 261, 262, 263, 264, 265, 266, 268, 269, 270, 273, 274, 276, 277, 278, 281, 282, 284, 286, 287, 288, 291, 292, 293, 296, 297, 298, 299, 300, 301, 303, 305, 306, 308, 309, 311, 314, 315, 327, 330, 339, 340, 341, 343, 345, 346, 347, 350, 353, 354, 355, 356, 357, 358, 360, 362, 365, 367, 368, 369, 372, 373, 374, 376, 377, 378, 380, 381, 382, 385, 388, 389, 391, 392, 393, 396, 399, 400, 401, 402, 403, 404, 406, 407, 409, 410, 411, 413, 414, 415, 416, 417, 420, 426, 427, 428, 429, 430, 431, 432, 435, 436, 437, 438, 446, 447, 448, 451, 452, 453, 459, 460, 461, 463, 466, 469, 470, 471, 472, 478, 484, 485, 486, 487, 488, 489, 490, 492, 493, 502, 503, 506, 507, 508, 509, 510, 511, 514, 516, 519, 520, 521, 522, 523, 524, 526, 527, 528, 529, 530, 534, 535, 536, 537, 538, 539, 542, 543, 544, 545, 546, 548, 549, 557, 558, 559, 561, 564, 565, 566, 567, 568, 569, 572, 573, 574, 577, 578, 579, 580, 582, 611, 612, 614, 616, 618, 621, 630, 631, 632, 634, 635, 638, 640, 641, 642, 645, 646, 647, 649, 650, 651, 653, 654, 655, 658, 661, 662, 663, 664, 665, 667, 668, 669, 670, 671, 674, 680, 681, 682, 683, 684, 685, 688, 689, 690, 691, 699, 700, 701, 704, 705, 706, 712, 713, 714, 716, 719, 720, 721, 722, 728, 734, 735, 736, 737, 738, 739, 740, 743, 744, 745, 746, 749, 751, 754, 755, 756, 757, 759, 760, 761, 762, 764, 793, 794, 796, 797, 798, 799, 801, 802, 803, 804, 805, 806, 807, 809, 810, 811, 814, 817, 818, 820, 822, 823, 824, 827, 828, 832, 835, 836, 837, 838, 839, 840, 841, 842, 843, 844, 845, 846, 849, 850, 851, 854, 855, 856, 857, 858, 860, 861, 869, 870, 871, 872, 874, 876, 903, 904, 905, 908, 911, 912, 913, 915, 926, 935, 936, 938, 939, 940, 943, 945, 946, 947, 949, 950, 951, 954, 957, 958, 959, 960, 961, 963, 964, 965, 966, 967, 969, 972, 973, 974, 975, 983, 984, 985, 986, 987, 988, 991, 994, 1000, 1001, 1002, 1003, 1006, 1007, 1009, 1010, 1011, 1013], "excluded_lines": []}}}, "rev/execution/learner.py": {"executed_lines": [1, 8, 9, 10, 11, 12, 13, 14, 16, 19, 20, 21, 22, 23, 24, 25, 26, 27, 28, 29, 30, 31, 33, 36, 37, 41, 42, 43, 44, 45, 46, 47, 48, 49, 50, 51, 52, 54, 57, 58, 62, 63, 64, 65, 66, 67, 68, 69, 70, 71, 72, 73, 74, 75, 76, 77, 79, 82, 83, 87, 88, 90, 109, 138, 159, 211, 259, 267, 295, 306, 321, 363, 407, 431, 435, 457, 468], "summary": {"covered_lines": 72, "num_statements": 253, "percent_covered": 28.458498023715414, "percent_covered_display": "28.46", "missing_lines": 181, "excluded_lines": 0, "percent_statements_covered": 28.458498023715414, "percent_statements_covered_display": "28.46"}, "missing_lines": [34, 38, 55, 59, 80, 84, 97, 98, 99, 102, 103, 104, 107, 112, 113, 114, 115, 116, 117, 118, 121, 122, 123, 124, 125, 126, 127, 130, 131, 132, 133, 134, 135, 136, 141, 142, 148, 149, 150, 153, 154, 181, 182, 183, 185, 199, 202, 203, 206, 209, 221, 222, 225, 228, 229, 231, 232, 234, 236, 238, 239, 240, 241, 242, 245, 257, 262, 263, 264, 265, 269, 272, 273, 274, 275, 276, 277, 278, 279, 280, 281, 282, 283, 284, 285, 286, 287, 290, 291, 292, 293, 297, 308, 309, 311, 314, 315, 316, 317, 319, 331, 332, 334, 335, 338, 339, 340, 343, 344, 347, 348, 349, 352, 355, 357, 360, 361, 372, 381, 383, 385, 386, 387, 388, 389, 392, 393, 395, 396, 399, 400, 401, 402, 403, 405, 415, 416, 419, 425, 428, 429, 433, 437, 438, 440, 441, 442, 443, 444, 446, 459, 460, 461, 464, 465, 475, 477, 478, 479, 480, 481, 482, 484, 485, 486, 487, 489, 490, 491, 493, 494, 495, 496, 497, 499, 500, 501, 502, 503, 505, 506], "excluded_lines": [], "functions": {"TaskPattern.to_dict": {"executed_lines": [], "summary": {"covered_lines": 0, "num_statements": 1, "percent_covered": 0.0, "percent_covered_display": "0.00", "missing_lines": 1, "excluded_lines": 0, "percent_statements_covered": 0.0, "percent_statements_covered_display": "0.00"}, "missing_lines": [34], "excluded_lines": []}, "TaskPattern.from_dict": {"executed_lines": [], "summary": {"covered_lines": 0, "num_statements": 1, "percent_covered": 0.0, "percent_covered_display": "0.00", "missing_lines": 1, "excluded_lines": 0, "percent_statements_covered": 0.0, "percent_statements_covered_display": "0.00"}, "missing_lines": [38], "excluded_lines": []}, "ProjectContext.to_dict": {"executed_lines": [], "summary": {"covered_lines": 0, "num_statements": 1, "percent_covered": 0.0, "percent_covered_display": "0.00", "missing_lines": 1, "excluded_lines": 0, "percent_statements_covered": 0.0, "percent_statements_covered_display": "0.00"}, "missing_lines": [55], "excluded_lines": []}, "ProjectContext.from_dict": {"executed_lines": [], "summary": {"covered_lines": 0, "num_statements": 1, "percent_covered": 0.0, "percent_covered_display": "0.00", "missing_lines": 1, "excluded_lines": 0, "percent_statements_covered": 0.0, "percent_statements_covered_display": "0.00"}, "missing_lines": [59], "excluded_lines": []}, "ExecutionMemory.to_dict": {"executed_lines": [], "summary": {"covered_lines": 0, "num_statements": 1, "percent_covered": 0.0, "percent_covered_display": "0.00", "missing_lines": 1, "excluded_lines": 0, "percent_statements_covered": 0.0, "percent_statements_covered_display": "0.00"}, "missing_lines": [80], "excluded_lines": []}, "ExecutionMemory.from_dict": {"executed_lines": [], "summary": {"covered_lines": 0, "num_statements": 1, "percent_covered": 0.0, "percent_covered_display": "0.00", "missing_lines": 1, "excluded_lines": 0, "percent_statements_covered": 0.0, "percent_statements_covered_display": "0.00"}, "missing_lines": [84], "excluded_lines": []}, "LearningAgent.__init__": {"executed_lines": [], "summary": {"covered_lines": 0, "num_statements": 7, "percent_covered": 0.0, "percent_covered_display": "0.00", "missing_lines": 7, "excluded_lines": 0, "percent_statements_covered": 0.0, "percent_statements_covered_display": "0.00"}, "missing_lines": [97, 98, 99, 102, 103, 104, 107], "excluded_lines": []}, "LearningAgent._load_memory": {"executed_lines": [], "summary": {"covered_lines": 0, "num_statements": 21, "percent_covered": 0.0, "percent_covered_display": "0.00", "missing_lines": 21, "excluded_lines": 0, "percent_statements_covered": 0.0, "percent_statements_covered_display": "0.00"}, "missing_lines": [112, 113, 114, 115, 116, 117, 118, 121, 122, 123, 124, 125, 126, 127, 130, 131, 132, 133, 134, 135, 136], "excluded_lines": []}, "LearningAgent._save_memory": {"executed_lines": [], "summary": {"covered_lines": 0, "num_statements": 7, "percent_covered": 0.0, "percent_covered_display": "0.00", "missing_lines": 7, "excluded_lines": 0, "percent_statements_covered": 0.0, "percent_statements_covered_display": "0.00"}, "missing_lines": [141, 142, 148, 149, 150, 153, 154], "excluded_lines": []}, "LearningAgent.learn_from_execution": {"executed_lines": [], "summary": {"covered_lines": 0, "num_statements": 9, "percent_covered": 0.0, "percent_covered_display": "0.00", "missing_lines": 9, "excluded_lines": 0, "percent_statements_covered": 0.0, "percent_statements_covered_display": "0.00"}, "missing_lines": [181, 182, 183, 185, 199, 202, 203, 206, 209], "excluded_lines": []}, "LearningAgent._learn_pattern": {"executed_lines": [], "summary": {"covered_lines": 0, "num_statements": 16, "percent_covered": 0.0, "percent_covered_display": "0.00", "missing_lines": 16, "excluded_lines": 0, "percent_statements_covered": 0.0, "percent_statements_covered_display": "0.00"}, "missing_lines": [221, 222, 225, 228, 229, 231, 232, 234, 236, 238, 239, 240, 241, 242, 245, 257], "excluded_lines": []}, "LearningAgent._extract_keywords": {"executed_lines": [], "summary": {"covered_lines": 0, "num_statements": 4, "percent_covered": 0.0, "percent_covered_display": "0.00", "missing_lines": 4, "excluded_lines": 0, "percent_statements_covered": 0.0, "percent_statements_covered_display": "0.00"}, "missing_lines": [262, 263, 264, 265], "excluded_lines": []}, "LearningAgent._classify_task_type": {"executed_lines": [], "summary": {"covered_lines": 0, "num_statements": 21, "percent_covered": 0.0, "percent_covered_display": "0.00", "missing_lines": 21, "excluded_lines": 0, "percent_statements_covered": 0.0, "percent_statements_covered_display": "0.00"}, "missing_lines": [269, 272, 273, 274, 275, 276, 277, 278, 279, 280, 281, 282, 283, 284, 285, 286, 287, 290, 291, 292, 293], "excluded_lines": []}, "LearningAgent._extract_approach": {"executed_lines": [], "summary": {"covered_lines": 0, "num_statements": 1, "percent_covered": 0.0, "percent_covered_display": "0.00", "missing_lines": 1, "excluded_lines": 0, "percent_statements_covered": 0.0, "percent_statements_covered_display": "0.00"}, "missing_lines": [297], "excluded_lines": []}, "LearningAgent._update_context": {"executed_lines": [], "summary": {"covered_lines": 0, "num_statements": 8, "percent_covered": 0.0, "percent_covered_display": "0.00", "missing_lines": 8, "excluded_lines": 0, "percent_statements_covered": 0.0, "percent_statements_covered_display": "0.00"}, "missing_lines": [308, 309, 311, 314, 315, 316, 317, 319], "excluded_lines": []}, "LearningAgent.get_relevant_patterns": {"executed_lines": [], "summary": {"covered_lines": 0, "num_statements": 17, "percent_covered": 0.0, "percent_covered_display": "0.00", "missing_lines": 17, "excluded_lines": 0, "percent_statements_covered": 0.0, "percent_statements_covered_display": "0.00"}, "missing_lines": [331, 332, 334, 335, 338, 339, 340, 343, 344, 347, 348, 349, 352, 355, 357, 360, 361], "excluded_lines": []}, "LearningAgent.get_suggestions": {"executed_lines": [], "summary": {"covered_lines": 0, "num_statements": 18, "percent_covered": 0.0, "percent_covered_display": "0.00", "missing_lines": 18, "excluded_lines": 0, "percent_statements_covered": 0.0, "percent_statements_covered_display": "0.00"}, "missing_lines": [372, 381, 383, 385, 386, 387, 388, 389, 392, 393, 395, 396, 399, 400, 401, 402, 403, 405], "excluded_lines": []}, "LearningAgent.record_failure": {"executed_lines": [], "summary": {"covered_lines": 0, "num_statements": 6, "percent_covered": 0.0, "percent_covered_display": "0.00", "missing_lines": 6, "excluded_lines": 0, "percent_statements_covered": 0.0, "percent_statements_covered_display": "0.00"}, "missing_lines": [415, 416, 419, 425, 428, 429], "excluded_lines": []}, "LearningAgent.get_project_context": {"executed_lines": [], "summary": {"covered_lines": 0, "num_statements": 1, "percent_covered": 0.0, "percent_covered_display": "0.00", "missing_lines": 1, "excluded_lines": 0, "percent_statements_covered": 0.0, "percent_statements_covered_display": "0.00"}, "missing_lines": [433], "excluded_lines": []}, "LearningAgent.get_execution_stats": {"executed_lines": [], "summary": {"covered_lines": 0, "num_statements": 8, "percent_covered": 0.0, "percent_covered_display": "0.00", "missing_lines": 8, "excluded_lines": 0, "percent_statements_covered": 0.0, "percent_statements_covered_display": "0.00"}, "missing_lines": [437, 438, 440, 441, 442, 443, 444, 446], "excluded_lines": []}, "LearningAgent.clear_memory": {"executed_lines": [], "summary": {"covered_lines": 0, "num_statements": 5, "percent_covered": 0.0, "percent_covered_display": "0.00", "missing_lines": 5, "excluded_lines": 0, "percent_statements_covered": 0.0, "percent_statements_covered_display": "0.00"}, "missing_lines": [459, 460, 461, 464, 465], "excluded_lines": []}, "display_learning_suggestions": {"executed_lines": [], "summary": {"covered_lines": 0, "num_statements": 26, "percent_covered": 0.0, "percent_covered_display": "0.00", "missing_lines": 26, "excluded_lines": 0, "percent_statements_covered": 0.0, "percent_statements_covered_display": "0.00"}, "missing_lines": [475, 477, 478, 479, 480, 481, 482, 484, 485, 486, 487, 489, 490, 491, 493, 494, 495, 496, 497, 499, 500, 501, 502, 503, 505, 506], "excluded_lines": []}, "": {"executed_lines": [1, 8, 9, 10, 11, 12, 13, 14, 16, 19, 20, 21, 22, 23, 24, 25, 26, 27, 28, 29, 30, 31, 33, 36, 37, 41, 42, 43, 44, 45, 46, 47, 48, 49, 50, 51, 52, 54, 57, 58, 62, 63, 64, 65, 66, 67, 68, 69, 70, 71, 72, 73, 74, 75, 76, 77, 79, 82, 83, 87, 88, 90, 109, 138, 159, 211, 259, 267, 295, 306, 321, 363, 407, 431, 435, 457, 468], "summary": {"covered_lines": 72, "num_statements": 72, "percent_covered": 100.0, "percent_covered_display": "100.00", "missing_lines": 0, "excluded_lines": 0, "percent_statements_covered": 100.0, "percent_statements_covered_display": "100.00"}, "missing_lines": [], "excluded_lines": []}}, "classes": {"TaskPattern": {"executed_lines": [], "summary": {"covered_lines": 0, "num_statements": 2, "percent_covered": 0.0, "percent_covered_display": "0.00", "missing_lines": 2, "excluded_lines": 0, "percent_statements_covered": 0.0, "percent_statements_covered_display": "0.00"}, "missing_lines": [34, 38], "excluded_lines": []}, "ProjectContext": {"executed_lines": [], "summary": {"covered_lines": 0, "num_statements": 2, "percent_covered": 0.0, "percent_covered_display": "0.00", "missing_lines": 2, "excluded_lines": 0, "percent_statements_covered": 0.0, "percent_statements_covered_display": "0.00"}, "missing_lines": [55, 59], "excluded_lines": []}, "ExecutionMemory": {"executed_lines": [], "summary": {"covered_lines": 0, "num_statements": 2, "percent_covered": 0.0, "percent_covered_display": "0.00", "missing_lines": 2, "excluded_lines": 0, "percent_statements_covered": 0.0, "percent_statements_covered_display": "0.00"}, "missing_lines": [80, 84], "excluded_lines": []}, "LearningAgent": {"executed_lines": [], "summary": {"covered_lines": 0, "num_statements": 149, "percent_covered": 0.0, "percent_covered_display": "0.00", "missing_lines": 149, "excluded_lines": 0, "percent_statements_covered": 0.0, "percent_statements_covered_display": "0.00"}, "missing_lines": [97, 98, 99, 102, 103, 104, 107, 112, 113, 114, 115, 116, 117, 118, 121, 122, 123, 124, 125, 126, 127, 130, 131, 132, 133, 134, 135, 136, 141, 142, 148, 149, 150, 153, 154, 181, 182, 183, 185, 199, 202, 203, 206, 209, 221, 222, 225, 228, 229, 231, 232, 234, 236, 238, 239, 240, 241, 242, 245, 257, 262, 263, 264, 265, 269, 272, 273, 274, 275, 276, 277, 278, 279, 280, 281, 282, 283, 284, 285, 286, 287, 290, 291, 292, 293, 297, 308, 309, 311, 314, 315, 316, 317, 319, 331, 332, 334, 335, 338, 339, 340, 343, 344, 347, 348, 349, 352, 355, 357, 360, 361, 372, 381, 383, 385, 386, 387, 388, 389, 392, 393, 395, 396, 399, 400, 401, 402, 403, 405, 415, 416, 419, 425, 428, 429, 433, 437, 438, 440, 441, 442, 443, 444, 446, 459, 460, 461, 464, 465], "excluded_lines": []}, "": {"executed_lines": [1, 8, 9, 10, 11, 12, 13, 14, 16, 19, 20, 21, 22, 23, 24, 25, 26, 27, 28, 29, 30, 31, 33, 36, 37, 41, 42, 43, 44, 45, 46, 47, 48, 49, 50, 51, 52, 54, 57, 58, 62, 63, 64, 65, 66, 67, 68, 69, 70, 71, 72, 73, 74, 75, 76, 77, 79, 82, 83, 87, 88, 90, 109, 138, 159, 211, 259, 267, 295, 306, 321, 363, 407, 431, 435, 457, 468], "summary": {"covered_lines": 72, "num_statements": 98, "percent_covered": 73.46938775510205, "percent_covered_display": "73.47", "missing_lines": 26, "excluded_lines": 0, "percent_statements_covered": 73.46938775510205, "percent_statements_covered_display": "73.47"}, "missing_lines": [475, 477, 478, 479, 480, 481, 482, 484, 485, 486, 487, 489, 490, 491, 493, 494, 495, 496, 497, 499, 500, 501, 502, 503, 505, 506], "excluded_lines": []}}}, "rev/execution/messages.py": {"executed_lines": [], "summary": {"covered_lines": 0, "num_statements": 82, "percent_covered": 0.0, "percent_covered_display": "0.00", "missing_lines": 82, "excluded_lines": 0, "percent_statements_covered": 0.0, "percent_statements_covered_display": "0.00"}, "missing_lines": [10, 11, 12, 13, 17, 20, 22, 23, 24, 25, 28, 29, 35, 36, 37, 38, 39, 40, 41, 43, 45, 47, 49, 51, 53, 63, 64, 66, 77, 84, 86, 87, 88, 90, 100, 101, 102, 104, 105, 107, 114, 115, 116, 117, 119, 135, 136, 138, 140, 141, 142, 143, 146, 147, 150, 151, 153, 155, 157, 159, 160, 161, 163, 165, 167, 169, 176, 178, 181, 184, 185, 187, 192, 194, 203, 205, 214, 216, 225, 227, 240, 242], "excluded_lines": [], "functions": {"AgentMessage.is_broadcast": {"executed_lines": [], "summary": {"covered_lines": 0, "num_statements": 1, "percent_covered": 0.0, "percent_covered_display": "0.00", "missing_lines": 1, "excluded_lines": 0, "percent_statements_covered": 0.0, "percent_statements_covered_display": "0.00"}, "missing_lines": [45], "excluded_lines": []}, "AgentMessage.is_for": {"executed_lines": [], "summary": {"covered_lines": 0, "num_statements": 1, "percent_covered": 0.0, "percent_covered_display": "0.00", "missing_lines": 1, "excluded_lines": 0, "percent_statements_covered": 0.0, "percent_statements_covered_display": "0.00"}, "missing_lines": [49], "excluded_lines": []}, "AgentMessage.to_dict": {"executed_lines": [], "summary": {"covered_lines": 0, "num_statements": 1, "percent_covered": 0.0, "percent_covered_display": "0.00", "missing_lines": 1, "excluded_lines": 0, "percent_statements_covered": 0.0, "percent_statements_covered_display": "0.00"}, "missing_lines": [53], "excluded_lines": []}, "AgentMessage.from_dict": {"executed_lines": [], "summary": {"covered_lines": 0, "num_statements": 1, "percent_covered": 0.0, "percent_covered_display": "0.00", "missing_lines": 1, "excluded_lines": 0, "percent_statements_covered": 0.0, "percent_statements_covered_display": "0.00"}, "missing_lines": [66], "excluded_lines": []}, "MessageBus.__init__": {"executed_lines": [], "summary": {"covered_lines": 0, "num_statements": 3, "percent_covered": 0.0, "percent_covered_display": "0.00", "missing_lines": 3, "excluded_lines": 0, "percent_statements_covered": 0.0, "percent_statements_covered_display": "0.00"}, "missing_lines": [86, 87, 88], "excluded_lines": []}, "MessageBus.publish": {"executed_lines": [], "summary": {"covered_lines": 0, "num_statements": 5, "percent_covered": 0.0, "percent_covered_display": "0.00", "missing_lines": 5, "excluded_lines": 0, "percent_statements_covered": 0.0, "percent_statements_covered_display": "0.00"}, "missing_lines": [100, 101, 102, 104, 105], "excluded_lines": []}, "MessageBus.subscribe": {"executed_lines": [], "summary": {"covered_lines": 0, "num_statements": 4, "percent_covered": 0.0, "percent_covered_display": "0.00", "missing_lines": 4, "excluded_lines": 0, "percent_statements_covered": 0.0, "percent_statements_covered_display": "0.00"}, "missing_lines": [114, 115, 116, 117], "excluded_lines": []}, "MessageBus.get_messages_for": {"executed_lines": [], "summary": {"covered_lines": 0, "num_statements": 13, "percent_covered": 0.0, "percent_covered_display": "0.00", "missing_lines": 13, "excluded_lines": 0, "percent_statements_covered": 0.0, "percent_statements_covered_display": "0.00"}, "missing_lines": [135, 136, 138, 140, 141, 142, 143, 146, 147, 150, 151, 153, 155], "excluded_lines": []}, "MessageBus.get_all_messages": {"executed_lines": [], "summary": {"covered_lines": 0, "num_statements": 3, "percent_covered": 0.0, "percent_covered_display": "0.00", "missing_lines": 3, "excluded_lines": 0, "percent_statements_covered": 0.0, "percent_statements_covered_display": "0.00"}, "missing_lines": [159, 160, 161], "excluded_lines": []}, "MessageBus.clear": {"executed_lines": [], "summary": {"covered_lines": 0, "num_statements": 1, "percent_covered": 0.0, "percent_covered_display": "0.00", "missing_lines": 1, "excluded_lines": 0, "percent_statements_covered": 0.0, "percent_statements_covered_display": "0.00"}, "missing_lines": [165], "excluded_lines": []}, "MessageBus.get_summary": {"executed_lines": [], "summary": {"covered_lines": 0, "num_statements": 7, "percent_covered": 0.0, "percent_covered_display": "0.00", "missing_lines": 7, "excluded_lines": 0, "percent_statements_covered": 0.0, "percent_statements_covered_display": "0.00"}, "missing_lines": [169, 176, 178, 181, 184, 185, 187], "excluded_lines": []}, "create_context_message": {"executed_lines": [], "summary": {"covered_lines": 0, "num_statements": 1, "percent_covered": 0.0, "percent_covered_display": "0.00", "missing_lines": 1, "excluded_lines": 0, "percent_statements_covered": 0.0, "percent_statements_covered_display": "0.00"}, "missing_lines": [194], "excluded_lines": []}, "create_warning_message": {"executed_lines": [], "summary": {"covered_lines": 0, "num_statements": 1, "percent_covered": 0.0, "percent_covered_display": "0.00", "missing_lines": 1, "excluded_lines": 0, "percent_statements_covered": 0.0, "percent_statements_covered_display": "0.00"}, "missing_lines": [205], "excluded_lines": []}, "create_suggestion_message": {"executed_lines": [], "summary": {"covered_lines": 0, "num_statements": 1, "percent_covered": 0.0, "percent_covered_display": "0.00", "missing_lines": 1, "excluded_lines": 0, "percent_statements_covered": 0.0, "percent_statements_covered_display": "0.00"}, "missing_lines": [216], "excluded_lines": []}, "create_metric_message": {"executed_lines": [], "summary": {"covered_lines": 0, "num_statements": 1, "percent_covered": 0.0, "percent_covered_display": "0.00", "missing_lines": 1, "excluded_lines": 0, "percent_statements_covered": 0.0, "percent_statements_covered_display": "0.00"}, "missing_lines": [227], "excluded_lines": []}, "create_error_message": {"executed_lines": [], "summary": {"covered_lines": 0, "num_statements": 1, "percent_covered": 0.0, "percent_covered_display": "0.00", "missing_lines": 1, "excluded_lines": 0, "percent_statements_covered": 0.0, "percent_statements_covered_display": "0.00"}, "missing_lines": [242], "excluded_lines": []}, "": {"executed_lines": [], "summary": {"covered_lines": 0, "num_statements": 37, "percent_covered": 0.0, "percent_covered_display": "0.00", "missing_lines": 37, "excluded_lines": 0, "percent_statements_covered": 0.0, "percent_statements_covered_display": "0.00"}, "missing_lines": [10, 11, 12, 13, 17, 20, 22, 23, 24, 25, 28, 29, 35, 36, 37, 38, 39, 40, 41, 43, 47, 51, 63, 64, 77, 84, 90, 107, 119, 157, 163, 167, 192, 203, 214, 225, 240], "excluded_lines": []}}, "classes": {"MessagePriority": {"executed_lines": [], "summary": {"covered_lines": 0, "num_statements": 0, "percent_covered": 100.0, "percent_covered_display": "100.00", "missing_lines": 0, "excluded_lines": 0, "percent_statements_covered": 100.0, "percent_statements_covered_display": "100.00"}, "missing_lines": [], "excluded_lines": []}, "AgentMessage": {"executed_lines": [], "summary": {"covered_lines": 0, "num_statements": 4, "percent_covered": 0.0, "percent_covered_display": "0.00", "missing_lines": 4, "excluded_lines": 0, "percent_statements_covered": 0.0, "percent_statements_covered_display": "0.00"}, "missing_lines": [45, 49, 53, 66], "excluded_lines": []}, "MessageBus": {"executed_lines": [], "summary": {"covered_lines": 0, "num_statements": 36, "percent_covered": 0.0, "percent_covered_display": "0.00", "missing_lines": 36, "excluded_lines": 0, "percent_statements_covered": 0.0, "percent_statements_covered_display": "0.00"}, "missing_lines": [86, 87, 88, 100, 101, 102, 104, 105, 114, 115, 116, 117, 135, 136, 138, 140, 141, 142, 143, 146, 147, 150, 151, 153, 155, 159, 160, 161, 165, 169, 176, 178, 181, 184, 185, 187], "excluded_lines": []}, "": {"executed_lines": [], "summary": {"covered_lines": 0, "num_statements": 42, "percent_covered": 0.0, "percent_covered_display": "0.00", "missing_lines": 42, "excluded_lines": 0, "percent_statements_covered": 0.0, "percent_statements_covered_display": "0.00"}, "missing_lines": [10, 11, 12, 13, 17, 20, 22, 23, 24, 25, 28, 29, 35, 36, 37, 38, 39, 40, 41, 43, 47, 51, 63, 64, 77, 84, 90, 107, 119, 157, 163, 167, 192, 194, 203, 205, 214, 216, 225, 227, 240, 242], "excluded_lines": []}}}, "rev/execution/orchestrator.py": {"executed_lines": [1, 10, 11, 12, 13, 14, 16, 17, 18, 19, 20, 21, 22, 23, 24, 27, 28, 29, 30, 31, 32, 35, 36, 37, 40, 42, 44, 46, 50, 52, 54, 56, 57, 63, 65, 66, 72, 74, 75, 81, 98, 99, 100, 101, 102, 103, 104, 105, 106, 107, 110, 111, 112, 113, 114, 115, 116, 117, 118, 119, 120, 121, 122, 123, 126, 127, 128, 129, 130, 131, 132, 133, 134, 135, 136, 137, 138, 140, 153, 154, 156, 163, 164, 165, 166, 167, 169, 178, 179, 180, 181, 184, 185, 186, 189, 190, 193, 194, 207, 208, 209, 211, 213, 214, 216, 217, 219, 220, 222, 225, 226, 231, 234, 235, 237, 239, 253, 275, 276, 277, 282, 283, 285, 291, 292, 378, 379, 380, 387, 388, 398, 407, 492, 493, 496, 507, 508, 512, 518, 521, 522, 523, 524, 525, 526, 529, 530, 532, 534, 535, 545, 546, 548, 594, 596, 597, 598, 600, 601, 602, 603, 605, 613, 618, 621], "summary": {"covered_lines": 159, "num_statements": 344, "percent_covered": 46.22093023255814, "percent_covered_display": "46.22", "missing_lines": 185, "excluded_lines": 0, "percent_statements_covered": 46.22093023255814, "percent_statements_covered_display": "46.22"}, "missing_lines": [48, 83, 84, 141, 195, 196, 197, 198, 199, 200, 201, 202, 203, 204, 205, 210, 212, 215, 218, 221, 240, 241, 242, 243, 244, 245, 246, 247, 248, 249, 250, 254, 255, 256, 257, 258, 259, 260, 261, 262, 267, 268, 278, 279, 280, 281, 286, 287, 288, 293, 294, 295, 296, 297, 298, 299, 302, 303, 304, 310, 313, 314, 322, 323, 324, 325, 326, 328, 330, 331, 332, 333, 334, 335, 338, 339, 340, 341, 342, 345, 346, 347, 350, 353, 360, 362, 363, 364, 365, 366, 368, 373, 374, 375, 381, 382, 383, 384, 389, 408, 409, 410, 411, 412, 413, 414, 415, 423, 424, 432, 433, 435, 436, 437, 438, 441, 442, 443, 444, 447, 448, 449, 458, 459, 460, 463, 464, 473, 474, 480, 481, 483, 484, 485, 487, 488, 489, 497, 498, 499, 514, 515, 516, 527, 558, 560, 561, 563, 564, 565, 566, 567, 568, 569, 570, 571, 572, 574, 575, 576, 577, 578, 580, 581, 582, 583, 584, 586, 587, 588, 589, 590, 592, 606, 607, 608, 609, 610, 611, 614, 615, 616, 656, 669, 670], "excluded_lines": [], "functions": {"ResourceBudget.update_step": {"executed_lines": [44], "summary": {"covered_lines": 1, "num_statements": 1, "percent_covered": 100.0, "percent_covered_display": "100.00", "missing_lines": 0, "excluded_lines": 0, "percent_statements_covered": 100.0, "percent_statements_covered_display": "100.00"}, "missing_lines": [], "excluded_lines": []}, "ResourceBudget.update_tokens": {"executed_lines": [], "summary": {"covered_lines": 0, "num_statements": 1, "percent_covered": 0.0, "percent_covered_display": "0.00", "missing_lines": 1, "excluded_lines": 0, "percent_statements_covered": 0.0, "percent_statements_covered_display": "0.00"}, "missing_lines": [48], "excluded_lines": []}, "ResourceBudget.update_time": {"executed_lines": [52], "summary": {"covered_lines": 1, "num_statements": 1, "percent_covered": 100.0, "percent_covered_display": "100.00", "missing_lines": 0, "excluded_lines": 0, "percent_statements_covered": 100.0, "percent_statements_covered_display": "100.00"}, "missing_lines": [], "excluded_lines": []}, "ResourceBudget.is_exceeded": {"executed_lines": [56, 57], "summary": {"covered_lines": 2, "num_statements": 2, "percent_covered": 100.0, "percent_covered_display": "100.00", "missing_lines": 0, "excluded_lines": 0, "percent_statements_covered": 100.0, "percent_statements_covered_display": "100.00"}, "missing_lines": [], "excluded_lines": []}, "ResourceBudget.get_remaining": {"executed_lines": [65, 66], "summary": {"covered_lines": 2, "num_statements": 2, "percent_covered": 100.0, "percent_covered_display": "100.00", "missing_lines": 0, "excluded_lines": 0, "percent_statements_covered": 100.0, "percent_statements_covered_display": "100.00"}, "missing_lines": [], "excluded_lines": []}, "ResourceBudget.get_usage_summary": {"executed_lines": [74, 75], "summary": {"covered_lines": 2, "num_statements": 2, "percent_covered": 100.0, "percent_covered_display": "100.00", "missing_lines": 0, "excluded_lines": 0, "percent_statements_covered": 100.0, "percent_statements_covered_display": "100.00"}, "missing_lines": [], "excluded_lines": []}, "ResourceBudget.to_dict": {"executed_lines": [], "summary": {"covered_lines": 0, "num_statements": 2, "percent_covered": 0.0, "percent_covered_display": "0.00", "missing_lines": 2, "excluded_lines": 0, "percent_statements_covered": 0.0, "percent_statements_covered_display": "0.00"}, "missing_lines": [83, 84], "excluded_lines": []}, "OrchestratorResult.to_dict": {"executed_lines": [], "summary": {"covered_lines": 0, "num_statements": 1, "percent_covered": 0.0, "percent_covered_display": "0.00", "missing_lines": 1, "excluded_lines": 0, "percent_statements_covered": 0.0, "percent_statements_covered_display": "0.00"}, "missing_lines": [141], "excluded_lines": []}, "Orchestrator.__init__": {"executed_lines": [163, 164, 165, 166, 167], "summary": {"covered_lines": 5, "num_statements": 5, "percent_covered": 100.0, "percent_covered_display": "100.00", "missing_lines": 0, "excluded_lines": 0, "percent_statements_covered": 100.0, "percent_statements_covered_display": "100.00"}, "missing_lines": [], "excluded_lines": []}, "Orchestrator.execute": {"executed_lines": [178, 179, 180, 181, 184, 185, 186, 189, 190, 193, 194, 207, 208, 209, 211, 213, 214, 216, 217, 219, 220, 222, 225, 226, 231, 234, 235, 237, 239, 253, 275, 276, 277, 282, 283, 285, 291, 292, 378, 379, 380, 387, 388, 398, 407, 492, 493, 496, 507, 508, 512, 518, 521, 522, 523, 524, 525, 526, 529, 530], "summary": {"covered_lines": 60, "num_statements": 200, "percent_covered": 30.0, "percent_covered_display": "30.00", "missing_lines": 140, "excluded_lines": 0, "percent_statements_covered": 30.0, "percent_statements_covered_display": "30.00"}, "missing_lines": [195, 196, 197, 198, 199, 200, 201, 202, 203, 204, 205, 210, 212, 215, 218, 221, 240, 241, 242, 243, 244, 245, 246, 247, 248, 249, 250, 254, 255, 256, 257, 258, 259, 260, 261, 262, 267, 268, 278, 279, 280, 281, 286, 287, 288, 293, 294, 295, 296, 297, 298, 299, 302, 303, 304, 310, 313, 314, 322, 323, 324, 325, 326, 328, 330, 331, 332, 333, 334, 335, 338, 339, 340, 341, 342, 345, 346, 347, 350, 353, 360, 362, 363, 364, 365, 366, 368, 373, 374, 375, 381, 382, 383, 384, 389, 408, 409, 410, 411, 412, 413, 414, 415, 423, 424, 432, 433, 435, 436, 437, 438, 441, 442, 443, 444, 447, 448, 449, 458, 459, 460, 463, 464, 473, 474, 480, 481, 483, 484, 485, 487, 488, 489, 497, 498, 499, 514, 515, 516, 527], "excluded_lines": []}, "Orchestrator._update_phase": {"executed_lines": [534, 535, 545, 546], "summary": {"covered_lines": 4, "num_statements": 4, "percent_covered": 100.0, "percent_covered_display": "100.00", "missing_lines": 0, "excluded_lines": 0, "percent_statements_covered": 100.0, "percent_statements_covered_display": "100.00"}, "missing_lines": [], "excluded_lines": []}, "Orchestrator._format_review_feedback_for_planning": {"executed_lines": [], "summary": {"covered_lines": 0, "num_statements": 29, "percent_covered": 0.0, "percent_covered_display": "0.00", "missing_lines": 29, "excluded_lines": 0, "percent_statements_covered": 0.0, "percent_statements_covered_display": "0.00"}, "missing_lines": [558, 560, 561, 563, 564, 565, 566, 567, 568, 569, 570, 571, 572, 574, 575, 576, 577, 578, 580, 581, 582, 583, 584, 586, 587, 588, 589, 590, 592], "excluded_lines": []}, "Orchestrator._display_summary": {"executed_lines": [596, 597, 598, 600, 601, 602, 603, 605, 613, 618], "summary": {"covered_lines": 10, "num_statements": 19, "percent_covered": 52.63157894736842, "percent_covered_display": "52.63", "missing_lines": 9, "excluded_lines": 0, "percent_statements_covered": 52.63157894736842, "percent_statements_covered_display": "52.63"}, "missing_lines": [606, 607, 608, 609, 610, 611, 614, 615, 616], "excluded_lines": []}, "run_orchestrated": {"executed_lines": [], "summary": {"covered_lines": 0, "num_statements": 3, "percent_covered": 0.0, "percent_covered_display": "0.00", "missing_lines": 3, "excluded_lines": 0, "percent_statements_covered": 0.0, "percent_statements_covered_display": "0.00"}, "missing_lines": [656, 669, 670], "excluded_lines": []}, "": {"executed_lines": [1, 10, 11, 12, 13, 14, 16, 17, 18, 19, 20, 21, 22, 23, 24, 27, 28, 29, 30, 31, 32, 35, 36, 37, 40, 42, 46, 50, 54, 63, 72, 81, 98, 99, 100, 101, 102, 103, 104, 105, 106, 107, 110, 111, 112, 113, 114, 115, 116, 117, 118, 119, 120, 121, 122, 123, 126, 127, 128, 129, 130, 131, 132, 133, 134, 135, 136, 137, 138, 140, 153, 154, 156, 169, 532, 548, 594, 621], "summary": {"covered_lines": 7
[...]
 {"executed_lines": [], "summary": {"covered_lines": 0, "num_statements": 11, "percent_covered": 0.0, "percent_covered_display": "0.00", "missing_lines": 11, "excluded_lines": 0, "percent_statements_covered": 0.0, "percent_statements_covered_display": "0.00"}, "missing_lines": [63, 64, 66, 67, 68, 70, 71, 72, 74, 83, 84], "excluded_lines": []}, "SSHConnectionManager.copy_file_to_remote": {"executed_lines": [], "summary": {"covered_lines": 0, "num_statements": 10, "percent_covered": 0.0, "percent_covered_display": "0.00", "missing_lines": 10, "excluded_lines": 0, "percent_statements_covered": 0.0, "percent_statements_covered_display": "0.00"}, "missing_lines": [88, 89, 91, 92, 93, 94, 95, 97, 104, 105], "excluded_lines": []}, "SSHConnectionManager.copy_file_from_remote": {"executed_lines": [], "summary": {"covered_lines": 0, "num_statements": 10, "percent_covered": 0.0, "percent_covered_display": "0.00", "missing_lines": 10, "excluded_lines": 0, "percent_statements_covered": 0.0, "percent_statements_covered_display": "0.00"}, "missing_lines": [109, 110, 112, 113, 114, 115, 116, 118, 125, 126], "excluded_lines": []}, "SSHConnectionManager.disconnect": {"executed_lines": [], "summary": {"covered_lines": 0, "num_statements": 9, "percent_covered": 0.0, "percent_covered_display": "0.00", "missing_lines": 9, "excluded_lines": 0, "percent_statements_covered": 0.0, "percent_statements_covered_display": "0.00"}, "missing_lines": [130, 131, 133, 134, 135, 136, 138, 143, 144], "excluded_lines": []}, "SSHConnectionManager.list_connections": {"executed_lines": [], "summary": {"covered_lines": 0, "num_statements": 1, "percent_covered": 0.0, "percent_covered_display": "0.00", "missing_lines": 1, "excluded_lines": 0, "percent_statements_covered": 0.0, "percent_statements_covered_display": "0.00"}, "missing_lines": [148], "excluded_lines": []}, "ssh_connect": {"executed_lines": [], "summary": {"covered_lines": 0, "num_statements": 2, "percent_covered": 0.0, "percent_covered_display": "0.00", "missing_lines": 2, "excluded_lines": 0, "percent_statements_covered": 0.0, "percent_statements_covered_display": "0.00"}, "missing_lines": [167, 168], "excluded_lines": []}, "ssh_exec": {"executed_lines": [], "summary": {"covered_lines": 0, "num_statements": 2, "percent_covered": 0.0, "percent_covered_display": "0.00", "missing_lines": 2, "excluded_lines": 0, "percent_statements_covered": 0.0, "percent_statements_covered_display": "0.00"}, "missing_lines": [173, 174], "excluded_lines": []}, "ssh_copy_to": {"executed_lines": [], "summary": {"covered_lines": 0, "num_statements": 2, "percent_covered": 0.0, "percent_covered_display": "0.00", "missing_lines": 2, "excluded_lines": 0, "percent_statements_covered": 0.0, "percent_statements_covered_display": "0.00"}, "missing_lines": [179, 180], "excluded_lines": []}, "ssh_copy_from": {"executed_lines": [], "summary": {"covered_lines": 0, "num_statements": 2, "percent_covered": 0.0, "percent_covered_display": "0.00", "missing_lines": 2, "excluded_lines": 0, "percent_statements_covered": 0.0, "percent_statements_covered_display": "0.00"}, "missing_lines": [185, 186], "excluded_lines": []}, "ssh_disconnect": {"executed_lines": [], "summary": {"covered_lines": 0, "num_statements": 2, "percent_covered": 0.0, "percent_covered_display": "0.00", "missing_lines": 2, "excluded_lines": 0, "percent_statements_covered": 0.0, "percent_statements_covered_display": "0.00"}, "missing_lines": [191, 192], "excluded_lines": []}, "ssh_list_connections": {"executed_lines": [], "summary": {"covered_lines": 0, "num_statements": 2, "percent_covered": 0.0, "percent_covered_display": "0.00", "missing_lines": 2, "excluded_lines": 0, "percent_statements_covered": 0.0, "percent_statements_covered_display": "0.00"}, "missing_lines": [197, 198], "excluded_lines": []}, "": {"executed_lines": [3, 5, 6, 8, 11, 12, 14, 17, 61, 86, 107, 128, 146, 162, 165, 171, 177, 183, 189, 195], "summary": {"covered_lines": 18, "num_statements": 18, "percent_covered": 100.0, "percent_covered_display": "100.00", "missing_lines": 0, "excluded_lines": 0, "percent_statements_covered": 100.0, "percent_statements_covered_display": "100.00"}, "missing_lines": [], "excluded_lines": []}}, "classes": {"SSHConnectionManager": {"executed_lines": [15], "summary": {"covered_lines": 1, "num_statements": 59, "percent_covered": 1.694915254237288, "percent_covered_display": "1.69", "missing_lines": 58, "excluded_lines": 0, "percent_statements_covered": 1.694915254237288, "percent_statements_covered_display": "1.69"}, "missing_lines": [20, 21, 23, 25, 27, 28, 30, 31, 34, 35, 36, 37, 40, 42, 50, 58, 59, 63, 64, 66, 67, 68, 70, 71, 72, 74, 83, 84, 88, 89, 91, 92, 93, 94, 95, 97, 104, 105, 109, 110, 112, 113, 114, 115, 116, 118, 125, 126, 130, 131, 133, 134, 135, 136, 138, 143, 144, 148], "excluded_lines": []}, "": {"executed_lines": [3, 5, 6, 8, 11, 12, 14, 17, 61, 86, 107, 128, 146, 162, 165, 171, 177, 183, 189, 195], "summary": {"covered_lines": 18, "num_statements": 30, "percent_covered": 60.0, "percent_covered_display": "60.00", "missing_lines": 12, "excluded_lines": 0, "percent_statements_covered": 60.0, "percent_statements_covered_display": "60.00"}, "missing_lines": [167, 168, 173, 174, 179, 180, 185, 186, 191, 192, 197, 198], "excluded_lines": []}}}, "rev/tools/test_quality.py": {"executed_lines": [3, 5, 6, 7, 8, 9, 10, 11, 12, 13, 15, 16, 19, 34, 67, 102, 135, 183, 220, 247, 286, 296, 326, 350, 367, 377, 394, 408, 438], "summary": {"covered_lines": 28, "num_statements": 287, "percent_covered": 9.75609756097561, "percent_covered_display": "9.76", "missing_lines": 259, "excluded_lines": 0, "percent_statements_covered": 9.75609756097561, "percent_statements_covered_display": "9.76"}, "missing_lines": [20, 21, 22, 23, 24, 25, 26, 28, 29, 30, 31, 36, 37, 38, 39, 41, 44, 46, 47, 48, 54, 55, 61, 63, 64, 69, 70, 71, 73, 74, 75, 77, 78, 79, 80, 82, 83, 85, 86, 87, 88, 90, 92, 98, 99, 104, 105, 106, 107, 109, 112, 114, 115, 120, 122, 131, 132, 137, 138, 139, 140, 141, 142, 144, 145, 146, 148, 149, 150, 151, 152, 153, 154, 155, 156, 158, 160, 161, 162, 163, 170, 179, 180, 185, 186, 187, 188, 189, 190, 192, 193, 195, 196, 197, 199, 200, 201, 203, 205, 207, 213, 214, 221, 222, 223, 224, 225, 226, 227, 228, 229, 230, 231, 232, 233, 234, 235, 236, 237, 238, 239, 240, 241, 242, 243, 244, 248, 249, 250, 251, 252, 254, 255, 256, 257, 262, 263, 264, 265, 266, 267, 268, 269, 270, 271, 273, 274, 275, 277, 278, 283, 287, 288, 289, 290, 292, 293, 298, 299, 300, 301, 302, 303, 304, 305, 306, 307, 308, 309, 310, 311, 312, 313, 314, 315, 316, 317, 318, 320, 321, 322, 323, 327, 328, 329, 330, 332, 333, 335, 336, 338, 347, 351, 352, 353, 354, 355, 356, 357, 358, 359, 364, 368, 369, 370, 371, 372, 373, 374, 378, 379, 380, 381, 382, 383, 384, 385, 386, 387, 388, 389, 390, 391, 395, 396, 397, 398, 399, 405, 410, 411, 412, 414, 415, 417, 418, 419, 420, 421, 422, 423, 424, 425, 426, 428, 433, 434, 435, 440, 441, 442, 443, 444, 445, 456, 457, 458, 463, 464], "excluded_lines": [], "functions": {"_resolve_paths": {"executed_lines": [], "summary": {"covered_lines": 0, "num_statements": 11, "percent_covered": 0.0, "percent_covered_display": "0.00", "missing_lines": 11, "excluded_lines": 0, "percent_statements_covered": 0.0, "percent_statements_covered_display": "0.00"}, "missing_lines": [20, 21, 22, 23, 24, 25, 26, 28, 29, 30, 31], "excluded_lines": []}, "run_property_tests": {"executed_lines": [], "summary": {"covered_lines": 0, "num_statements": 14, "percent_covered": 0.0, "percent_covered_display": "0.00", "missing_lines": 14, "excluded_lines": 0, "percent_statements_covered": 0.0, "percent_statements_covered_display": "0.00"}, "missing_lines": [36, 37, 38, 39, 41, 44, 46, 47, 48, 54, 55, 61, 63, 64], "excluded_lines": []}, "generate_property_tests": {"executed_lines": [], "summary": {"covered_lines": 0, "num_statements": 20, "percent_covered": 0.0, "percent_covered_display": "0.00", "missing_lines": 20, "excluded_lines": 0, "percent_statements_covered": 0.0, "percent_statements_covered_display": "0.00"}, "missing_lines": [69, 70, 71, 73, 74, 75, 77, 78, 79, 80, 82, 83, 85, 86, 87, 88, 90, 92, 98, 99], "excluded_lines": []}, "check_contracts": {"executed_lines": [], "summary": {"covered_lines": 0, "num_statements": 12, "percent_covered": 0.0, "percent_covered_display": "0.00", "missing_lines": 12, "excluded_lines": 0, "percent_statements_covered": 0.0, "percent_statements_covered_display": "0.00"}, "missing_lines": [104, 105, 106, 107, 109, 112, 114, 115, 120, 122, 131, 132], "excluded_lines": []}, "detect_flaky_tests": {"executed_lines": [], "summary": {"covered_lines": 0, "num_statements": 26, "percent_covered": 0.0, "percent_covered_display": "0.00", "missing_lines": 26, "excluded_lines": 0, "percent_statements_covered": 0.0, "percent_statements_covered_display": "0.00"}, "missing_lines": [137, 138, 139, 140, 141, 142, 144, 145, 146, 148, 149, 150, 151, 152, 153, 154, 155, 156, 158, 160, 161, 162, 163, 170, 179, 180], "excluded_lines": []}, "compare_behavior_with_baseline": {"executed_lines": [], "summary": {"covered_lines": 0, "num_statements": 19, "percent_covered": 0.0, "percent_covered_display": "0.00", "missing_lines": 19, "excluded_lines": 0, "percent_statements_covered": 0.0, "percent_statements_covered_display": "0.00"}, "missing_lines": [185, 186, 187, 188, 189, 190, 192, 193, 195, 196, 197, 199, 200, 201, 203, 205, 207, 213, 214], "excluded_lines": []}, "_parse_pytest_summary": {"executed_lines": [], "summary": {"covered_lines": 0, "num_statements": 24, "percent_covered": 0.0, "percent_covered_display": "0.00", "missing_lines": 24, "excluded_lines": 0, "percent_statements_covered": 0.0, "percent_statements_covered_display": "0.00"}, "missing_lines": [221, 222, 223, 224, 225, 226, 227, 228, 229, 230, 231, 232, 233, 234, 235, 236, 237, 238, 239, 240, 241, 242, 243, 244], "excluded_lines": []}, "_parse_hypothesis_failures": {"executed_lines": [], "summary": {"covered_lines": 0, "num_statements": 25, "percent_covered": 0.0, "percent_covered_display": "0.00", "missing_lines": 25, "excluded_lines": 0, "percent_statements_covered": 0.0, "percent_statements_covered_display": "0.00"}, "missing_lines": [248, 249, 250, 251, 252, 254, 255, 256, 257, 262, 263, 264, 265, 266, 267, 268, 269, 270, 271, 273, 274, 275, 277, 278, 283], "excluded_lines": []}, "_split_target": {"executed_lines": [], "summary": {"covered_lines": 0, "num_statements": 6, "percent_covered": 0.0, "percent_covered_display": "0.00", "missing_lines": 6, "excluded_lines": 0, "percent_statements_covered": 0.0, "percent_statements_covered_display": "0.00"}, "missing_lines": [287, 288, 289, 290, 292, 293], "excluded_lines": []}, "_infer_strategies": {"executed_lines": [], "summary": {"covered_lines": 0, "num_statements": 25, "percent_covered": 0.0, "percent_covered_display": "0.00", "missing_lines": 25, "excluded_lines": 0, "percent_statements_covered": 0.0, "percent_statements_covered_display": "0.00"}, "missing_lines": [298, 299, 300, 301, 302, 303, 304, 305, 306, 307, 308, 309, 310, 311, 312, 313, 314, 315, 316, 317, 318, 320, 321, 322, 323], "excluded_lines": []}, "_build_property_test_code": {"executed_lines": [], "summary": {"covered_lines": 0, "num_statements": 10, "percent_covered": 0.0, "percent_covered_display": "0.00", "missing_lines": 10, "excluded_lines": 0, "percent_statements_covered": 0.0, "percent_statements_covered_display": "0.00"}, "missing_lines": [327, 328, 329, 330, 332, 333, 335, 336, 338, 347], "excluded_lines": []}, "_parse_crosshair": {"executed_lines": [], "summary": {"covered_lines": 0, "num_statements": 10, "percent_covered": 0.0, "percent_covered_display": "0.00", "missing_lines": 10, "excluded_lines": 0, "percent_statements_covered": 0.0, "percent_statements_covered_display": "0.00"}, "missing_lines": [351, 352, 353, 354, 355, 356, 357, 358, 359, 364], "excluded_lines": []}, "_parse_collected_tests": {"executed_lines": [], "summary": {"covered_lines": 0, "num_statements": 7, "percent_covered": 0.0, "percent_covered_display": "0.00", "missing_lines": 7, "excluded_lines": 0, "percent_statements_covered": 0.0, "percent_statements_covered_display": "0.00"}, "missing_lines": [368, 369, 370, 371, 372, 373, 374], "excluded_lines": []}, "_parse_failed_tests": {"executed_lines": [], "summary": {"covered_lines": 0, "num_statements": 14, "percent_covered": 0.0, "percent_covered_display": "0.00", "missing_lines": 14, "excluded_lines": 0, "percent_statements_covered": 0.0, "percent_statements_covered_display": "0.00"}, "missing_lines": [378, 379, 380, 381, 382, 383, 384, 385, 386, 387, 388, 389, 390, 391], "excluded_lines": []}, "_diff_summaries": {"executed_lines": [], "summary": {"covered_lines": 0, "num_statements": 6, "percent_covered": 0.0, "percent_covered_display": "0.00", "missing_lines": 6, "excluded_lines": 0, "percent_statements_covered": 0.0, "percent_statements_covered_display": "0.00"}, "missing_lines": [395, 396, 397, 398, 399, 405], "excluded_lines": []}, "bisect_test_failure": {"executed_lines": [], "summary": {"covered_lines": 0, "num_statements": 19, "percent_covered": 0.0, "percent_covered_display": "0.00", "missing_lines": 19, "excluded_lines": 0, "percent_statements_covered": 0.0, "percent_statements_covered_display": "0.00"}, "missing_lines": [410, 411, 412, 414, 415, 417, 418, 419, 420, 421, 422, 423, 424, 425, 426, 428, 433, 434, 435], "excluded_lines": []}, "generate_repro_case": {"executed_lines": [], "summary": {"covered_lines": 0, "num_statements": 11, "percent_covered": 0.0, "percent_covered_display": "0.00", "missing_lines": 11, "excluded_lines": 0, "percent_statements_covered": 0.0, "percent_statements_covered_display": "0.00"}, "missing_lines": [440, 441, 442, 443, 444, 445, 456, 457, 458, 463, 464], "excluded_lines": []}, "": {"executed_lines": [3, 5, 6, 7, 8, 9, 10, 11, 12, 13, 15, 16, 19, 34, 67, 102, 135, 183, 220, 247, 286, 296, 326, 350, 367, 377, 394, 408, 438], "summary": {"covered_lines": 28, "num_statements": 28, "percent_covered": 100.0, "percent_covered_display": "100.00", "missing_lines": 0, "excluded_lines": 0, "percent_statements_covered": 100.0, "percent_statements_covered_display": "100.00"}, "missing_lines": [], "excluded_lines": []}}, "classes": {"": {"executed_lines": [3, 5, 6, 7, 8, 9, 10, 11, 12, 13, 15, 16, 19, 34, 67, 102, 135, 183, 220, 247, 286, 296, 326, 350, 367, 377, 394, 408, 438], "summary": {"covered_lines": 28, "num_statements": 287, "percent_covered": 9.75609756097561, "percent_covered_display": "9.76", "missing_lines": 259, "excluded_lines": 0, "percent_statements_covered": 9.75609756097561, "percent_statements_covered_display": "9.76"}, "missing_lines": [20, 21, 22, 23, 24, 25, 26, 28, 29, 30, 31, 36, 37, 38, 39, 41, 44, 46, 47, 48, 54, 55, 61, 63, 64, 69, 70, 71, 73, 74, 75, 77, 78, 79, 80, 82, 83, 85, 86, 87, 88, 90, 92, 98, 99, 104, 105, 106, 107, 109, 112, 114, 115, 120, 122, 131, 132, 137, 138, 139, 140, 141, 142, 144, 145, 146, 148, 149, 150, 151, 152, 153, 154, 155, 156, 158, 160, 161, 162, 163, 170, 179, 180, 185, 186, 187, 188, 189, 190, 192, 193, 195, 196, 197, 199, 200, 201, 203, 205, 207, 213, 214, 221, 222, 223, 224, 225, 226, 227, 228, 229, 230, 231, 232, 233, 234, 235, 236, 237, 238, 239, 240, 241, 242, 243, 244, 248, 249, 250, 251, 252, 254, 255, 256, 257, 262, 263, 264, 265, 266, 267, 268, 269, 270, 271, 273, 274, 275, 277, 278, 283, 287, 288, 289, 290, 292, 293, 298, 299, 300, 301, 302, 303, 304, 305, 306, 307, 308, 309, 310, 311, 312, 313, 314, 315, 316, 317, 318, 320, 321, 322, 323, 327, 328, 329, 330, 332, 333, 335, 336, 338, 347, 351, 352, 353, 354, 355, 356, 357, 358, 359, 364, 368, 369, 370, 371, 372, 373, 374, 378, 379, 380, 381, 382, 383, 384, 385, 386, 387, 388, 389, 390, 391, 395, 396, 397, 398, 399, 405, 410, 411, 412, 414, 415, 417, 418, 419, 420, 421, 422, 423, 424, 425, 426, 428, 433, 434, 435, 440, 441, 442, 443, 444, 445, 456, 457, 458, 463, 464], "excluded_lines": []}}}, "rev/tools/utils.py": {"executed_lines": [3, 5, 6, 7, 8, 9, 10, 11, 12, 13, 15, 16, 20, 21, 23, 24, 25, 28, 31, 49, 71, 91, 116, 168], "summary": {"covered_lines": 23, "num_statements": 60, "percent_covered": 38.333333333333336, "percent_covered_display": "38.33", "missing_lines": 37, "excluded_lines": 0, "percent_statements_covered": 38.333333333333336, "percent_statements_covered_display": "38.33"}, "missing_lines": [17, 18, 22, 43, 44, 45, 46, 59, 80, 81, 82, 87, 88, 100, 101, 103, 104, 105, 106, 112, 113, 128, 129, 130, 134, 147, 155, 157, 158, 160, 164, 165, 174, 175, 187, 188, 189], "excluded_lines": [], "functions": {"_safe_path": {"executed_lines": [], "summary": {"covered_lines": 0, "num_statements": 4, "percent_covered": 0.0, "percent_covered_display": "0.00", "missing_lines": 4, "excluded_lines": 0, "percent_statements_covered": 0.0, "percent_statements_covered_display": "0.00"}, "missing_lines": [43, 44, 45, 46], "excluded_lines": []}, "_run_shell": {"executed_lines": [], "summary": {"covered_lines": 0, "num_statements": 1, "percent_covered": 0.0, "percent_covered_display": "0.00", "missing_lines": 1, "excluded_lines": 0, "percent_statements_covered": 0.0, "percent_statements_covered_display": "0.00"}, "missing_lines": [59], "excluded_lines": []}, "install_package": {"executed_lines": [], "summary": {"covered_lines": 0, "num_statements": 5, "percent_covered": 0.0, "percent_covered_display": "0.00", "missing_lines": 5, "excluded_lines": 0, "percent_statements_covered": 0.0, "percent_statements_covered_display": "0.00"}, "missing_lines": [80, 81, 82, 87, 88], "excluded_lines": []}, "web_fetch": {"executed_lines": [], "summary": {"covered_lines": 0, "num_statements": 8, "percent_covered": 0.0, "percent_covered_display": "0.00", "missing_lines": 8, "excluded_lines": 0, "percent_statements_covered": 0.0, "percent_statements_covered_display": "0.00"}, "missing_lines": [100, 101, 103, 104, 105, 106, 112, 113], "excluded_lines": []}, "execute_python": {"executed_lines": [], "summary": {"covered_lines": 0, "num_statements": 11, "percent_covered": 0.0, "percent_covered_display": "0.00", "missing_lines": 11, "excluded_lines": 0, "percent_statements_covered": 0.0, "percent_statements_covered_display": "0.00"}, "missing_lines": [128, 129, 130, 134, 147, 155, 157, 158, 160, 164, 165], "excluded_lines": []}, "get_system_info": {"executed_lines": [], "summary": {"covered_lines": 0, "num_statements": 5, "percent_covered": 0.0, "percent_covered_display": "0.00", "missing_lines": 5, "excluded_lines": 0, "percent_statements_covered": 0.0, "percent_statements_covered_display": "0.00"}, "missing_lines": [174, 175, 187, 188, 189], "excluded_lines": []}, "": {"executed_lines": [3, 5, 6, 7, 8, 9, 10, 11, 12, 13, 15, 16, 20, 21, 23, 24, 25, 28, 31, 49, 71, 91, 116, 168], "summary": {"covered_lines": 23, "num_statements": 26, "percent_covered": 88.46153846153847, "percent_covered_display": "88.46", "missing_lines": 3, "excluded_lines": 0, "percent_statements_covered": 88.46153846153847, "percent_statements_covered_display": "88.46"}, "missing_lines": [17, 18, 22], "excluded_lines": []}}, "classes": {"": {"executed_lines": [3, 5, 6, 7, 8, 9, 10, 11, 12, 13, 15, 16, 20, 21, 23, 24, 25, 28, 31, 49, 71, 91, 116, 168], "summary": {"covered_lines": 23, "num_statements": 60, "percent_covered": 38.333333333333336, "percent_covered_display": "38.33", "missing_lines": 37, "excluded_lines": 0, "percent_statements_covered": 38.333333333333336, "percent_statements_covered_display": "38.33"}, "missing_lines": [17, 18, 22, 43, 44, 45, 46, 59, 80, 81, 82, 87, 88, 100, 101, 103, 104, 105, 106, 112, 113, 128, 129, 130, 134, 147, 155, 157, 158, 160, 164, 165, 174, 175, 187, 188, 189], "excluded_lines": []}}}}, "totals": {"covered_lines": 1952, "num_statements": 8866, "percent_covered": 22.01669298443492, "percent_covered_display": "22.02", "missing_lines": 6914, "excluded_lines": 42, "percent_statements_covered": 22.01669298443492, "percent_statements_covered_display": "22.02"}}